<?xml version="1.0" encoding="UTF-8"?>
<!-- Generated by org.testng.reporters.JUnitXMLReporter -->
<testsuite ignored="0" hostname="sarasvati-Precision-Tower-3420" failures="0" tests="2" name="Test" time="152.316" errors="0" timestamp="2023-05-26T16:34:35 IST">
  <testcase classname="com.servicepoints.testCases.TC44_VerifyClientAbleToChangeDisputeSolutionAfterRaisingDispute" name="submitAndAcceptQuotation" time="69.629"/>
  <testcase classname="com.servicepoints.testCases.TC44_VerifyClientAbleToChangeDisputeSolutionAfterRaisingDispute" name="verifyOpenDispute" time="76.64"/>
</testsuite> <!-- Test -->
