<?xml version="1.0" encoding="UTF-8"?>
<!-- Generated by org.testng.reporters.JUnitXMLReporter -->
<testsuite ignored="6" hostname="sarasvati-Precision-Tower-3420" failures="1" tests="1" name="Test" time="29.676" errors="0" timestamp="2023-05-25T19:06:39 IST">
  <testcase classname="com.servicepoints.testCases.TC40_VerifyMergeBreakOrderForDisputeTest" name="verifyDisputeIsStillOpenFromClientSide" time="24.393">
    <failure type="org.openqa.selenium.ElementClickInterceptedException" message="element click intercepted: Element is not clickable at point (1699, -20)
  (Session info: chrome=111.0.5563.64)
Build info: version: &amp;apos;3.141.59&amp;apos;, revision: &amp;apos;e82be7d358&amp;apos;, time: &amp;apos;2018-11-14T08:17:03&amp;apos;
System info: host: &amp;apos;sarasvati-Precision-Tower-3420&amp;apos;, ip: &amp;apos;127.0.1.1&amp;apos;, os.name: &amp;apos;Linux&amp;apos;, os.arch: &amp;apos;amd64&amp;apos;, os.version: &amp;apos;5.15.0-72-generic&amp;apos;, java.version: &amp;apos;17.0.5&amp;apos;
Driver info: org.openqa.selenium.chrome.ChromeDriver
Capabilities {acceptInsecureCerts: false, browserName: chrome, browserVersion: 111.0.5563.64, chrome: {chromedriverVersion: 111.0.5563.64 (c710e93d5b63..., userDataDir: /tmp/.com.google.Chrome.b1kSq0}, goog:chromeOptions: {debuggerAddress: localhost:42541}, javascriptEnabled: true, networkConnectionEnabled: false, pageLoadStrategy: normal, platform: LINUX, platformName: LINUX, proxy: Proxy(), setWindowRect: true, strictFileInteractability: false, timeouts: {implicit: 0, pageLoad: 300000, script: 30000}, unhandledPromptBehavior: dismiss and notify, webauthn:extension:credBlob: true, webauthn:extension:largeBlob: true, webauthn:extension:minPinLength: true, webauthn:extension:prf: true, webauthn:virtualAuthenticators: true}
Session ID: da1cede363c1052fe4a98d0e54ebf5a4">
      <![CDATA[org.openqa.selenium.ElementClickInterceptedException: element click intercepted: Element is not clickable at point (1699, -20)
  (Session info: chrome=111.0.5563.64)
Build info: version: '3.141.59', revision: 'e82be7d358', time: '2018-11-14T08:17:03'
System info: host: 'sarasvati-Precision-Tower-3420', ip: '127.0.1.1', os.name: 'Linux', os.arch: 'amd64', os.version: '5.15.0-72-generic', java.version: '17.0.5'
Driver info: org.openqa.selenium.chrome.ChromeDriver
Capabilities {acceptInsecureCerts: false, browserName: chrome, browserVersion: 111.0.5563.64, chrome: {chromedriverVersion: 111.0.5563.64 (c710e93d5b63..., userDataDir: /tmp/.com.google.Chrome.b1kSq0}, goog:chromeOptions: {debuggerAddress: localhost:42541}, javascriptEnabled: true, networkConnectionEnabled: false, pageLoadStrategy: normal, platform: LINUX, platformName: LINUX, proxy: Proxy(), setWindowRect: true, strictFileInteractability: false, timeouts: {implicit: 0, pageLoad: 300000, script: 30000}, unhandledPromptBehavior: dismiss and notify, webauthn:extension:credBlob: true, webauthn:extension:largeBlob: true, webauthn:extension:minPinLength: true, webauthn:extension:prf: true, webauthn:virtualAuthenticators: true}
Session ID: da1cede363c1052fe4a98d0e54ebf5a4
at org.openqa.selenium.remote.http.W3CHttpResponseCodec.createException(W3CHttpResponseCodec.java:187)
at org.openqa.selenium.remote.http.W3CHttpResponseCodec.decode(W3CHttpResponseCodec.java:122)
at org.openqa.selenium.remote.http.W3CHttpResponseCodec.decode(W3CHttpResponseCodec.java:49)
at org.openqa.selenium.remote.HttpCommandExecutor.execute(HttpCommandExecutor.java:158)
at org.openqa.selenium.remote.service.DriverCommandExecutor.execute(DriverCommandExecutor.java:83)
at org.openqa.selenium.remote.RemoteWebDriver.execute(RemoteWebDriver.java:552)
at org.openqa.selenium.remote.RemoteWebElement.execute(RemoteWebElement.java:285)
at org.openqa.selenium.remote.RemoteWebElement.click(RemoteWebElement.java:84)
at org.openqa.selenium.support.pagefactory.internal.LocatingElementHandler.invoke(LocatingElementHandler.java:51)
at jdk.proxy2/jdk.proxy2.$Proxy28.click(Unknown Source)
at com.servicepoints.PageObjects.ClientOrdersPage.clickOnEachDivForDisputeVerification(ClientOrdersPage.java:241)
at com.servicepoints.testCases.TC40_VerifyMergeBreakOrderForDisputeTest.verifyDisputeIsStillOpenFromClientSide(TC40_VerifyMergeBreakOrderForDisputeTest.java:555)
at java.base/java.util.ArrayList.forEach(ArrayList.java:1511)
... Removed 36 stack frames]]>
    </failure>
  </testcase> <!-- verifyDisputeIsStillOpenFromClientSide -->
  <testcase classname="com.servicepoints.testCases.TC40_VerifyMergeBreakOrderForDisputeTest" name="verifyRequotation" time="0.0">
    <ignored/>
  </testcase> <!-- verifyRequotation -->
  <testcase classname="com.servicepoints.testCases.TC40_VerifyMergeBreakOrderForDisputeTest" name="acceptRequoteQuotation" time="0.0">
    <ignored/>
  </testcase> <!-- acceptRequoteQuotation -->
  <testcase classname="com.servicepoints.testCases.TC40_VerifyMergeBreakOrderForDisputeTest" name="submitAndAcceptQuotation" time="0.0">
    <ignored/>
  </testcase> <!-- submitAndAcceptQuotation -->
  <testcase classname="com.servicepoints.testCases.TC40_VerifyMergeBreakOrderForDisputeTest" name="verifyDisputeIsStillOpenFromAgentSide" time="0.0">
    <ignored/>
  </testcase> <!-- verifyDisputeIsStillOpenFromAgentSide -->
  <testcase classname="com.servicepoints.testCases.TC40_VerifyMergeBreakOrderForDisputeTest" name="verifyAcceptDispute" time="0.0">
    <ignored/>
  </testcase> <!-- verifyAcceptDispute -->
  <testcase classname="com.servicepoints.testCases.TC40_VerifyMergeBreakOrderForDisputeTest" name="verifyOpenDispute" time="0.0">
    <ignored/>
  </testcase> <!-- verifyOpenDispute -->
</testsuite> <!-- Test -->
