<?xml version="1.0" encoding="UTF-8"?>
<!-- Generated by org.testng.reporters.JUnitXMLReporter -->
<testsuite ignored="0" hostname="sarasvati-Precision-Tower-3420" failures="0" tests="3" name="Test" time="414.22" errors="0" timestamp="2023-06-14T15:46:45 IST">
  <testcase classname="com.servicepoints.testCases.TC33_VerifyPaymentPendingOrderOffTest" name="verifyPaymentPendingOrder" time="150.482"/>
  <testcase classname="com.servicepoints.testCases.TC34_VerifyPaymentPendingOrderOnTest" name="verifySecondProductStatus" time="114.703"/>
  <testcase classname="com.servicepoints.testCases.TC35_VerifyPaymentPendingOrderForAddressError" name="verifyPaymentPendingOrderForAddressError" time="134.677"/>
</testsuite> <!-- Test -->
