<?xml version="1.0" encoding="UTF-8"?>
<!-- Generated by org.testng.reporters.JUnitXMLReporter -->
<testsuite ignored="0" hostname="sarasvati-Precision-Tower-3420" failures="0" tests="6" name="Test" time="348.124" errors="0" timestamp="2023-07-11T16:57:57 IST">
  <testcase classname="com.servicepoints.testCases.TC61_VerifyChangeDiscountWithRefundFunctionality" name="submitAndAcceptQuotation" time="58.161"/>
  <testcase classname="com.servicepoints.testCases.TC61_VerifyChangeDiscountWithRefundFunctionality" name="verifyAddTrackingOnProduct" time="66.299"/>
  <testcase classname="com.servicepoints.testCases.TC61_VerifyChangeDiscountWithRefundFunctionality" name="raiseRefundDispute" time="58.602"/>
  <testcase classname="com.servicepoints.testCases.TC61_VerifyChangeDiscountWithRefundFunctionality" name="verifyAddingDiscount" time="73.912"/>
  <testcase classname="com.servicepoints.testCases.TC61_VerifyChangeDiscountWithRefundFunctionality" name="raiseRefundDisputeAgain" time="57.378"/>
  <testcase classname="com.servicepoints.testCases.TC61_VerifyChangeDiscountWithRefundFunctionality" name="verifyDiscountFromClientSide" time="29.541"/>
</testsuite> <!-- Test -->
