<?xml version="1.0" encoding="UTF-8"?>
<!-- Generated by org.testng.reporters.JUnitXMLReporter -->
<testsuite ignored="4" hostname="sarasvati-Precision-Tower-3420" failures="0" tests="1" name="Test" time="32.997" errors="0" timestamp="2023-06-07T14:47:05 IST">
  <testcase classname="com.servicepoints.testCases.TC48_VerifyDisputeCantBeReopenForTheStatusCancelled" name="verifyReopeningOfDeclinedDispute" time="27.327"/>
  <testcase classname="com.servicepoints.testCases.TC48_VerifyDisputeCantBeReopenForTheStatusCancelled" name="submitAndAcceptQuotation" time="0.0">
    <ignored/>
  </testcase> <!-- submitAndAcceptQuotation -->
  <testcase classname="com.servicepoints.testCases.TC48_VerifyDisputeCantBeReopenForTheStatusCancelled" name="verifyCancelOrder" time="0.0">
    <ignored/>
  </testcase> <!-- verifyCancelOrder -->
  <testcase classname="com.servicepoints.testCases.TC48_VerifyDisputeCantBeReopenForTheStatusCancelled" name="verifyOpenDisputeAndDeclined" time="0.0">
    <ignored/>
  </testcase> <!-- verifyOpenDisputeAndDeclined -->
  <testcase classname="com.servicepoints.testCases.TC48_VerifyDisputeCantBeReopenForTheStatusCancelled" name="verifyOpenDisputeAgainAndAccept" time="0.0">
    <ignored/>
  </testcase> <!-- verifyOpenDisputeAgainAndAccept -->
</testsuite> <!-- Test -->
