<?xml version="1.0" encoding="UTF-8"?>
<!-- Generated by org.testng.reporters.JUnitXMLReporter -->
<testsuite ignored="0" hostname="sarasvati-Precision-Tower-3420" failures="0" tests="2" name="Test" time="107.579" errors="0" timestamp="2023-05-03T17:57:00 IST">
  <testcase classname="com.servicepoints.testCases.TC19_VerifyOpenDisputFunction" name="verifyOpenDisputeTest" time="29.028"/>
  <testcase classname="com.servicepoints.testCases.TC20_VerifyAcceptDispute" name="verifyAcceptDisputeTest" time="60.363"/>
</testsuite> <!-- Test -->
