<?xml version="1.0" encoding="UTF-8"?>
<!-- Generated by org.testng.reporters.JUnitXMLReporter -->
<testsuite ignored="0" hostname="sarasvati-Precision-Tower-3420" failures="1" tests="1" name="Testng" time="31.447" errors="0" timestamp="2023-04-07T17:15:07 IST">
  <testcase classname="com.servicepoints.testCases.TC07_VerifyAddAgentSupBySup" name="verifyAddAgent" time="23.94">
    <failure type="java.lang.AssertionError" message="expected [true] but found [false]">
      <![CDATA[java.lang.AssertionError: expected [true] but found [false]
at com.servicepoints.testCases.TC07_VerifyAddAgentSupBySup.verifyAddAgent(TC07_VerifyAddAgentSupBySup.java:72)
at java.base/java.util.ArrayList.forEach(ArrayList.java:1511)
... Removed 31 stack frames]]>
    </failure>
  </testcase> <!-- verifyAddAgent -->
</testsuite> <!-- Testng -->
