<?xml version="1.0" encoding="UTF-8"?>
<!-- Generated by org.testng.reporters.JUnitXMLReporter -->
<testsuite ignored="0" hostname="sarasvati-Precision-Tower-3420" failures="0" tests="10" name="Test" time="583.781" errors="0" timestamp="2023-06-27T09:35:08 IST">
  <testcase classname="com.servicepoints.testCases.TC60_VerifyChangeDiscountWithResendAndRefundFunctionality" name="submitAndAcceptQuotation" time="59.826"/>
  <testcase classname="com.servicepoints.testCases.TC60_VerifyChangeDiscountWithResendAndRefundFunctionality" name="verifyAddTrackingOnProduct" time="56.525"/>
  <testcase classname="com.servicepoints.testCases.TC60_VerifyChangeDiscountWithResendAndRefundFunctionality" name="raiseResendDispute" time="64.155"/>
  <testcase classname="com.servicepoints.testCases.TC60_VerifyChangeDiscountWithResendAndRefundFunctionality" name="verifyAddTrackingOnProductAgain" time="52.39"/>
  <testcase classname="com.servicepoints.testCases.TC60_VerifyChangeDiscountWithResendAndRefundFunctionality" name="verifyAddingDiscount" time="75.439"/>
  <testcase classname="com.servicepoints.testCases.TC60_VerifyChangeDiscountWithResendAndRefundFunctionality" name="raiseRefundDispute" time="62.642"/>
  <testcase classname="com.servicepoints.testCases.TC60_VerifyChangeDiscountWithResendAndRefundFunctionality" name="raiseRefundDispute" time="63.922"/>
  <testcase classname="com.servicepoints.testCases.TC60_VerifyChangeDiscountWithResendAndRefundFunctionality" name="raiseRefundDispute" time="63.589"/>
  <testcase classname="com.servicepoints.testCases.TC60_VerifyChangeDiscountWithResendAndRefundFunctionality" name="verifyDiscountFromClientSide" time="54.903"/>
  <testcase classname="com.servicepoints.testCases.TC60_VerifyChangeDiscountWithResendAndRefundFunctionality" name="verifyAddingDiscountOnRemainingVariants" time="25.907"/>
</testsuite> <!-- Test -->
