<?xml version="1.0" encoding="UTF-8"?>
<!-- Generated by org.testng.reporters.JUnitXMLReporter -->
<testsuite ignored="0" hostname="sarasvati-Precision-Tower-3420" failures="0" tests="2" name="Test" time="461.246" errors="0" timestamp="2023-05-29T13:28:04 IST">
  <testcase classname="com.servicepoints.testCases.TC45_VerifyDisputeIsInOpenStateWhenClientSendsMsgOnDeclinedDispute" name="submitAndAcceptQuotation" time="64.065"/>
  <testcase classname="com.servicepoints.testCases.TC45_VerifyDisputeIsInOpenStateWhenClientSendsMsgOnDeclinedDispute" name="verifyOpenDispute" time="391.414"/>
</testsuite> <!-- Test -->
