<?xml version="1.0" encoding="UTF-8"?>
<!-- Generated by org.testng.reporters.JUnitXMLReporter -->
<testsuite ignored="3" hostname="sarasvati-Precision-Tower-3420" failures="1" tests="1" name="Test" time="37.14" errors="0" timestamp="2023-06-01T19:09:44 IST">
  <testcase classname="com.servicepoints.testCases.TC52_VerifyOpenDisputeAfterSupplierAskForPriceChange" name="verifyByClient" time="31.942">
    <failure type="org.openqa.selenium.ElementClickInterceptedException" message="element click intercepted: Element is not clickable at point (1699, -18)
  (Session info: chrome=111.0.5563.64)
Build info: version: &amp;apos;3.141.59&amp;apos;, revision: &amp;apos;e82be7d358&amp;apos;, time: &amp;apos;2018-11-14T08:17:03&amp;apos;
System info: host: &amp;apos;sarasvati-Precision-Tower-3420&amp;apos;, ip: &amp;apos;127.0.1.1&amp;apos;, os.name: &amp;apos;Linux&amp;apos;, os.arch: &amp;apos;amd64&amp;apos;, os.version: &amp;apos;5.15.0-72-generic&amp;apos;, java.version: &amp;apos;17.0.5&amp;apos;
Driver info: org.openqa.selenium.chrome.ChromeDriver
Capabilities {acceptInsecureCerts: false, browserName: chrome, browserVersion: 111.0.5563.64, chrome: {chromedriverVersion: 111.0.5563.64 (c710e93d5b63..., userDataDir: /tmp/.com.google.Chrome.X99Dpm}, goog:chromeOptions: {debuggerAddress: localhost:46289}, javascriptEnabled: true, networkConnectionEnabled: false, pageLoadStrategy: normal, platform: LINUX, platformName: LINUX, proxy: Proxy(), setWindowRect: true, strictFileInteractability: false, timeouts: {implicit: 0, pageLoad: 300000, script: 30000}, unhandledPromptBehavior: dismiss and notify, webauthn:extension:credBlob: true, webauthn:extension:largeBlob: true, webauthn:extension:minPinLength: true, webauthn:extension:prf: true, webauthn:virtualAuthenticators: true}
Session ID: fbf734fb3342cc78222f69c1e8950262">
      <![CDATA[org.openqa.selenium.ElementClickInterceptedException: element click intercepted: Element is not clickable at point (1699, -18)
  (Session info: chrome=111.0.5563.64)
Build info: version: '3.141.59', revision: 'e82be7d358', time: '2018-11-14T08:17:03'
System info: host: 'sarasvati-Precision-Tower-3420', ip: '127.0.1.1', os.name: 'Linux', os.arch: 'amd64', os.version: '5.15.0-72-generic', java.version: '17.0.5'
Driver info: org.openqa.selenium.chrome.ChromeDriver
Capabilities {acceptInsecureCerts: false, browserName: chrome, browserVersion: 111.0.5563.64, chrome: {chromedriverVersion: 111.0.5563.64 (c710e93d5b63..., userDataDir: /tmp/.com.google.Chrome.X99Dpm}, goog:chromeOptions: {debuggerAddress: localhost:46289}, javascriptEnabled: true, networkConnectionEnabled: false, pageLoadStrategy: normal, platform: LINUX, platformName: LINUX, proxy: Proxy(), setWindowRect: true, strictFileInteractability: false, timeouts: {implicit: 0, pageLoad: 300000, script: 30000}, unhandledPromptBehavior: dismiss and notify, webauthn:extension:credBlob: true, webauthn:extension:largeBlob: true, webauthn:extension:minPinLength: true, webauthn:extension:prf: true, webauthn:virtualAuthenticators: true}
Session ID: fbf734fb3342cc78222f69c1e8950262
at org.openqa.selenium.remote.http.W3CHttpResponseCodec.createException(W3CHttpResponseCodec.java:187)
at org.openqa.selenium.remote.http.W3CHttpResponseCodec.decode(W3CHttpResponseCodec.java:122)
at org.openqa.selenium.remote.http.W3CHttpResponseCodec.decode(W3CHttpResponseCodec.java:49)
at org.openqa.selenium.remote.HttpCommandExecutor.execute(HttpCommandExecutor.java:158)
at org.openqa.selenium.remote.service.DriverCommandExecutor.execute(DriverCommandExecutor.java:83)
at org.openqa.selenium.remote.RemoteWebDriver.execute(RemoteWebDriver.java:552)
at org.openqa.selenium.remote.RemoteWebElement.execute(RemoteWebElement.java:285)
at org.openqa.selenium.remote.RemoteWebElement.click(RemoteWebElement.java:84)
at com.servicepoints.PageObjects.ClientOrdersPage.clickOnEachDivForDisputeVerification(ClientOrdersPage.java:294)
at com.servicepoints.testCases.TC52_VerifyOpenDisputeAfterSupplierAskForPriceChange.verifyByClient(TC52_VerifyOpenDisputeAfterSupplierAskForPriceChange.java:411)
at java.base/java.util.ArrayList.forEach(ArrayList.java:1511)
... Removed 32 stack frames]]>
    </failure>
  </testcase> <!-- verifyByClient -->
  <testcase classname="com.servicepoints.testCases.TC52_VerifyOpenDisputeAfterSupplierAskForPriceChange" name="verifyAskForPriceChange" time="0.0">
    <ignored/>
  </testcase> <!-- verifyAskForPriceChange -->
  <testcase classname="com.servicepoints.testCases.TC52_VerifyOpenDisputeAfterSupplierAskForPriceChange" name="verifyOpenDispute" time="0.0">
    <ignored/>
  </testcase> <!-- verifyOpenDispute -->
  <testcase classname="com.servicepoints.testCases.TC52_VerifyOpenDisputeAfterSupplierAskForPriceChange" name="submitAndAcceptQuotation" time="0.0">
    <ignored/>
  </testcase> <!-- submitAndAcceptQuotation -->
</testsuite> <!-- Test -->
