<?xml version="1.0" encoding="UTF-8"?>
<!-- Generated by org.testng.reporters.JUnitXMLReporter -->
<testsuite ignored="4" hostname="sarasvati-Precision-Tower-3420" failures="0" tests="2" name="Test" time="102.79" errors="0" timestamp="2023-06-19T16:58:46 IST">
  <testcase classname="com.servicepoints.testCases.TC61_VerifyChangeDiscountWithRefundFunctionality" name="raiseRefundDisputeAgain" time="61.588"/>
  <testcase classname="com.servicepoints.testCases.TC61_VerifyChangeDiscountWithRefundFunctionality" name="verifyDiscountFromClientSide" time="35.581"/>
  <testcase classname="com.servicepoints.testCases.TC61_VerifyChangeDiscountWithRefundFunctionality" name="verifyAddTrackingOnProduct" time="0.0">
    <ignored/>
  </testcase> <!-- verifyAddTrackingOnProduct -->
  <testcase classname="com.servicepoints.testCases.TC61_VerifyChangeDiscountWithRefundFunctionality" name="raiseRefundDispute" time="0.0">
    <ignored/>
  </testcase> <!-- raiseRefundDispute -->
  <testcase classname="com.servicepoints.testCases.TC61_VerifyChangeDiscountWithRefundFunctionality" name="submitAndAcceptQuotation" time="0.0">
    <ignored/>
  </testcase> <!-- submitAndAcceptQuotation -->
  <testcase classname="com.servicepoints.testCases.TC61_VerifyChangeDiscountWithRefundFunctionality" name="verifyAddingDiscount" time="0.0">
    <ignored/>
  </testcase> <!-- verifyAddingDiscount -->
</testsuite> <!-- Test -->
