<?xml version="1.0" encoding="UTF-8"?>
<!-- Generated by org.testng.reporters.JUnitXMLReporter -->
<testsuite ignored="1" hostname="sarasvati-Precision-Tower-3420" failures="0" tests="2" name="Test" time="153.384" errors="0" timestamp="2023-06-13T13:34:23 IST">
  <testcase classname="com.servicepoints.testCases.TC56_VerifyAddDiscountFunctionality" name="submitAndAcceptQuotation" time="59.351"/>
  <testcase classname="com.servicepoints.testCases.TC56_VerifyAddDiscountFunctionality" name="verifyAddTrackingAndResendProduct" time="89.451"/>
  <testcase classname="com.servicepoints.testCases.TC56_VerifyAddDiscountFunctionality" name="verifyDiscountOnClientSide" time="0.0">
    <ignored/>
  </testcase> <!-- verifyDiscountOnClientSide -->
</testsuite> <!-- Test -->
