<?xml version="1.0" encoding="UTF-8"?>
<!-- Generated by org.testng.reporters.JUnitXMLReporter -->
<testsuite ignored="0" hostname="sarasvati-Precision-Tower-3420" failures="1" tests="1" name="Testng" time="23.482" errors="0" timestamp="2023-04-07T14:39:29 IST">
  <testcase classname="com.servicepoints.testCases.TC06_VerifySupplierSignUp" name="verifySupplierSignUp" time="22.25">
    <failure type="java.lang.AssertionError" message="expected [true] but found [false]">
      <![CDATA[java.lang.AssertionError: expected [true] but found [false]
at com.servicepoints.testCases.TC06_VerifySupplierSignUp.verifySupplierSignUp(TC06_VerifySupplierSignUp.java:109)
at java.base/java.util.ArrayList.forEach(ArrayList.java:1511)
... Removed 31 stack frames]]>
    </failure>
  </testcase> <!-- verifySupplierSignUp -->
</testsuite> <!-- Testng -->
