<?xml version="1.0" encoding="UTF-8"?>
<!-- Generated by org.testng.reporters.JUnitXMLReporter -->
<testsuite ignored="0" hostname="sarasvati-Precision-Tower-3420" failures="0" tests="2" name="Test" time="433.997" errors="0" timestamp="2023-06-27T14:51:29 IST">
  <testcase classname="com.servicepoints.testCases.TC46_VerifyDisputeIsInOpenStateForTheOderHasTrackingNum" name="verifyAddTrackingNumberAndReopenDeclinedDispute" time="41.694"/>
  <testcase classname="com.servicepoints.testCases.TC46_VerifyDisputeIsInOpenStateForTheOderHasTrackingNum" name="verifySubmitAndDeclinedDisputeAndReopenIt" time="386.901"/>
</testsuite> <!-- Test -->
