<?xml version="1.0" encoding="UTF-8"?>
<!-- Generated by org.testng.reporters.JUnitXMLReporter -->
<testsuite ignored="0" hostname="sarasvati-Precision-Tower-3420" failures="0" tests="2" name="Test" time="308.973" errors="0" timestamp="2023-07-12T18:52:26 IST">
  <testcase classname="com.servicepoints.testCases.TC26_VerifyRefundAndConversation" name="verifyRefundAndConversation" time="153.381"/>
  <testcase classname="com.servicepoints.testCases.TC27_VerifyAddTrackingAndResend" name="verifyAddTrackingAndResendProduct" time="144.149"/>
</testsuite> <!-- Test -->
