<?xml version="1.0" encoding="UTF-8"?>
<!-- Generated by org.testng.reporters.JUnitXMLReporter -->
<testsuite ignored="0" hostname="sarasvati-Precision-Tower-3420" failures="0" tests="2" name="Test" time="121.375" errors="0" timestamp="2023-06-08T18:53:31 IST">
  <testcase classname="com.servicepoints.testCases.TC56_VerifyAddDiscountFunctionality" name="submitAndAcceptQuotation" time="59.281"/>
  <testcase classname="com.servicepoints.testCases.TC56_VerifyAddDiscountFunctionality" name="verifyAddTrackingAndResendProduct" time="57.859"/>
</testsuite> <!-- Test -->
