<?xml version="1.0" encoding="UTF-8"?>
<!-- Generated by org.testng.reporters.JUnitXMLReporter -->
<testsuite ignored="0" hostname="sarasvati-Precision-Tower-3420" failures="0" tests="5" name="Test" time="252.204" errors="0" timestamp="2023-07-07T15:37:55 IST">
  <testcase classname="com.servicepoints.testCases.TC68_VerifyAskForPriceChangeFunctionFromSupportAndTeamleaderSide" name="submitAndAcceptQuotation" time="70.919"/>
  <testcase classname="com.servicepoints.testCases.TC68_VerifyAskForPriceChangeFunctionFromSupportAndTeamleaderSide" name="verifySubmitingAskForPriceChange" time="43.804"/>
  <testcase classname="com.servicepoints.testCases.TC68_VerifyAskForPriceChangeFunctionFromSupportAndTeamleaderSide" name="verifyClientAcceptedTheNewPrice" time="40.338"/>
  <testcase classname="com.servicepoints.testCases.TC68_VerifyAskForPriceChangeFunctionFromSupportAndTeamleaderSide" name="verifyDisableQuotationFromSupplier" time="37.279"/>
  <testcase classname="com.servicepoints.testCases.TC68_VerifyAskForPriceChangeFunctionFromSupportAndTeamleaderSide" name="verifyAcceptingNewQuotation" time="55.69"/>
</testsuite> <!-- Test -->
