<?xml version="1.0" encoding="UTF-8"?>
<!-- Generated by org.testng.reporters.JUnitXMLReporter -->
<testsuite ignored="0" hostname="sarasvati-Precision-Tower-3420" failures="0" tests="2" name="Testng" time="63.613" errors="0" timestamp="2023-04-20T17:41:53 IST">
  <testcase classname="com.servicepoints.testCases.TC21_VerifySpecialRequestFunction" name="verifySpecialRequest" time="24.701"/>
  <testcase classname="com.servicepoints.testCases.TC22_VerifyCloseSpecialRequestFunction" name="verifyCloseSpecialRequest" time="28.892"/>
</testsuite> <!-- Testng -->
