<?xml version="1.0" encoding="UTF-8"?>
<!-- Generated by org.testng.reporters.JUnitXMLReporter -->
<testsuite ignored="0" hostname="sarasvati-Precision-Tower-3420" failures="0" tests="9" name="Test" time="589.625" errors="0" timestamp="2023-05-03T15:22:28 IST">
  <testcase classname="com.servicepoints.testCases.TC11_VerifySubmitQuoteTest" name="verifySubmitQuoteTest" time="34.643"/>
  <testcase classname="com.servicepoints.testCases.TC12_VerifyAcceptQuotationTest" name="verifyAcceptQuoteTest" time="33.039"/>
  <testcase classname="com.servicepoints.testCases.TC14_VerifyExcludeFunctionTest" name="verifyExcludeQuotationTest" time="31.502"/>
  <testcase classname="com.servicepoints.testCases.TC15_verifyAskForPriceChange" name="verifyAskForPriceChange" time="81.853"/>
  <testcase classname="com.servicepoints.testCases.TC16_VerifyUpdateDeleteQuotation" name="verifyUpdateDeleteQuotation" time="123.333"/>
  <testcase classname="com.servicepoints.testCases.TC18_VerifyOpenDisputFunction" name="verifyOpenDisputeTest" time="31.779"/>
  <testcase classname="com.servicepoints.testCases.TC19_VerifyAcceptDispute" name="verifyAcceptDisputeTest" time="53.752"/>
  <testcase classname="com.servicepoints.testCases.TC20_VerifyOpenAcceptDisputeForOtherIssue" name="verifyOpenAcceptOtherDsp" time="73.85"/>
  <testcase classname="com.servicepoints.testCases.TC21_VerifyDeclinedDisputeFunction" name="verifyDeclinedDisputeTest" time="76.032"/>
</testsuite> <!-- Test -->
