<?xml version="1.0" encoding="UTF-8"?>
<!-- Generated by org.testng.reporters.JUnitXMLReporter -->
<testsuite ignored="0" hostname="sarasvati-Precision-Tower-3420" failures="0" tests="4" name="Test" time="209.151" errors="0" timestamp="2023-07-03T15:34:01 IST">
  <testcase classname="com.servicepoints.testCases.TC65_VerifyProductPageOnSupportAndTeamleadSide" name="submitAndAcceptQuotation" time="68.908"/>
  <testcase classname="com.servicepoints.testCases.TC65_VerifyProductPageOnSupportAndTeamleadSide" name="requoteQuoteByClient" time="48.252"/>
  <testcase classname="com.servicepoints.testCases.TC65_VerifyProductPageOnSupportAndTeamleadSide" name="supplierSubmitQuotationAgain" time="42.15"/>
  <testcase classname="com.servicepoints.testCases.TC65_VerifyProductPageOnSupportAndTeamleadSide" name="acceptQuotationFromTeamlead" time="44.547"/>
</testsuite> <!-- Test -->
