<?xml version="1.0" encoding="UTF-8"?>
<!-- Generated by org.testng.reporters.JUnitXMLReporter -->
<testsuite ignored="0" hostname="sarasvati-Precision-Tower-3420" failures="1" tests="1" name="Testng" time="28.609" errors="0" timestamp="2023-04-11T18:57:47 IST">
  <testcase classname="com.servicepoints.testCases.TC08_VerifyAddingNewStore" name="verifyAddStore" time="21.578">
    <failure type="junit.framework.AssertionFailedError">
      <![CDATA[junit.framework.AssertionFailedError
at junit.framework.Assert.fail(Assert.java:47)
at junit.framework.Assert.assertTrue(Assert.java:20)
at junit.framework.Assert.assertTrue(Assert.java:27)
at com.servicepoints.testCases.TC08_VerifyAddingNewStore.verifyAddStore(TC08_VerifyAddingNewStore.java:51)
at java.base/java.util.ArrayList.forEach(ArrayList.java:1511)
... Removed 27 stack frames]]>
    </failure>
  </testcase> <!-- verifyAddStore -->
</testsuite> <!-- Testng -->
