<?xml version="1.0" encoding="UTF-8"?>
<!-- Generated by org.testng.reporters.JUnitXMLReporter -->
<testsuite ignored="0" hostname="sarasvati-Precision-Tower-3420" failures="0" tests="2" name="Test" time="94.155" errors="0" timestamp="2023-07-12T13:19:50 IST">
  <testcase classname="com.servicepoints.testCases.TC29_VerifySpecialRequestFunction" name="verifySpecialRequestTest" time="26.488"/>
  <testcase classname="com.servicepoints.testCases.TC30_VerifyCloseSpecialRequestFunction" name="verifyCloseSpecialRequest" time="60.845"/>
</testsuite> <!-- Test -->
