<?xml version="1.0" encoding="UTF-8"?>
<!-- Generated by org.testng.reporters.JUnitXMLReporter -->
<testsuite ignored="0" hostname="sarasvati-Precision-Tower-3420" failures="2" tests="7" name="Test" time="385.22" errors="0" timestamp="2023-06-16T18:20:11 IST">
  <testcase classname="com.servicepoints.testCases.TC59_VerifySupplierShouldAbleToChangeTheDiscount" name="submitAndAcceptQuotation" time="65.234"/>
  <testcase classname="com.servicepoints.testCases.TC59_VerifySupplierShouldAbleToChangeTheDiscount" name="verifyAddTrackingOnProduct" time="58.181"/>
  <testcase classname="com.servicepoints.testCases.TC59_VerifySupplierShouldAbleToChangeTheDiscount" name="verifyAddingDiscount" time="78.498">
    <failure type="org.openqa.selenium.InvalidSelectorException" message="invalid selector: Unable to locate an element with the xpath expression div[id=&amp;apos;discountModelContent&amp;apos;] span[aria-hidden=&amp;apos;true&amp;apos;] because of the following error:
SyntaxError: Failed to execute &amp;apos;evaluate&amp;apos; on &amp;apos;Document&amp;apos;: The string &amp;apos;div[id=&amp;apos;discountModelContent&amp;apos;] span[aria-hidden=&amp;apos;true&amp;apos;]&amp;apos; is not a valid XPath expression.
  (Session info: chrome=114.0.5735.106)
For documentation on this error, please visit: https://www.seleniumhq.org/exceptions/invalid_selector_exception.html
Build info: version: &amp;apos;3.141.59&amp;apos;, revision: &amp;apos;e82be7d358&amp;apos;, time: &amp;apos;2018-11-14T08:17:03&amp;apos;
System info: host: &amp;apos;sarasvati-Precision-Tower-3420&amp;apos;, ip: &amp;apos;127.0.1.1&amp;apos;, os.name: &amp;apos;Linux&amp;apos;, os.arch: &amp;apos;amd64&amp;apos;, os.version: &amp;apos;5.15.0-73-generic&amp;apos;, java.version: &amp;apos;17.0.5&amp;apos;
Driver info: org.openqa.selenium.chrome.ChromeDriver
Capabilities {acceptInsecureCerts: false, browserName: chrome, browserVersion: 114.0.5735.106, chrome: {chromedriverVersion: 114.0.5735.90 (386bc09e8f4f..., userDataDir: /tmp/.com.google.Chrome.mXd1We}, goog:chromeOptions: {debuggerAddress: localhost:39329}, javascriptEnabled: true, networkConnectionEnabled: false, pageLoadStrategy: normal, platform: LINUX, platformName: LINUX, proxy: Proxy(), setWindowRect: true, strictFileInteractability: false, timeouts: {implicit: 0, pageLoad: 300000, script: 30000}, unhandledPromptBehavior: dismiss and notify, webauthn:extension:credBlob: true, webauthn:extension:largeBlob: true, webauthn:extension:minPinLength: true, webauthn:extension:prf: true, webauthn:virtualAuthenticators: true}
Session ID: 14eaf960904c017210875f03c73f969e
*** Element info: {Using=xpath, value=div[id=&amp;apos;discountModelContent&amp;apos;] span[aria-hidden=&amp;apos;true&amp;apos;]}">
      <![CDATA[org.openqa.selenium.InvalidSelectorException: invalid selector: Unable to locate an element with the xpath expression div[id='discountModelContent'] span[aria-hidden='true'] because of the following error:
SyntaxError: Failed to execute 'evaluate' on 'Document': The string 'div[id='discountModelContent'] span[aria-hidden='true']' is not a valid XPath expression.
  (Session info: chrome=114.0.5735.106)
For documentation on this error, please visit: https://www.seleniumhq.org/exceptions/invalid_selector_exception.html
Build info: version: '3.141.59', revision: 'e82be7d358', time: '2018-11-14T08:17:03'
System info: host: 'sarasvati-Precision-Tower-3420', ip: '127.0.1.1', os.name: 'Linux', os.arch: 'amd64', os.version: '5.15.0-73-generic', java.version: '17.0.5'
Driver info: org.openqa.selenium.chrome.ChromeDriver
Capabilities {acceptInsecureCerts: false, browserName: chrome, browserVersion: 114.0.5735.106, chrome: {chromedriverVersion: 114.0.5735.90 (386bc09e8f4f..., userDataDir: /tmp/.com.google.Chrome.mXd1We}, goog:chromeOptions: {debuggerAddress: localhost:39329}, javascriptEnabled: true, networkConnectionEnabled: false, pageLoadStrategy: normal, platform: LINUX, platformName: LINUX, proxy: Proxy(), setWindowRect: true, strictFileInteractability: false, timeouts: {implicit: 0, pageLoad: 300000, script: 30000}, unhandledPromptBehavior: dismiss and notify, webauthn:extension:credBlob: true, webauthn:extension:largeBlob: true, webauthn:extension:minPinLength: true, webauthn:extension:prf: true, webauthn:virtualAuthenticators: true}
Session ID: 14eaf960904c017210875f03c73f969e
*** Element info: {Using=xpath, value=div[id='discountModelContent'] span[aria-hidden='true']}
at org.openqa.selenium.remote.http.W3CHttpResponseCodec.createException(W3CHttpResponseCodec.java:187)
at org.openqa.selenium.remote.http.W3CHttpResponseCodec.decode(W3CHttpResponseCodec.java:122)
at org.openqa.selenium.remote.http.W3CHttpResponseCodec.decode(W3CHttpResponseCodec.java:49)
at org.openqa.selenium.remote.HttpCommandExecutor.execute(HttpCommandExecutor.java:158)
at org.openqa.selenium.remote.service.DriverCommandExecutor.execute(DriverCommandExecutor.java:83)
at org.openqa.selenium.remote.RemoteWebDriver.execute(RemoteWebDriver.java:552)
at org.openqa.selenium.remote.RemoteWebDriver.findElement(RemoteWebDriver.java:323)
at org.openqa.selenium.remote.RemoteWebDriver.findElementByXPath(RemoteWebDriver.java:428)
at org.openqa.selenium.By$ByXPath.findElement(By.java:353)
at org.openqa.selenium.remote.RemoteWebDriver.findElement(RemoteWebDriver.java:315)
at org.openqa.selenium.support.pagefactory.DefaultElementLocator.findElement(DefaultElementLocator.java:69)
at org.openqa.selenium.support.pagefactory.internal.LocatingElementHandler.invoke(LocatingElementHandler.java:38)
at jdk.proxy2/jdk.proxy2.$Proxy28.click(Unknown Source)
at com.servicepoints.PageObjects.AgentOrdersPage.closeChangedDiscountWin(AgentOrdersPage.java:329)
at com.servicepoints.testCases.TC59_VerifySupplierShouldAbleToChangeTheDiscount.verifyAddingDiscount(TC59_VerifySupplierShouldAbleToChangeTheDiscount.java:352)
at java.base/java.util.ArrayList.forEach(ArrayList.java:1511)
... Removed 32 stack frames]]>
    </failure>
  </testcase> <!-- verifyAddingDiscount -->
  <testcase classname="com.servicepoints.testCases.TC59_VerifySupplierShouldAbleToChangeTheDiscount" name="raiseRefundDispute" time="66.689"/>
  <testcase classname="com.servicepoints.testCases.TC59_VerifySupplierShouldAbleToChangeTheDiscount" name="raiseRefundDispute" time="66.171"/>
  <testcase classname="com.servicepoints.testCases.TC59_VerifySupplierShouldAbleToChangeTheDiscount" name="raiseRefundDispute" time="23.825">
    <failure type="junit.framework.AssertionFailedError">
      <![CDATA[junit.framework.AssertionFailedError
at junit.framework.Assert.fail(Assert.java:47)
at junit.framework.Assert.assertTrue(Assert.java:20)
at junit.framework.Assert.assertTrue(Assert.java:27)
at com.servicepoints.testCases.TC59_VerifySupplierShouldAbleToChangeTheDiscount.raiseRefundDispute(TC59_VerifySupplierShouldAbleToChangeTheDiscount.java:387)
at java.base/java.util.ArrayList.forEach(ArrayList.java:1511)
... Removed 27 stack frames]]>
    </failure>
  </testcase> <!-- raiseRefundDispute -->
  <testcase classname="com.servicepoints.testCases.TC59_VerifySupplierShouldAbleToChangeTheDiscount" name="verifyDiscountFromClientSide" time="20.109"/>
</testsuite> <!-- Test -->
