<?xml version="1.0" encoding="UTF-8"?>
<!-- Generated by org.testng.reporters.JUnitXMLReporter -->
<testsuite ignored="0" hostname="sarasvati-Precision-Tower-3420" failures="0" tests="3" name="Test" time="20.802" errors="0" timestamp="2023-07-12T10:38:18 IST">
  <testcase classname="com.servicepoints.testCases.TC01_AdminLoginTest" name="verifyLoginWithInvalidCredentials" time="5.302"/>
  <testcase classname="com.servicepoints.testCases.TC01_AdminLoginTest" name="adminLoginTest" time="5.691"/>
  <testcase classname="com.servicepoints.testCases.TC01_AdminLoginTest" name="verifyErrorMsgAfterPassingWrongMailId" time="5.716"/>
</testsuite> <!-- Test -->
