<?xml version="1.0" encoding="UTF-8"?>
<!-- Generated by org.testng.reporters.JUnitXMLReporter -->
<testsuite ignored="1" hostname="sarasvati-Precision-Tower-3420" failures="3" tests="17" name="Test" time="1094.936" errors="0" timestamp="2023-06-27T10:57:59 IST">
  <testcase classname="com.servicepoints.testCases.TC40_VerifyMergeBreakOrderForDisputeTest" name="submitAndAcceptQuotation" time="77.11"/>
  <testcase classname="com.servicepoints.testCases.TC40_VerifyMergeBreakOrderForDisputeTest" name="verifyOpenDispute" time="33.353"/>
  <testcase classname="com.servicepoints.testCases.TC40_VerifyMergeBreakOrderForDisputeTest" name="verifyRequotation" time="106.922"/>
  <testcase classname="com.servicepoints.testCases.TC40_VerifyMergeBreakOrderForDisputeTest" name="acceptRequoteQuotation" time="47.251"/>
  <testcase classname="com.servicepoints.testCases.TC40_VerifyMergeBreakOrderForDisputeTest" name="verifyDisputeIsStillOpenFromAgentSide" time="83.184"/>
  <testcase classname="com.servicepoints.testCases.TC40_VerifyMergeBreakOrderForDisputeTest" name="verifyDisputeIsStillOpenFromClientSide" time="50.78"/>
  <testcase classname="com.servicepoints.testCases.TC41_VerifyMergeBreakOrderForNewVariantInDispute" name="verifySubmitAndAcceptQuotation" time="96.49"/>
  <testcase classname="com.servicepoints.testCases.TC41_VerifyMergeBreakOrderForNewVariantInDispute" name="verifyOpenDispute" time="33.325"/>
  <testcase classname="com.servicepoints.testCases.TC41_VerifyMergeBreakOrderForNewVariantInDispute" name="verifyDisputeIsOpenAfterAddingNewVariant" time="26.042"/>
  <testcase classname="com.servicepoints.testCases.TC41_VerifyMergeBreakOrderForNewVariantInDispute" name="verifyDisputeFromClientSide" time="58.713"/>
  <testcase classname="com.servicepoints.testCases.TC42_VerifyMergeBreakOrderForAcceptedDisputeTest" name="submitAndAcceptQuotation" time="69.822"/>
  <testcase classname="com.servicepoints.testCases.TC42_VerifyMergeBreakOrderForAcceptedDisputeTest" name="verifyOpenDispute" time="32.251"/>
  <testcase classname="com.servicepoints.testCases.TC42_VerifyMergeBreakOrderForAcceptedDisputeTest" name="verifyRequotation" time="113.334"/>
  <testcase classname="com.servicepoints.testCases.TC42_VerifyMergeBreakOrderForAcceptedDisputeTest" name="acceptRequoteQuotation" time="44.062"/>
  <testcase classname="com.servicepoints.testCases.TC42_VerifyMergeBreakOrderForAcceptedDisputeTest" name="verifyAcceptDispute" time="71.273">
    <failure type="org.openqa.selenium.NoSuchElementException" message="no such element: Unable to locate element: {&amp;quot;method&amp;quot;:&amp;quot;xpath&amp;quot;,&amp;quot;selector&amp;quot;:&amp;quot;(//span[@class=&amp;apos;btn btn-border btn-block mb-3 &amp;apos;])[1]&amp;quot;}
  (Session info: chrome=114.0.5735.106)
For documentation on this error, please visit: https://www.seleniumhq.org/exceptions/no_such_element.html
Build info: version: &amp;apos;3.141.59&amp;apos;, revision: &amp;apos;e82be7d358&amp;apos;, time: &amp;apos;2018-11-14T08:17:03&amp;apos;
System info: host: &amp;apos;sarasvati-Precision-Tower-3420&amp;apos;, ip: &amp;apos;127.0.1.1&amp;apos;, os.name: &amp;apos;Linux&amp;apos;, os.arch: &amp;apos;amd64&amp;apos;, os.version: &amp;apos;5.15.0-75-generic&amp;apos;, java.version: &amp;apos;17.0.5&amp;apos;
Driver info: org.openqa.selenium.chrome.ChromeDriver
Capabilities {acceptInsecureCerts: false, browserName: chrome, browserVersion: 114.0.5735.106, chrome: {chromedriverVersion: 114.0.5735.90 (386bc09e8f4f..., userDataDir: /tmp/.com.google.Chrome.LDbQkZ}, goog:chromeOptions: {debuggerAddress: localhost:45583}, javascriptEnabled: true, networkConnectionEnabled: false, pageLoadStrategy: normal, platform: LINUX, platformName: LINUX, proxy: Proxy(), setWindowRect: true, strictFileInteractability: false, timeouts: {implicit: 0, pageLoad: 300000, script: 30000}, unhandledPromptBehavior: dismiss and notify, webauthn:extension:credBlob: true, webauthn:extension:largeBlob: true, webauthn:extension:minPinLength: true, webauthn:extension:prf: true, webauthn:virtualAuthenticators: true}
Session ID: 8ba5c559d31b3762e16ac476632b6557
*** Element info: {Using=xpath, value=(//span[@class=&amp;apos;btn btn-border btn-block mb-3 &amp;apos;])[1]}">
      <![CDATA[org.openqa.selenium.NoSuchElementException: no such element: Unable to locate element: {"method":"xpath","selector":"(//span[@class='btn btn-border btn-block mb-3 '])[1]"}
  (Session info: chrome=114.0.5735.106)
For documentation on this error, please visit: https://www.seleniumhq.org/exceptions/no_such_element.html
Build info: version: '3.141.59', revision: 'e82be7d358', time: '2018-11-14T08:17:03'
System info: host: 'sarasvati-Precision-Tower-3420', ip: '127.0.1.1', os.name: 'Linux', os.arch: 'amd64', os.version: '5.15.0-75-generic', java.version: '17.0.5'
Driver info: org.openqa.selenium.chrome.ChromeDriver
Capabilities {acceptInsecureCerts: false, browserName: chrome, browserVersion: 114.0.5735.106, chrome: {chromedriverVersion: 114.0.5735.90 (386bc09e8f4f..., userDataDir: /tmp/.com.google.Chrome.LDbQkZ}, goog:chromeOptions: {debuggerAddress: localhost:45583}, javascriptEnabled: true, networkConnectionEnabled: false, pageLoadStrategy: normal, platform: LINUX, platformName: LINUX, proxy: Proxy(), setWindowRect: true, strictFileInteractability: false, timeouts: {implicit: 0, pageLoad: 300000, script: 30000}, unhandledPromptBehavior: dismiss and notify, webauthn:extension:credBlob: true, webauthn:extension:largeBlob: true, webauthn:extension:minPinLength: true, webauthn:extension:prf: true, webauthn:virtualAuthenticators: true}
Session ID: 8ba5c559d31b3762e16ac476632b6557
*** Element info: {Using=xpath, value=(//span[@class='btn btn-border btn-block mb-3 '])[1]}
at org.openqa.selenium.remote.http.W3CHttpResponseCodec.createException(W3CHttpResponseCodec.java:187)
at org.openqa.selenium.remote.http.W3CHttpResponseCodec.decode(W3CHttpResponseCodec.java:122)
at org.openqa.selenium.remote.http.W3CHttpResponseCodec.decode(W3CHttpResponseCodec.java:49)
at org.openqa.selenium.remote.HttpCommandExecutor.execute(HttpCommandExecutor.java:158)
at org.openqa.selenium.remote.service.DriverCommandExecutor.execute(DriverCommandExecutor.java:83)
at org.openqa.selenium.remote.RemoteWebDriver.execute(RemoteWebDriver.java:552)
at org.openqa.selenium.remote.RemoteWebDriver.findElement(RemoteWebDriver.java:323)
at org.openqa.selenium.remote.RemoteWebDriver.findElementByXPath(RemoteWebDriver.java:428)
at org.openqa.selenium.By$ByXPath.findElement(By.java:353)
at org.openqa.selenium.remote.RemoteWebDriver.findElement(RemoteWebDriver.java:315)
at org.openqa.selenium.support.pagefactory.DefaultElementLocator.findElement(DefaultElementLocator.java:69)
at org.openqa.selenium.support.pagefactory.internal.LocatingElementHandler.invoke(LocatingElementHandler.java:38)
at jdk.proxy2/jdk.proxy2.$Proxy28.getWrappedElement(Unknown Source)
at org.openqa.selenium.remote.internal.WebElementToJsonConverter.apply(WebElementToJsonConverter.java:50)
at java.base/java.util.stream.ReferencePipeline$3$1.accept(ReferencePipeline.java:197)
at java.base/java.util.Spliterators$ArraySpliterator.forEachRemaining(Spliterators.java:992)
at java.base/java.util.stream.AbstractPipeline.copyInto(AbstractPipeline.java:509)
at java.base/java.util.stream.AbstractPipeline.wrapAndCopyInto(AbstractPipeline.java:499)
at java.base/java.util.stream.ReduceOps$ReduceOp.evaluateSequential(ReduceOps.java:921)
at java.base/java.util.stream.AbstractPipeline.evaluate(AbstractPipeline.java:234)
at java.base/java.util.stream.ReferencePipeline.collect(ReferencePipeline.java:682)
at org.openqa.selenium.remote.RemoteWebDriver.executeScript(RemoteWebDriver.java:484)
at com.servicepoints.PageObjects.ClientOrdersPage.scrollTillDspHistory(ClientOrdersPage.java:581)
at com.servicepoints.testCases.TC42_VerifyMergeBreakOrderForAcceptedDisputeTest.verifyAcceptDispute(TC42_VerifyMergeBreakOrderForAcceptedDisputeTest.java:280)
at java.base/java.util.ArrayList.forEach(ArrayList.java:1511)
... Removed 32 stack frames]]>
    </failure>
  </testcase> <!-- verifyAcceptDispute -->
  <testcase classname="com.servicepoints.testCases.TC42_VerifyMergeBreakOrderForAcceptedDisputeTest" name="verifyDisputeIsStillOpenFromAgentSide" time="47.07">
    <failure type="java.lang.IndexOutOfBoundsException" message="Index 0 out of bounds for length 0">
      <![CDATA[java.lang.IndexOutOfBoundsException: Index 0 out of bounds for length 0
at java.base/jdk.internal.util.Preconditions.outOfBounds(Preconditions.java:64)
at java.base/jdk.internal.util.Preconditions.outOfBoundsCheckIndex(Preconditions.java:70)
at java.base/jdk.internal.util.Preconditions.checkIndex(Preconditions.java:266)
at java.base/java.util.Objects.checkIndex(Objects.java:359)
at java.base/java.util.ArrayList.get(ArrayList.java:427)
at org.openqa.selenium.support.pagefactory.internal.LocatingElementListHandler.invoke(LocatingElementListHandler.java:39)
at jdk.proxy2/jdk.proxy2.$Proxy29.get(Unknown Source)
at com.servicepoints.PageObjects.AgentDisputesPage.clickOnEachDisputeAgentSide(AgentDisputesPage.java:203)
at com.servicepoints.testCases.TC42_VerifyMergeBreakOrderForAcceptedDisputeTest.verifyDisputeIsStillOpenFromAgentSide(TC42_VerifyMergeBreakOrderForAcceptedDisputeTest.java:499)
at java.base/java.util.ArrayList.forEach(ArrayList.java:1511)
... Removed 31 stack frames]]>
    </failure>
  </testcase> <!-- verifyDisputeIsStillOpenFromAgentSide -->
  <testcase classname="com.servicepoints.testCases.TC42_VerifyMergeBreakOrderForAcceptedDisputeTest" name="verifyDisputeIsStillOpenFromClientSide" time="80.279">
    <failure type="org.openqa.selenium.ElementNotInteractableException" message="element not interactable
  (Session info: chrome=114.0.5735.106)
Build info: version: &amp;apos;3.141.59&amp;apos;, revision: &amp;apos;e82be7d358&amp;apos;, time: &amp;apos;2018-11-14T08:17:03&amp;apos;
System info: host: &amp;apos;sarasvati-Precision-Tower-3420&amp;apos;, ip: &amp;apos;127.0.1.1&amp;apos;, os.name: &amp;apos;Linux&amp;apos;, os.arch: &amp;apos;amd64&amp;apos;, os.version: &amp;apos;5.15.0-75-generic&amp;apos;, java.version: &amp;apos;17.0.5&amp;apos;
Driver info: org.openqa.selenium.chrome.ChromeDriver
Capabilities {acceptInsecureCerts: false, browserName: chrome, browserVersion: 114.0.5735.106, chrome: {chromedriverVersion: 114.0.5735.90 (386bc09e8f4f..., userDataDir: /tmp/.com.google.Chrome.LDbQkZ}, goog:chromeOptions: {debuggerAddress: localhost:45583}, javascriptEnabled: true, networkConnectionEnabled: false, pageLoadStrategy: normal, platform: LINUX, platformName: LINUX, proxy: Proxy(), setWindowRect: true, strictFileInteractability: false, timeouts: {implicit: 0, pageLoad: 300000, script: 30000}, unhandledPromptBehavior: dismiss and notify, webauthn:extension:credBlob: true, webauthn:extension:largeBlob: true, webauthn:extension:minPinLength: true, webauthn:extension:prf: true, webauthn:virtualAuthenticators: true}
Session ID: 8ba5c559d31b3762e16ac476632b6557">
      <![CDATA[org.openqa.selenium.ElementNotInteractableException: element not interactable
  (Session info: chrome=114.0.5735.106)
Build info: version: '3.141.59', revision: 'e82be7d358', time: '2018-11-14T08:17:03'
System info: host: 'sarasvati-Precision-Tower-3420', ip: '127.0.1.1', os.name: 'Linux', os.arch: 'amd64', os.version: '5.15.0-75-generic', java.version: '17.0.5'
Driver info: org.openqa.selenium.chrome.ChromeDriver
Capabilities {acceptInsecureCerts: false, browserName: chrome, browserVersion: 114.0.5735.106, chrome: {chromedriverVersion: 114.0.5735.90 (386bc09e8f4f..., userDataDir: /tmp/.com.google.Chrome.LDbQkZ}, goog:chromeOptions: {debuggerAddress: localhost:45583}, javascriptEnabled: true, networkConnectionEnabled: false, pageLoadStrategy: normal, platform: LINUX, platformName: LINUX, proxy: Proxy(), setWindowRect: true, strictFileInteractability: false, timeouts: {implicit: 0, pageLoad: 300000, script: 30000}, unhandledPromptBehavior: dismiss and notify, webauthn:extension:credBlob: true, webauthn:extension:largeBlob: true, webauthn:extension:minPinLength: true, webauthn:extension:prf: true, webauthn:virtualAuthenticators: true}
Session ID: 8ba5c559d31b3762e16ac476632b6557
at org.openqa.selenium.remote.http.W3CHttpResponseCodec.createException(W3CHttpResponseCodec.java:187)
at org.openqa.selenium.remote.http.W3CHttpResponseCodec.decode(W3CHttpResponseCodec.java:122)
at org.openqa.selenium.remote.http.W3CHttpResponseCodec.decode(W3CHttpResponseCodec.java:49)
at org.openqa.selenium.remote.HttpCommandExecutor.execute(HttpCommandExecutor.java:158)
at org.openqa.selenium.remote.service.DriverCommandExecutor.execute(DriverCommandExecutor.java:83)
at org.openqa.selenium.remote.RemoteWebDriver.execute(RemoteWebDriver.java:552)
at org.openqa.selenium.remote.RemoteWebElement.execute(RemoteWebElement.java:285)
at org.openqa.selenium.remote.RemoteWebElement.click(RemoteWebElement.java:84)
at com.servicepoints.PageObjects.ClientOrdersPage.clickOnEachDivForDisputeVerification(ClientOrdersPage.java:277)
at com.servicepoints.testCases.TC42_VerifyMergeBreakOrderForAcceptedDisputeTest.verifyDisputeIsStillOpenFromClientSide(TC42_VerifyMergeBreakOrderForAcceptedDisputeTest.java:536)
at java.base/java.util.ArrayList.forEach(ArrayList.java:1511)
... Removed 32 stack frames]]>
    </failure>
  </testcase> <!-- verifyDisputeIsStillOpenFromClientSide -->
  <testcase classname="com.servicepoints.testCases.TC40_VerifyMergeBreakOrderForDisputeTest" name="verifyAcceptDispute" time="0.0">
    <ignored/>
  </testcase> <!-- verifyAcceptDispute -->
</testsuite> <!-- Test -->
