<?xml version="1.0" encoding="UTF-8"?>
<!-- Generated by org.testng.reporters.JUnitXMLReporter -->
<testsuite ignored="4" hostname="sarasvati-Precision-Tower-3420" failures="1" tests="1" name="Test" time="36.904" errors="0" timestamp="2023-07-06T18:38:23 IST">
  <testcase classname="com.servicepoints.testCases.TC69_VerifyProductsPageOfSupportAndTeamleaderSideForAddNewVariant" name="verifyAcceptQuotationByTeamleader" time="31.928">
    <failure type="org.openqa.selenium.NoSuchElementException" message="Cannot locate an element using xpath=(//button[normalize-space()=&amp;apos;Accept selected quotation&amp;apos;])[1]
For documentation on this error, please visit: https://www.seleniumhq.org/exceptions/no_such_element.html
Build info: version: &amp;apos;3.141.59&amp;apos;, revision: &amp;apos;e82be7d358&amp;apos;, time: &amp;apos;2018-11-14T08:17:03&amp;apos;
System info: host: &amp;apos;sarasvati-Precision-Tower-3420&amp;apos;, ip: &amp;apos;127.0.1.1&amp;apos;, os.name: &amp;apos;Linux&amp;apos;, os.arch: &amp;apos;amd64&amp;apos;, os.version: &amp;apos;5.15.0-76-generic&amp;apos;, java.version: &amp;apos;17.0.5&amp;apos;
Driver info: driver.version: RemoteWebDriver">
      <![CDATA[org.openqa.selenium.NoSuchElementException: Cannot locate an element using xpath=(//button[normalize-space()='Accept selected quotation'])[1]
For documentation on this error, please visit: https://www.seleniumhq.org/exceptions/no_such_element.html
Build info: version: '3.141.59', revision: 'e82be7d358', time: '2018-11-14T08:17:03'
System info: host: 'sarasvati-Precision-Tower-3420', ip: '127.0.1.1', os.name: 'Linux', os.arch: 'amd64', os.version: '5.15.0-76-generic', java.version: '17.0.5'
Driver info: driver.version: RemoteWebDriver
at org.openqa.selenium.remote.RemoteWebDriver.findElement(RemoteWebDriver.java:327)
at org.openqa.selenium.remote.RemoteWebDriver.findElementByXPath(RemoteWebDriver.java:428)
at org.openqa.selenium.By$ByXPath.findElement(By.java:353)
at org.openqa.selenium.remote.RemoteWebDriver.findElement(RemoteWebDriver.java:315)
at org.openqa.selenium.support.pagefactory.DefaultElementLocator.findElement(DefaultElementLocator.java:69)
at org.openqa.selenium.support.pagefactory.internal.LocatingElementHandler.invoke(LocatingElementHandler.java:38)
at jdk.proxy2/jdk.proxy2.$Proxy28.click(Unknown Source)
at com.servicepoints.PageObjects.TeamleaderProductsPage.clickOnAcceptQuoteBtn(TeamleaderProductsPage.java:49)
at com.servicepoints.testCases.TC69_VerifyProductsPageOfSupportAndTeamleaderSideForAddNewVariant.verifyAcceptQuotationByTeamleader(TC69_VerifyProductsPageOfSupportAndTeamleaderSideForAddNewVariant.java:455)
at java.base/java.util.ArrayList.forEach(ArrayList.java:1511)
... Removed 27 stack frames]]>
    </failure>
  </testcase> <!-- verifyAcceptQuotationByTeamleader -->
  <testcase classname="com.servicepoints.testCases.TC69_VerifyProductsPageOfSupportAndTeamleaderSideForAddNewVariant" name="startFulfillmentBySupport" time="0.0">
    <ignored/>
  </testcase> <!-- startFulfillmentBySupport -->
  <testcase classname="com.servicepoints.testCases.TC69_VerifyProductsPageOfSupportAndTeamleaderSideForAddNewVariant" name="submitAndAcceptQuotation" time="0.0">
    <ignored/>
  </testcase> <!-- submitAndAcceptQuotation -->
  <testcase classname="com.servicepoints.testCases.TC69_VerifyProductsPageOfSupportAndTeamleaderSideForAddNewVariant" name="verifyUnableQuotationBySupplier" time="0.0">
    <ignored/>
  </testcase> <!-- verifyUnableQuotationBySupplier -->
  <testcase classname="com.servicepoints.testCases.TC69_VerifyProductsPageOfSupportAndTeamleaderSideForAddNewVariant" name="verifyDisableQuotationBySupplier" time="0.0">
    <ignored/>
  </testcase> <!-- verifyDisableQuotationBySupplier -->
</testsuite> <!-- Test -->
