<?xml version="1.0" encoding="UTF-8"?>
<!-- Generated by org.testng.reporters.JUnitXMLReporter -->
<testsuite ignored="0" hostname="sarasvati-Precision-Tower-3420" failures="0" tests="2" name="Test" time="427.479" errors="0" timestamp="2023-05-29T15:54:58 IST">
  <testcase classname="com.servicepoints.testCases.TC46_VerifyDisputeIsInOpenStateForTheOderHasTrackingNum" name="verifyAddTrackingNumberAndReopenDeclinedDispute" time="42.893"/>
  <testcase classname="com.servicepoints.testCases.TC46_VerifyDisputeIsInOpenStateForTheOderHasTrackingNum" name="verifySubmitAndDeclinedDisputeAndReopenIt" time="378.925"/>
</testsuite> <!-- Test -->
