<?xml version="1.0" encoding="UTF-8"?>
<!-- Generated by org.testng.reporters.JUnitXMLReporter -->
<testsuite ignored="0" hostname="sarasvati-Precision-Tower-3420" failures="0" tests="3" name="Test" time="107.274" errors="0" timestamp="2023-06-12T13:13:45 IST">
  <testcase classname="com.servicepoints.testCases.TC02_VerifySupplierSignUp" name="verifySupplierSignUp" time="33.39"/>
  <testcase classname="com.servicepoints.testCases.TC03_VerifyAdminSUPLoginTest" name="verifyAdminSUPLoginTest" time="21.787"/>
  <testcase classname="com.servicepoints.testCases.TC04_VerifyAddAgentSupBySupplier" name="verifyAddAgentSUP" time="32.869"/>
</testsuite> <!-- Test -->
