<?xml version="1.0" encoding="UTF-8"?>
<!-- Generated by org.testng.reporters.JUnitXMLReporter -->
<testsuite ignored="0" hostname="sarasvati-Precision-Tower-3420" failures="0" tests="4" name="Test" time="193.769" errors="0" timestamp="2023-07-11T18:30:59 IST">
  <testcase classname="com.servicepoints.testCases.TC65_VerifyProductPageOnSupportAndTeamleadSide" name="submitAndAcceptQuotation" time="65.882"/>
  <testcase classname="com.servicepoints.testCases.TC65_VerifyProductPageOnSupportAndTeamleadSide" name="requoteQuoteByClient" time="44.508"/>
  <testcase classname="com.servicepoints.testCases.TC65_VerifyProductPageOnSupportAndTeamleadSide" name="supplierSubmitQuotationAgain" time="38.402"/>
  <testcase classname="com.servicepoints.testCases.TC65_VerifyProductPageOnSupportAndTeamleadSide" name="acceptQuotationFromTeamlead" time="40.827"/>
</testsuite> <!-- Test -->
