<?xml version="1.0" encoding="UTF-8"?>
<!-- Generated by org.testng.reporters.JUnitXMLReporter -->
<testsuite ignored="0" hostname="sarasvati-Precision-Tower-3420" failures="0" tests="10" name="Test" time="473.073" errors="0" timestamp="2023-06-16T10:08:39 IST">
  <testcase classname="com.servicepoints.testCases.TC54_VerifyReopeningOfHoldOrderStatusDispute" name="submitAndAcceptQuotation" time="57.813"/>
  <testcase classname="com.servicepoints.testCases.TC54_VerifyReopeningOfHoldOrderStatusDispute" name="verifyOpenDispute" time="27.199"/>
  <testcase classname="com.servicepoints.testCases.TC54_VerifyReopeningOfHoldOrderStatusDispute" name="verifyRequotation" time="42.251"/>
  <testcase classname="com.servicepoints.testCases.TC54_VerifyReopeningOfHoldOrderStatusDispute" name="verifyShowDisputeFromTeamleaderSide" time="31.725"/>
  <testcase classname="com.servicepoints.testCases.TC54_VerifyReopeningOfHoldOrderStatusDispute" name="verifyReopenHoldDeclinedDisputes" time="33.574"/>
  <testcase classname="com.servicepoints.testCases.TC54_VerifyReopeningOfHoldOrderStatusDispute" name="submitReQuotation" time="34.962"/>
  <testcase classname="com.servicepoints.testCases.TC54_VerifyReopeningOfHoldOrderStatusDispute" name="verifyAcceptingRequoteQuote" time="33.711"/>
  <testcase classname="com.servicepoints.testCases.TC54_VerifyReopeningOfHoldOrderStatusDispute" name="againRaiseDisputes" time="66.184"/>
  <testcase classname="com.servicepoints.testCases.TC54_VerifyReopeningOfHoldOrderStatusDispute" name="verifyAcceptDispute" time="80.548"/>
  <testcase classname="com.servicepoints.testCases.TC54_VerifyReopeningOfHoldOrderStatusDispute" name="verifyReopenDeclinedDisputes" time="60.974"/>
</testsuite> <!-- Test -->
