<?xml version="1.0" encoding="UTF-8"?>
<!-- Generated by org.testng.reporters.JUnitXMLReporter -->
<testsuite ignored="4" hostname="sarasvati-Precision-Tower-3420" failures="0" tests="2" name="Test" time="52.388" errors="0" timestamp="2023-07-04T13:39:27 IST">
  <testcase classname="com.servicepoints.testCases.TC67_VerifySimpleSpecialRequestFunctionalityBySupportAndTeamleader" name="verifySumbmittingSpRequestFromSupport" time="21.588"/>
  <testcase classname="com.servicepoints.testCases.TC67_VerifySimpleSpecialRequestFunctionalityBySupportAndTeamleader" name="verifySupplierSubmittedTheSpRequestFromSupport" time="26.257"/>
  <testcase classname="com.servicepoints.testCases.TC67_VerifySimpleSpecialRequestFunctionalityBySupportAndTeamleader" name="verifySupplierSubmittedTheSpRequest" time="0.0">
    <ignored/>
  </testcase> <!-- verifySupplierSubmittedTheSpRequest -->
  <testcase classname="com.servicepoints.testCases.TC67_VerifySimpleSpecialRequestFunctionalityBySupportAndTeamleader" name="submitAndAcceptQuotation" time="0.0">
    <ignored/>
  </testcase> <!-- submitAndAcceptQuotation -->
  <testcase classname="com.servicepoints.testCases.TC67_VerifySimpleSpecialRequestFunctionalityBySupportAndTeamleader" name="verifyCloseSpecialRequestFromTeamleaderSide" time="0.0">
    <ignored/>
  </testcase> <!-- verifyCloseSpecialRequestFromTeamleaderSide -->
  <testcase classname="com.servicepoints.testCases.TC67_VerifySimpleSpecialRequestFunctionalityBySupportAndTeamleader" name="submitSpecialRequestByTeamleader" time="0.0">
    <ignored/>
  </testcase> <!-- submitSpecialRequestByTeamleader -->
</testsuite> <!-- Test -->
