<?xml version="1.0" encoding="UTF-8"?>
<!-- Generated by org.testng.reporters.JUnitXMLReporter -->
<testsuite ignored="4" hostname="sarasvati-Precision-Tower-3420" failures="0" tests="1" name="Test" time="61.693" errors="0" timestamp="2023-07-07T09:41:16 IST">
  <testcase classname="com.servicepoints.testCases.TC69_VerifyProductsPageOfSupportAndTeamleaderSideForAddNewVariant" name="verifyAcceptQuotationByTeamleader" time="56.831"/>
  <testcase classname="com.servicepoints.testCases.TC69_VerifyProductsPageOfSupportAndTeamleaderSideForAddNewVariant" name="startFulfillmentBySupport" time="0.0">
    <ignored/>
  </testcase> <!-- startFulfillmentBySupport -->
  <testcase classname="com.servicepoints.testCases.TC69_VerifyProductsPageOfSupportAndTeamleaderSideForAddNewVariant" name="submitAndAcceptQuotation" time="0.0">
    <ignored/>
  </testcase> <!-- submitAndAcceptQuotation -->
  <testcase classname="com.servicepoints.testCases.TC69_VerifyProductsPageOfSupportAndTeamleaderSideForAddNewVariant" name="verifyUnableQuotationBySupplier" time="0.0">
    <ignored/>
  </testcase> <!-- verifyUnableQuotationBySupplier -->
  <testcase classname="com.servicepoints.testCases.TC69_VerifyProductsPageOfSupportAndTeamleaderSideForAddNewVariant" name="verifyDisableQuotationBySupplier" time="0.0">
    <ignored/>
  </testcase> <!-- verifyDisableQuotationBySupplier -->
</testsuite> <!-- Test -->
