<?xml version="1.0" encoding="UTF-8"?>
<testng-results ignored="0" total="5" passed="5" failed="0" skipped="0">
  <reporter-output>
  </reporter-output>
  <suite started-at="2023-05-31T18:04:15 IST" name="Suite" finished-at="2023-05-31T18:08:58 IST" duration-ms="282647">
    <groups>
    </groups>
    <test started-at="2023-05-31T18:04:15 IST" name="Test" finished-at="2023-05-31T18:08:58 IST" duration-ms="282647">
      <class name="com.servicepoints.testCases.TC51_VerifyShowDisputeAfterAddingTrackingNumAndCancelOrder">
        <test-method is-config="true" signature="setup(java.lang.String)[pri:0, instance:com.servicepoints.testCases.TC51_VerifyShowDisputeAfterAddingTrackingNumAndCancelOrder@3faf2e7d]" started-at="2023-05-31T18:04:15 IST" name="setup" finished-at="2023-05-31T18:04:23 IST" duration-ms="7182" status="PASS">
          <params>
            <param index="0">
              <value>
                <![CDATA[chrome]]>
              </value>
            </param>
          </params>
          <reporter-output>
          </reporter-output>
        </test-method> <!-- setup -->
        <test-method signature="submitAndAcceptQuotation()[pri:1, instance:com.servicepoints.testCases.TC51_VerifyShowDisputeAfterAddingTrackingNumAndCancelOrder@3faf2e7d]" started-at="2023-05-31T18:04:23 IST" name="submitAndAcceptQuotation" finished-at="2023-05-31T18:05:35 IST" duration-ms="72673" status="PASS">
          <reporter-output>
          </reporter-output>
        </test-method> <!-- submitAndAcceptQuotation -->
        <test-method signature="verifyOpenDispute()[pri:2, instance:com.servicepoints.testCases.TC51_VerifyShowDisputeAfterAddingTrackingNumAndCancelOrder@3faf2e7d]" started-at="2023-05-31T18:05:35 IST" name="verifyOpenDispute" finished-at="2023-05-31T18:06:10 IST" duration-ms="34923" status="PASS">
          <reporter-output>
          </reporter-output>
        </test-method> <!-- verifyOpenDispute -->
        <test-method signature="verifyAddingTrackingNumOn3rdVariant()[pri:3, instance:com.servicepoints.testCases.TC51_VerifyShowDisputeAfterAddingTrackingNumAndCancelOrder@3faf2e7d]" started-at="2023-05-31T18:06:10 IST" name="verifyAddingTrackingNumOn3rdVariant" finished-at="2023-05-31T18:07:05 IST" duration-ms="54877" status="PASS">
          <reporter-output>
          </reporter-output>
        </test-method> <!-- verifyAddingTrackingNumOn3rdVariant -->
        <test-method signature="verifyDisputeStatusFromClientSide()[pri:4, instance:com.servicepoints.testCases.TC51_VerifyShowDisputeAfterAddingTrackingNumAndCancelOrder@3faf2e7d]" started-at="2023-05-31T18:07:05 IST" name="verifyDisputeStatusFromClientSide" finished-at="2023-05-31T18:07:34 IST" duration-ms="28632" status="PASS">
          <reporter-output>
          </reporter-output>
        </test-method> <!-- verifyDisputeStatusFromClientSide -->
        <test-method signature="varifyCanceleSecondVariant()[pri:5, instance:com.servicepoints.testCases.TC51_VerifyShowDisputeAfterAddingTrackingNumAndCancelOrder@3faf2e7d]" started-at="2023-05-31T18:07:34 IST" name="varifyCanceleSecondVariant" finished-at="2023-05-31T18:08:58 IST" duration-ms="84028" status="PASS">
          <reporter-output>
          </reporter-output>
        </test-method> <!-- varifyCanceleSecondVariant -->
        <test-method is-config="true" signature="tearDown()[pri:0, instance:com.servicepoints.testCases.TC51_VerifyShowDisputeAfterAddingTrackingNumAndCancelOrder@3faf2e7d]" started-at="2023-05-31T18:08:58 IST" name="tearDown" finished-at="2023-05-31T18:08:58 IST" duration-ms="233" status="PASS">
          <reporter-output>
          </reporter-output>
        </test-method> <!-- tearDown -->
      </class> <!-- com.servicepoints.testCases.TC51_VerifyShowDisputeAfterAddingTrackingNumAndCancelOrder -->
    </test> <!-- Test -->
  </suite> <!-- Suite -->
</testng-results>
