<?xml version="1.0" encoding="UTF-8"?>
<testng-results ignored="0" total="1" passed="1" failed="0" skipped="0">
  <reporter-output>
  </reporter-output>
  <suite started-at="2023-04-24T19:06:08 IST" name="Suite" finished-at="2023-04-24T19:08:02 IST" duration-ms="113984">
    <groups>
    </groups>
    <test started-at="2023-04-24T19:06:08 IST" name="Testng" finished-at="2023-04-24T19:08:02 IST" duration-ms="113984">
      <class name="com.servicepoints.testCases.TC27_VerifyDisputeForConversation">
        <test-method is-config="true" signature="setup(java.lang.String)[pri:0, instance:com.servicepoints.testCases.TC27_VerifyDisputeForConversation@24faea88]" started-at="2023-04-24T19:06:08 IST" name="setup" finished-at="2023-04-24T19:06:10 IST" duration-ms="1905" status="PASS">
          <params>
            <param index="0">
              <value>
                <![CDATA[chrome]]>
              </value>
            </param>
          </params>
          <reporter-output>
          </reporter-output>
        </test-method> <!-- setup -->
        <test-method signature="verifyDisputeForConversation()[pri:0, instance:com.servicepoints.testCases.TC27_VerifyDisputeForConversation@24faea88]" started-at="2023-04-24T19:06:10 IST" name="verifyDisputeForConversation" finished-at="2023-04-24T19:08:02 IST" duration-ms="111962" status="PASS">
          <reporter-output>
          </reporter-output>
        </test-method> <!-- verifyDisputeForConversation -->
        <test-method is-config="true" signature="tearDown()[pri:0, instance:com.servicepoints.testCases.TC27_VerifyDisputeForConversation@24faea88]" started-at="2023-04-24T19:08:02 IST" name="tearDown" finished-at="2023-04-24T19:08:02 IST" duration-ms="88" status="PASS">
          <reporter-output>
          </reporter-output>
        </test-method> <!-- tearDown -->
      </class> <!-- com.servicepoints.testCases.TC27_VerifyDisputeForConversation -->
    </test> <!-- Testng -->
  </suite> <!-- Suite -->
</testng-results>
