<?xml version="1.0" encoding="UTF-8"?>
<testng-results ignored="0" total="4" passed="4" failed="0" skipped="0">
  <reporter-output>
  </reporter-output>
  <suite started-at="2023-07-03T15:30:31 IST" name="Suite" finished-at="2023-07-03T15:34:01 IST" duration-ms="209151">
    <groups>
    </groups>
    <test started-at="2023-07-03T15:30:31 IST" name="Test" finished-at="2023-07-03T15:34:01 IST" duration-ms="209151">
      <class name="com.servicepoints.testCases.TC65_VerifyProductPageOnSupportAndTeamleadSide">
        <test-method is-config="true" signature="setup(java.lang.String)[pri:0, instance:com.servicepoints.testCases.TC65_VerifyProductPageOnSupportAndTeamleadSide@180e6ac4]" started-at="2023-07-03T15:30:32 IST" name="setup" finished-at="2023-07-03T15:30:37 IST" duration-ms="5066" status="PASS">
          <params>
            <param index="0">
              <value>
                <![CDATA[chrome]]>
              </value>
            </param>
          </params>
          <reporter-output>
          </reporter-output>
        </test-method> <!-- setup -->
        <test-method signature="submitAndAcceptQuotation()[pri:1, instance:com.servicepoints.testCases.TC65_VerifyProductPageOnSupportAndTeamleadSide@180e6ac4]" started-at="2023-07-03T15:30:37 IST" name="submitAndAcceptQuotation" finished-at="2023-07-03T15:31:46 IST" duration-ms="68908" status="PASS">
          <reporter-output>
          </reporter-output>
        </test-method> <!-- submitAndAcceptQuotation -->
        <test-method signature="requoteQuoteByClient()[pri:2, instance:com.servicepoints.testCases.TC65_VerifyProductPageOnSupportAndTeamleadSide@180e6ac4]" started-at="2023-07-03T15:31:46 IST" name="requoteQuoteByClient" finished-at="2023-07-03T15:32:34 IST" duration-ms="48252" status="PASS">
          <reporter-output>
          </reporter-output>
        </test-method> <!-- requoteQuoteByClient -->
        <test-method signature="supplierSubmitQuotationAgain()[pri:3, instance:com.servicepoints.testCases.TC65_VerifyProductPageOnSupportAndTeamleadSide@180e6ac4]" started-at="2023-07-03T15:32:34 IST" name="supplierSubmitQuotationAgain" finished-at="2023-07-03T15:33:16 IST" duration-ms="42150" status="PASS">
          <reporter-output>
          </reporter-output>
        </test-method> <!-- supplierSubmitQuotationAgain -->
        <test-method signature="acceptQuotationFromTeamlead()[pri:4, instance:com.servicepoints.testCases.TC65_VerifyProductPageOnSupportAndTeamleadSide@180e6ac4]" started-at="2023-07-03T15:33:16 IST" name="acceptQuotationFromTeamlead" finished-at="2023-07-03T15:34:01 IST" duration-ms="44547" status="PASS">
          <reporter-output>
          </reporter-output>
        </test-method> <!-- acceptQuotationFromTeamlead -->
        <test-method is-config="true" signature="tearDown()[pri:0, instance:com.servicepoints.testCases.TC65_VerifyProductPageOnSupportAndTeamleadSide@180e6ac4]" started-at="2023-07-03T15:34:01 IST" name="tearDown" finished-at="2023-07-03T15:34:01 IST" duration-ms="101" status="PASS">
          <reporter-output>
          </reporter-output>
        </test-method> <!-- tearDown -->
      </class> <!-- com.servicepoints.testCases.TC65_VerifyProductPageOnSupportAndTeamleadSide -->
    </test> <!-- Test -->
  </suite> <!-- Suite -->
</testng-results>
