<?xml version="1.0" encoding="UTF-8"?>
<testng-results ignored="0" total="10" passed="10" failed="0" skipped="0">
  <reporter-output>
  </reporter-output>
  <suite started-at="2023-06-16T10:00:46 IST" name="Suite" finished-at="2023-06-16T10:08:39 IST" duration-ms="473073">
    <groups>
    </groups>
    <test started-at="2023-06-16T10:00:46 IST" name="Test" finished-at="2023-06-16T10:08:39 IST" duration-ms="473073">
      <class name="com.servicepoints.testCases.TC54_VerifyReopeningOfHoldOrderStatusDispute">
        <test-method is-config="true" signature="setup(java.lang.String)[pri:0, instance:com.servicepoints.testCases.TC54_VerifyReopeningOfHoldOrderStatusDispute@7c351808]" started-at="2023-06-16T10:00:46 IST" name="setup" finished-at="2023-06-16T10:00:50 IST" duration-ms="3963" status="PASS">
          <params>
            <param index="0">
              <value>
                <![CDATA[chrome]]>
              </value>
            </param>
          </params>
          <reporter-output>
          </reporter-output>
        </test-method> <!-- setup -->
        <test-method signature="submitAndAcceptQuotation()[pri:1, instance:com.servicepoints.testCases.TC54_VerifyReopeningOfHoldOrderStatusDispute@7c351808]" started-at="2023-06-16T10:00:50 IST" name="submitAndAcceptQuotation" finished-at="2023-06-16T10:01:48 IST" duration-ms="57813" status="PASS">
          <reporter-output>
          </reporter-output>
        </test-method> <!-- submitAndAcceptQuotation -->
        <test-method signature="verifyOpenDispute()[pri:2, instance:com.servicepoints.testCases.TC54_VerifyReopeningOfHoldOrderStatusDispute@7c351808]" started-at="2023-06-16T10:01:48 IST" name="verifyOpenDispute" finished-at="2023-06-16T10:02:15 IST" duration-ms="27199" status="PASS">
          <reporter-output>
          </reporter-output>
        </test-method> <!-- verifyOpenDispute -->
        <test-method signature="verifyRequotation()[pri:3, instance:com.servicepoints.testCases.TC54_VerifyReopeningOfHoldOrderStatusDispute@7c351808]" started-at="2023-06-16T10:02:15 IST" name="verifyRequotation" finished-at="2023-06-16T10:02:57 IST" duration-ms="42251" status="PASS">
          <reporter-output>
          </reporter-output>
        </test-method> <!-- verifyRequotation -->
        <test-method signature="verifyShowDisputeFromTeamleaderSide()[pri:4, instance:com.servicepoints.testCases.TC54_VerifyReopeningOfHoldOrderStatusDispute@7c351808]" started-at="2023-06-16T10:02:57 IST" name="verifyShowDisputeFromTeamleaderSide" finished-at="2023-06-16T10:03:29 IST" duration-ms="31725" status="PASS">
          <reporter-output>
          </reporter-output>
        </test-method> <!-- verifyShowDisputeFromTeamleaderSide -->
        <test-method signature="verifyReopenHoldDeclinedDisputes()[pri:5, instance:com.servicepoints.testCases.TC54_VerifyReopeningOfHoldOrderStatusDispute@7c351808]" started-at="2023-06-16T10:03:29 IST" name="verifyReopenHoldDeclinedDisputes" finished-at="2023-06-16T10:04:03 IST" duration-ms="33574" status="PASS">
          <reporter-output>
          </reporter-output>
        </test-method> <!-- verifyReopenHoldDeclinedDisputes -->
        <test-method signature="submitReQuotation()[pri:6, instance:com.servicepoints.testCases.TC54_VerifyReopeningOfHoldOrderStatusDispute@7c351808]" started-at="2023-06-16T10:04:03 IST" name="submitReQuotation" finished-at="2023-06-16T10:04:38 IST" duration-ms="34962" status="PASS">
          <reporter-output>
          </reporter-output>
        </test-method> <!-- submitReQuotation -->
        <test-method signature="verifyAcceptingRequoteQuote()[pri:7, instance:com.servicepoints.testCases.TC54_VerifyReopeningOfHoldOrderStatusDispute@7c351808]" started-at="2023-06-16T10:04:38 IST" name="verifyAcceptingRequoteQuote" finished-at="2023-06-16T10:05:11 IST" duration-ms="33711" status="PASS">
          <reporter-output>
          </reporter-output>
        </test-method> <!-- verifyAcceptingRequoteQuote -->
        <test-method signature="againRaiseDisputes()[pri:8, instance:com.servicepoints.testCases.TC54_VerifyReopeningOfHoldOrderStatusDispute@7c351808]" started-at="2023-06-16T10:05:11 IST" name="againRaiseDisputes" finished-at="2023-06-16T10:06:17 IST" duration-ms="66184" status="PASS">
          <reporter-output>
          </reporter-output>
        </test-method> <!-- againRaiseDisputes -->
        <test-method signature="verifyAcceptDispute()[pri:9, instance:com.servicepoints.testCases.TC54_VerifyReopeningOfHoldOrderStatusDispute@7c351808]" started-at="2023-06-16T10:06:17 IST" name="verifyAcceptDispute" finished-at="2023-06-16T10:07:38 IST" duration-ms="80548" status="PASS">
          <reporter-output>
          </reporter-output>
        </test-method> <!-- verifyAcceptDispute -->
        <test-method signature="verifyReopenDeclinedDisputes()[pri:10, instance:com.servicepoints.testCases.TC54_VerifyReopeningOfHoldOrderStatusDispute@7c351808]" started-at="2023-06-16T10:07:38 IST" name="verifyReopenDeclinedDisputes" finished-at="2023-06-16T10:08:39 IST" duration-ms="60974" status="PASS">
          <reporter-output>
          </reporter-output>
        </test-method> <!-- verifyReopenDeclinedDisputes -->
        <test-method is-config="true" signature="tearDown()[pri:0, instance:com.servicepoints.testCases.TC54_VerifyReopeningOfHoldOrderStatusDispute@7c351808]" started-at="2023-06-16T10:08:39 IST" name="tearDown" finished-at="2023-06-16T10:08:39 IST" duration-ms="100" status="PASS">
          <reporter-output>
          </reporter-output>
        </test-method> <!-- tearDown -->
      </class> <!-- com.servicepoints.testCases.TC54_VerifyReopeningOfHoldOrderStatusDispute -->
    </test> <!-- Test -->
  </suite> <!-- Suite -->
</testng-results>
