<?xml version="1.0" encoding="UTF-8"?>
<testng-results ignored="0" total="5" passed="5" failed="0" skipped="0">
  <reporter-output>
  </reporter-output>
  <suite started-at="2023-07-07T15:33:43 IST" name="Suite" finished-at="2023-07-07T15:37:55 IST" duration-ms="252204">
    <groups>
    </groups>
    <test started-at="2023-07-07T15:33:43 IST" name="Test" finished-at="2023-07-07T15:37:55 IST" duration-ms="252204">
      <class name="com.servicepoints.testCases.TC68_VerifyAskForPriceChangeFunctionFromSupportAndTeamleaderSide">
        <test-method is-config="true" signature="setup(java.lang.String)[pri:0, instance:com.servicepoints.testCases.TC68_VerifyAskForPriceChangeFunctionFromSupportAndTeamleaderSide@ab7a938]" started-at="2023-07-07T15:33:43 IST" name="setup" finished-at="2023-07-07T15:33:47 IST" duration-ms="3946" status="PASS">
          <params>
            <param index="0">
              <value>
                <![CDATA[chrome]]>
              </value>
            </param>
          </params>
          <reporter-output>
          </reporter-output>
        </test-method> <!-- setup -->
        <test-method signature="submitAndAcceptQuotation()[pri:1, instance:com.servicepoints.testCases.TC68_VerifyAskForPriceChangeFunctionFromSupportAndTeamleaderSide@ab7a938]" started-at="2023-07-07T15:33:47 IST" name="submitAndAcceptQuotation" finished-at="2023-07-07T15:34:58 IST" duration-ms="70919" status="PASS">
          <reporter-output>
          </reporter-output>
        </test-method> <!-- submitAndAcceptQuotation -->
        <test-method signature="verifySubmitingAskForPriceChange()[pri:2, instance:com.servicepoints.testCases.TC68_VerifyAskForPriceChangeFunctionFromSupportAndTeamleaderSide@ab7a938]" started-at="2023-07-07T15:34:58 IST" name="verifySubmitingAskForPriceChange" finished-at="2023-07-07T15:35:41 IST" duration-ms="43804" status="PASS">
          <reporter-output>
          </reporter-output>
        </test-method> <!-- verifySubmitingAskForPriceChange -->
        <test-method signature="verifyClientAcceptedTheNewPrice()[pri:3, instance:com.servicepoints.testCases.TC68_VerifyAskForPriceChangeFunctionFromSupportAndTeamleaderSide@ab7a938]" started-at="2023-07-07T15:35:41 IST" name="verifyClientAcceptedTheNewPrice" finished-at="2023-07-07T15:36:22 IST" duration-ms="40338" status="PASS">
          <reporter-output>
          </reporter-output>
        </test-method> <!-- verifyClientAcceptedTheNewPrice -->
        <test-method signature="verifyDisableQuotationFromSupplier()[pri:4, instance:com.servicepoints.testCases.TC68_VerifyAskForPriceChangeFunctionFromSupportAndTeamleaderSide@ab7a938]" started-at="2023-07-07T15:36:22 IST" name="verifyDisableQuotationFromSupplier" finished-at="2023-07-07T15:36:59 IST" duration-ms="37279" status="PASS">
          <reporter-output>
          </reporter-output>
        </test-method> <!-- verifyDisableQuotationFromSupplier -->
        <test-method signature="verifyAcceptingNewQuotation()[pri:5, instance:com.servicepoints.testCases.TC68_VerifyAskForPriceChangeFunctionFromSupportAndTeamleaderSide@ab7a938]" started-at="2023-07-07T15:36:59 IST" name="verifyAcceptingNewQuotation" finished-at="2023-07-07T15:37:55 IST" duration-ms="55690" status="PASS">
          <reporter-output>
          </reporter-output>
        </test-method> <!-- verifyAcceptingNewQuotation -->
        <test-method is-config="true" signature="tearDown()[pri:0, instance:com.servicepoints.testCases.TC68_VerifyAskForPriceChangeFunctionFromSupportAndTeamleaderSide@ab7a938]" started-at="2023-07-07T15:37:55 IST" name="tearDown" finished-at="2023-07-07T15:37:55 IST" duration-ms="178" status="PASS">
          <reporter-output>
          </reporter-output>
        </test-method> <!-- tearDown -->
      </class> <!-- com.servicepoints.testCases.TC68_VerifyAskForPriceChangeFunctionFromSupportAndTeamleaderSide -->
    </test> <!-- Test -->
  </suite> <!-- Suite -->
</testng-results>
