<?xml version="1.0" encoding="UTF-8"?>
<testng-results ignored="0" total="2" passed="2" failed="0" skipped="0">
  <reporter-output>
  </reporter-output>
  <suite started-at="2023-07-12T13:18:16 IST" name="Suite" finished-at="2023-07-12T13:19:50 IST" duration-ms="94155">
    <groups>
    </groups>
    <test started-at="2023-07-12T13:18:16 IST" name="Test" finished-at="2023-07-12T13:19:50 IST" duration-ms="94155">
      <class name="com.servicepoints.testCases.TC30_VerifyCloseSpecialRequestFunction">
        <test-method is-config="true" signature="setup(java.lang.String)[pri:0, instance:com.servicepoints.testCases.TC30_VerifyCloseSpecialRequestFunction@3faf2e7d]" started-at="2023-07-12T13:18:46 IST" name="setup" finished-at="2023-07-12T13:18:49 IST" duration-ms="3020" status="PASS">
          <params>
            <param index="0">
              <value>
                <![CDATA[chrome]]>
              </value>
            </param>
          </params>
          <reporter-output>
          </reporter-output>
        </test-method> <!-- setup -->
        <test-method signature="verifyCloseSpecialRequest()[pri:0, instance:com.servicepoints.testCases.TC30_VerifyCloseSpecialRequestFunction@3faf2e7d]" started-at="2023-07-12T13:18:49 IST" name="verifyCloseSpecialRequest" finished-at="2023-07-12T13:19:50 IST" duration-ms="60845" status="PASS">
          <reporter-output>
          </reporter-output>
        </test-method> <!-- verifyCloseSpecialRequest -->
        <test-method is-config="true" signature="tearDown()[pri:0, instance:com.servicepoints.testCases.TC30_VerifyCloseSpecialRequestFunction@3faf2e7d]" started-at="2023-07-12T13:19:50 IST" name="tearDown" finished-at="2023-07-12T13:19:50 IST" duration-ms="85" status="PASS">
          <reporter-output>
          </reporter-output>
        </test-method> <!-- tearDown -->
      </class> <!-- com.servicepoints.testCases.TC30_VerifyCloseSpecialRequestFunction -->
      <class name="com.servicepoints.testCases.TC29_VerifySpecialRequestFunction">
        <test-method is-config="true" signature="setup(java.lang.String)[pri:0, instance:com.servicepoints.testCases.TC29_VerifySpecialRequestFunction@bcec031]" started-at="2023-07-12T13:18:16 IST" name="setup" finished-at="2023-07-12T13:18:20 IST" duration-ms="3605" status="PASS">
          <params>
            <param index="0">
              <value>
                <![CDATA[chrome]]>
              </value>
            </param>
          </params>
          <reporter-output>
          </reporter-output>
        </test-method> <!-- setup -->
        <test-method signature="verifySpecialRequestTest()[pri:0, instance:com.servicepoints.testCases.TC29_VerifySpecialRequestFunction@bcec031]" started-at="2023-07-12T13:18:20 IST" name="verifySpecialRequestTest" finished-at="2023-07-12T13:18:46 IST" duration-ms="26488" status="PASS">
          <reporter-output>
          </reporter-output>
        </test-method> <!-- verifySpecialRequestTest -->
        <test-method is-config="true" signature="tearDown()[pri:0, instance:com.servicepoints.testCases.TC29_VerifySpecialRequestFunction@bcec031]" started-at="2023-07-12T13:18:46 IST" name="tearDown" finished-at="2023-07-12T13:18:46 IST" duration-ms="80" status="PASS">
          <reporter-output>
          </reporter-output>
        </test-method> <!-- tearDown -->
      </class> <!-- com.servicepoints.testCases.TC29_VerifySpecialRequestFunction -->
    </test> <!-- Test -->
  </suite> <!-- Suite -->
</testng-results>
