<?xml version="1.0" encoding="UTF-8"?>
<testng-results ignored="0" total="1" passed="1" failed="0" skipped="0">
  <reporter-output>
  </reporter-output>
  <suite started-at="2023-07-12T18:59:02 IST" name="Suite" finished-at="2023-07-12T19:01:31 IST" duration-ms="148544">
    <groups>
    </groups>
    <test started-at="2023-07-12T18:59:02 IST" name="Test" finished-at="2023-07-12T19:01:31 IST" duration-ms="148544">
      <class name="com.servicepoints.testCases.TC28_VerifyDeclinedResendDispute">
        <test-method is-config="true" signature="setup(java.lang.String)[pri:0, instance:com.servicepoints.testCases.TC28_VerifyDeclinedResendDispute@3a320ade]" started-at="2023-07-12T18:59:02 IST" name="setup" finished-at="2023-07-12T18:59:06 IST" duration-ms="4226" status="PASS">
          <params>
            <param index="0">
              <value>
                <![CDATA[chrome]]>
              </value>
            </param>
          </params>
          <reporter-output>
          </reporter-output>
        </test-method> <!-- setup -->
        <test-method signature="verifyDeclinedResendDispute()[pri:0, instance:com.servicepoints.testCases.TC28_VerifyDeclinedResendDispute@3a320ade]" started-at="2023-07-12T18:59:06 IST" name="verifyDeclinedResendDispute" finished-at="2023-07-12T19:01:31 IST" duration-ms="144179" status="PASS">
          <reporter-output>
          </reporter-output>
        </test-method> <!-- verifyDeclinedResendDispute -->
        <test-method is-config="true" signature="tearDown()[pri:0, instance:com.servicepoints.testCases.TC28_VerifyDeclinedResendDispute@3a320ade]" started-at="2023-07-12T19:01:31 IST" name="tearDown" finished-at="2023-07-12T19:01:31 IST" duration-ms="110" status="PASS">
          <reporter-output>
          </reporter-output>
        </test-method> <!-- tearDown -->
      </class> <!-- com.servicepoints.testCases.TC28_VerifyDeclinedResendDispute -->
    </test> <!-- Test -->
  </suite> <!-- Suite -->
</testng-results>
