<?xml version="1.0" encoding="UTF-8"?>
<testng-results ignored="0" total="2" passed="2" failed="0" skipped="0">
  <reporter-output>
  </reporter-output>
  <suite started-at="2023-05-03T17:55:12 IST" name="Suite" finished-at="2023-05-03T17:56:59 IST" duration-ms="107579">
    <groups>
    </groups>
    <test started-at="2023-05-03T17:55:12 IST" name="Test" finished-at="2023-05-03T17:56:59 IST" duration-ms="107579">
      <class name="com.servicepoints.testCases.TC19_VerifyOpenDisputFunction">
        <test-method is-config="true" signature="setup(java.lang.String)[pri:0, instance:com.servicepoints.testCases.TC19_VerifyOpenDisputFunction@569bf9eb]" started-at="2023-05-03T17:55:12 IST" name="setup" finished-at="2023-05-03T17:55:20 IST" duration-ms="7722" status="PASS">
          <params>
            <param index="0">
              <value>
                <![CDATA[chrome]]>
              </value>
            </param>
          </params>
          <reporter-output>
          </reporter-output>
        </test-method> <!-- setup -->
        <test-method signature="verifyOpenDisputeTest()[pri:0, instance:com.servicepoints.testCases.TC19_VerifyOpenDisputFunction@569bf9eb]" started-at="2023-05-03T17:55:20 IST" name="verifyOpenDisputeTest" finished-at="2023-05-03T17:55:49 IST" duration-ms="29028" status="PASS">
          <reporter-output>
          </reporter-output>
        </test-method> <!-- verifyOpenDisputeTest -->
        <test-method is-config="true" signature="tearDown()[pri:0, instance:com.servicepoints.testCases.TC19_VerifyOpenDisputFunction@569bf9eb]" started-at="2023-05-03T17:55:49 IST" name="tearDown" finished-at="2023-05-03T17:55:49 IST" duration-ms="71" status="PASS">
          <reporter-output>
          </reporter-output>
        </test-method> <!-- tearDown -->
      </class> <!-- com.servicepoints.testCases.TC19_VerifyOpenDisputFunction -->
      <class name="com.servicepoints.testCases.TC20_VerifyAcceptDispute">
        <test-method is-config="true" signature="setup(java.lang.String)[pri:0, instance:com.servicepoints.testCases.TC20_VerifyAcceptDispute@180e6ac4]" started-at="2023-05-03T17:55:49 IST" name="setup" finished-at="2023-05-03T17:55:59 IST" duration-ms="10175" status="PASS">
          <params>
            <param index="0">
              <value>
                <![CDATA[chrome]]>
              </value>
            </param>
          </params>
          <reporter-output>
          </reporter-output>
        </test-method> <!-- setup -->
        <test-method signature="verifyAcceptDisputeTest()[pri:0, instance:com.servicepoints.testCases.TC20_VerifyAcceptDispute@180e6ac4]" started-at="2023-05-03T17:55:59 IST" name="verifyAcceptDisputeTest" finished-at="2023-05-03T17:56:59 IST" duration-ms="60363" status="PASS">
          <reporter-output>
          </reporter-output>
        </test-method> <!-- verifyAcceptDisputeTest -->
        <test-method is-config="true" signature="tearDown()[pri:0, instance:com.servicepoints.testCases.TC20_VerifyAcceptDispute@180e6ac4]" started-at="2023-05-03T17:56:59 IST" name="tearDown" finished-at="2023-05-03T17:56:59 IST" duration-ms="85" status="PASS">
          <reporter-output>
          </reporter-output>
        </test-method> <!-- tearDown -->
      </class> <!-- com.servicepoints.testCases.TC20_VerifyAcceptDispute -->
    </test> <!-- Test -->
  </suite> <!-- Suite -->
</testng-results>
