<?xml version="1.0" encoding="UTF-8"?>
<testng-results ignored="0" total="10" passed="10" failed="0" skipped="0">
  <reporter-output>
  </reporter-output>
  <suite started-at="2023-06-27T09:25:24 IST" name="Suite" finished-at="2023-06-27T09:35:08 IST" duration-ms="583781">
    <groups>
    </groups>
    <test started-at="2023-06-27T09:25:24 IST" name="Test" finished-at="2023-06-27T09:35:08 IST" duration-ms="583781">
      <class name="com.servicepoints.testCases.TC60_VerifyChangeDiscountWithResendAndRefundFunctionality">
        <test-method is-config="true" signature="setup(java.lang.String)[pri:0, instance:com.servicepoints.testCases.TC60_VerifyChangeDiscountWithResendAndRefundFunctionality@d5ae57e]" started-at="2023-06-27T09:25:24 IST" name="setup" finished-at="2023-06-27T09:25:28 IST" duration-ms="4230" status="PASS">
          <params>
            <param index="0">
              <value>
                <![CDATA[chrome]]>
              </value>
            </param>
          </params>
          <reporter-output>
          </reporter-output>
        </test-method> <!-- setup -->
        <test-method signature="submitAndAcceptQuotation()[pri:1, instance:com.servicepoints.testCases.TC60_VerifyChangeDiscountWithResendAndRefundFunctionality@d5ae57e]" started-at="2023-06-27T09:25:28 IST" name="submitAndAcceptQuotation" finished-at="2023-06-27T09:26:28 IST" duration-ms="59826" status="PASS">
          <reporter-output>
          </reporter-output>
        </test-method> <!-- submitAndAcceptQuotation -->
        <test-method signature="verifyAddTrackingOnProduct()[pri:2, instance:com.servicepoints.testCases.TC60_VerifyChangeDiscountWithResendAndRefundFunctionality@d5ae57e]" started-at="2023-06-27T09:26:28 IST" name="verifyAddTrackingOnProduct" finished-at="2023-06-27T09:27:24 IST" duration-ms="56525" status="PASS">
          <reporter-output>
          </reporter-output>
        </test-method> <!-- verifyAddTrackingOnProduct -->
        <test-method signature="raiseResendDispute()[pri:3, instance:com.servicepoints.testCases.TC60_VerifyChangeDiscountWithResendAndRefundFunctionality@d5ae57e]" started-at="2023-06-27T09:27:24 IST" name="raiseResendDispute" finished-at="2023-06-27T09:28:29 IST" duration-ms="64155" status="PASS">
          <reporter-output>
          </reporter-output>
        </test-method> <!-- raiseResendDispute -->
        <test-method signature="verifyAddTrackingOnProductAgain()[pri:4, instance:com.servicepoints.testCases.TC60_VerifyChangeDiscountWithResendAndRefundFunctionality@d5ae57e]" started-at="2023-06-27T09:28:29 IST" name="verifyAddTrackingOnProductAgain" finished-at="2023-06-27T09:29:21 IST" duration-ms="52390" status="PASS">
          <reporter-output>
          </reporter-output>
        </test-method> <!-- verifyAddTrackingOnProductAgain -->
        <test-method signature="verifyAddingDiscount()[pri:5, instance:com.servicepoints.testCases.TC60_VerifyChangeDiscountWithResendAndRefundFunctionality@d5ae57e]" started-at="2023-06-27T09:29:21 IST" name="verifyAddingDiscount" finished-at="2023-06-27T09:30:36 IST" duration-ms="75439" status="PASS">
          <reporter-output>
          </reporter-output>
        </test-method> <!-- verifyAddingDiscount -->
        <test-method signature="raiseRefundDispute()[pri:6, instance:com.servicepoints.testCases.TC60_VerifyChangeDiscountWithResendAndRefundFunctionality@d5ae57e]" started-at="2023-06-27T09:30:36 IST" name="raiseRefundDispute" finished-at="2023-06-27T09:31:39 IST" duration-ms="62642" status="PASS">
          <reporter-output>
          </reporter-output>
        </test-method> <!-- raiseRefundDispute -->
        <test-method signature="raiseRefundDispute()[pri:6, instance:com.servicepoints.testCases.TC60_VerifyChangeDiscountWithResendAndRefundFunctionality@d5ae57e]" started-at="2023-06-27T09:31:39 IST" name="raiseRefundDispute" finished-at="2023-06-27T09:32:43 IST" duration-ms="63922" status="PASS">
          <reporter-output>
          </reporter-output>
        </test-method> <!-- raiseRefundDispute -->
        <test-method signature="raiseRefundDispute()[pri:6, instance:com.servicepoints.testCases.TC60_VerifyChangeDiscountWithResendAndRefundFunctionality@d5ae57e]" started-at="2023-06-27T09:32:43 IST" name="raiseRefundDispute" finished-at="2023-06-27T09:33:47 IST" duration-ms="63589" status="PASS">
          <reporter-output>
          </reporter-output>
        </test-method> <!-- raiseRefundDispute -->
        <test-method signature="verifyDiscountFromClientSide()[pri:7, instance:com.servicepoints.testCases.TC60_VerifyChangeDiscountWithResendAndRefundFunctionality@d5ae57e]" started-at="2023-06-27T09:33:47 IST" name="verifyDiscountFromClientSide" finished-at="2023-06-27T09:34:42 IST" duration-ms="54903" status="PASS">
          <reporter-output>
          </reporter-output>
        </test-method> <!-- verifyDiscountFromClientSide -->
        <test-method signature="verifyAddingDiscountOnRemainingVariants()[pri:8, instance:com.servicepoints.testCases.TC60_VerifyChangeDiscountWithResendAndRefundFunctionality@d5ae57e]" started-at="2023-06-27T09:34:42 IST" name="verifyAddingDiscountOnRemainingVariants" finished-at="2023-06-27T09:35:07 IST" duration-ms="25907" status="PASS">
          <reporter-output>
          </reporter-output>
        </test-method> <!-- verifyAddingDiscountOnRemainingVariants -->
        <test-method is-config="true" signature="tearDown()[pri:0, instance:com.servicepoints.testCases.TC60_VerifyChangeDiscountWithResendAndRefundFunctionality@d5ae57e]" started-at="2023-06-27T09:35:07 IST" name="tearDown" finished-at="2023-06-27T09:35:08 IST" duration-ms="105" status="PASS">
          <reporter-output>
          </reporter-output>
        </test-method> <!-- tearDown -->
      </class> <!-- com.servicepoints.testCases.TC60_VerifyChangeDiscountWithResendAndRefundFunctionality -->
    </test> <!-- Test -->
  </suite> <!-- Suite -->
</testng-results>
