<?xml version="1.0" encoding="UTF-8"?>
<testng-results ignored="1" total="3" passed="2" failed="0" skipped="0">
  <reporter-output>
  </reporter-output>
  <suite started-at="2023-06-13T13:31:50 IST" name="Suite" finished-at="2023-06-13T13:34:23 IST" duration-ms="153384">
    <groups>
    </groups>
    <test started-at="2023-06-13T13:31:50 IST" name="Test" finished-at="2023-06-13T13:34:23 IST" duration-ms="153384">
      <class name="com.servicepoints.testCases.TC56_VerifyAddDiscountFunctionality">
        <test-method is-config="true" signature="setup(java.lang.String)[pri:0, instance:com.servicepoints.testCases.TC56_VerifyAddDiscountFunctionality@545de5a4]" started-at="2023-06-13T13:31:50 IST" name="setup" finished-at="2023-06-13T13:31:54 IST" duration-ms="4446" status="PASS">
          <params>
            <param index="0">
              <value>
                <![CDATA[chrome]]>
              </value>
            </param>
          </params>
          <reporter-output>
          </reporter-output>
        </test-method> <!-- setup -->
        <test-method signature="submitAndAcceptQuotation()[pri:1, instance:com.servicepoints.testCases.TC56_VerifyAddDiscountFunctionality@545de5a4]" started-at="2023-06-13T13:31:54 IST" name="submitAndAcceptQuotation" finished-at="2023-06-13T13:32:54 IST" duration-ms="59351" status="PASS">
          <reporter-output>
          </reporter-output>
        </test-method> <!-- submitAndAcceptQuotation -->
        <test-method signature="verifyAddTrackingAndResendProduct()[pri:2, instance:com.servicepoints.testCases.TC56_VerifyAddDiscountFunctionality@545de5a4]" started-at="2023-06-13T13:32:54 IST" name="verifyAddTrackingAndResendProduct" finished-at="2023-06-13T13:34:23 IST" duration-ms="89451" status="PASS">
          <reporter-output>
          </reporter-output>
        </test-method> <!-- verifyAddTrackingAndResendProduct -->
        <test-method is-config="true" signature="tearDown()[pri:0, instance:com.servicepoints.testCases.TC56_VerifyAddDiscountFunctionality@545de5a4]" started-at="2023-06-13T13:34:23 IST" name="tearDown" finished-at="2023-06-13T13:34:23 IST" duration-ms="98" status="PASS">
          <reporter-output>
          </reporter-output>
        </test-method> <!-- tearDown -->
      </class> <!-- com.servicepoints.testCases.TC56_VerifyAddDiscountFunctionality -->
    </test> <!-- Test -->
  </suite> <!-- Suite -->
</testng-results>
