<?xml version="1.0" encoding="UTF-8"?>
<testng-results ignored="0" total="10" passed="9" failed="1" skipped="0">
  <reporter-output>
  </reporter-output>
  <suite started-at="2023-06-19T12:46:22 IST" name="Suite" finished-at="2023-06-19T12:57:33 IST" duration-ms="670810">
    <groups>
    </groups>
    <test started-at="2023-06-19T12:46:22 IST" name="Test" finished-at="2023-06-19T12:57:33 IST" duration-ms="670810">
      <class name="com.servicepoints.testCases.TC60_VerifyChangeDiscountWithResendAndRefundFunctionality">
        <test-method is-config="true" signature="setup(java.lang.String)[pri:0, instance:com.servicepoints.testCases.TC60_VerifyChangeDiscountWithResendAndRefundFunctionality@274872f8]" started-at="2023-06-19T12:46:22 IST" name="setup" finished-at="2023-06-19T12:46:29 IST" duration-ms="6543" status="PASS">
          <params>
            <param index="0">
              <value>
                <![CDATA[chrome]]>
              </value>
            </param>
          </params>
          <reporter-output>
          </reporter-output>
        </test-method> <!-- setup -->
        <test-method signature="submitAndAcceptQuotation()[pri:1, instance:com.servicepoints.testCases.TC60_VerifyChangeDiscountWithResendAndRefundFunctionality@274872f8]" started-at="2023-06-19T12:46:29 IST" name="submitAndAcceptQuotation" finished-at="2023-06-19T12:47:32 IST" duration-ms="62565" status="PASS">
          <reporter-output>
          </reporter-output>
        </test-method> <!-- submitAndAcceptQuotation -->
        <test-method signature="verifyAddTrackingOnProduct()[pri:2, instance:com.servicepoints.testCases.TC60_VerifyChangeDiscountWithResendAndRefundFunctionality@274872f8]" started-at="2023-06-19T12:47:32 IST" name="verifyAddTrackingOnProduct" finished-at="2023-06-19T12:49:06 IST" duration-ms="94076" status="PASS">
          <reporter-output>
          </reporter-output>
        </test-method> <!-- verifyAddTrackingOnProduct -->
        <test-method signature="raiseResendDispute()[pri:3, instance:com.servicepoints.testCases.TC60_VerifyChangeDiscountWithResendAndRefundFunctionality@274872f8]" started-at="2023-06-19T12:49:06 IST" name="raiseResendDispute" finished-at="2023-06-19T12:50:10 IST" duration-ms="64426" status="PASS">
          <reporter-output>
          </reporter-output>
        </test-method> <!-- raiseResendDispute -->
        <test-method signature="verifyAddTrackingOnProductAgain()[pri:4, instance:com.servicepoints.testCases.TC60_VerifyChangeDiscountWithResendAndRefundFunctionality@274872f8]" started-at="2023-06-19T12:50:10 IST" name="verifyAddTrackingOnProductAgain" finished-at="2023-06-19T12:51:48 IST" duration-ms="97622" status="FAIL">
          <exception class="org.openqa.selenium.TimeoutException">
            <message>
              <![CDATA[Expected condition failed: waiting for visibility of [[ChromeDriver: chrome on LINUX (cd726b7551e306ea17bdd2c2f264bc81)] -> xpath: //div[@class='modal fade bd-example-modal-sm' and @id='save_client_info']] (tried for 60 second(s) with 500 milliseconds interval)
Build info: version: '3.141.59', revision: 'e82be7d358', time: '2018-11-14T08:17:03'
System info: host: 'sarasvati-Precision-Tower-3420', ip: '127.0.1.1', os.name: 'Linux', os.arch: 'amd64', os.version: '5.15.0-73-generic', java.version: '17.0.5'
Driver info: org.openqa.selenium.chrome.ChromeDriver
Capabilities {acceptInsecureCerts: false, browserName: chrome, browserVersion: 114.0.5735.106, chrome: {chromedriverVersion: 114.0.5735.90 (386bc09e8f4f..., userDataDir: /tmp/.com.google.Chrome.Ni1FCn}, goog:chromeOptions: {debuggerAddress: localhost:37317}, javascriptEnabled: true, networkConnectionEnabled: false, pageLoadStrategy: normal, platform: LINUX, platformName: LINUX, proxy: Proxy(), setWindowRect: true, strictFileInteractability: false, timeouts: {implicit: 0, pageLoad: 300000, script: 30000}, unhandledPromptBehavior: dismiss and notify, webauthn:extension:credBlob: true, webauthn:extension:largeBlob: true, webauthn:extension:minPinLength: true, webauthn:extension:prf: true, webauthn:virtualAuthenticators: true}
Session ID: cd726b7551e306ea17bdd2c2f264bc81]]>
            </message>
            <full-stacktrace>
              <![CDATA[org.openqa.selenium.TimeoutException: Expected condition failed: waiting for visibility of [[ChromeDriver: chrome on LINUX (cd726b7551e306ea17bdd2c2f264bc81)] -> xpath: //div[@class='modal fade bd-example-modal-sm' and @id='save_client_info']] (tried for 60 second(s) with 500 milliseconds interval)
Build info: version: '3.141.59', revision: 'e82be7d358', time: '2018-11-14T08:17:03'
System info: host: 'sarasvati-Precision-Tower-3420', ip: '127.0.1.1', os.name: 'Linux', os.arch: 'amd64', os.version: '5.15.0-73-generic', java.version: '17.0.5'
Driver info: org.openqa.selenium.chrome.ChromeDriver
Capabilities {acceptInsecureCerts: false, browserName: chrome, browserVersion: 114.0.5735.106, chrome: {chromedriverVersion: 114.0.5735.90 (386bc09e8f4f..., userDataDir: /tmp/.com.google.Chrome.Ni1FCn}, goog:chromeOptions: {debuggerAddress: localhost:37317}, javascriptEnabled: true, networkConnectionEnabled: false, pageLoadStrategy: normal, platform: LINUX, platformName: LINUX, proxy: Proxy(), setWindowRect: true, strictFileInteractability: false, timeouts: {implicit: 0, pageLoad: 300000, script: 30000}, unhandledPromptBehavior: dismiss and notify, webauthn:extension:credBlob: true, webauthn:extension:largeBlob: true, webauthn:extension:minPinLength: true, webauthn:extension:prf: true, webauthn:virtualAuthenticators: true}
Session ID: cd726b7551e306ea17bdd2c2f264bc81
at org.openqa.selenium.support.ui.WebDriverWait.timeoutException(WebDriverWait.java:95)
at org.openqa.selenium.support.ui.FluentWait.until(FluentWait.java:272)
at com.servicepoints.PageObjects.AgentOrdersPage.waitTillSuccessBoxOfTrackingNum(AgentOrdersPage.java:178)
at com.servicepoints.testCases.TC60_VerifyChangeDiscountWithResendAndRefundFunctionality.verifyAddTrackingOnProductAgain(TC60_VerifyChangeDiscountWithResendAndRefundFunctionality.java:395)
at java.base/jdk.internal.reflect.NativeMethodAccessorImpl.invoke0(Native Method)
at java.base/jdk.internal.reflect.NativeMethodAccessorImpl.invoke(NativeMethodAccessorImpl.java:77)
at java.base/jdk.internal.reflect.DelegatingMethodAccessorImpl.invoke(DelegatingMethodAccessorImpl.java:43)
at java.base/java.lang.reflect.Method.invoke(Method.java:568)
at org.testng.internal.invokers.MethodInvocationHelper.invokeMethod(MethodInvocationHelper.java:139)
at org.testng.internal.invokers.TestInvoker.invokeMethod(TestInvoker.java:677)
at org.testng.internal.invokers.TestInvoker.invokeTestMethod(TestInvoker.java:221)
at org.testng.internal.invokers.MethodRunner.runInSequence(MethodRunner.java:50)
at org.testng.internal.invokers.TestInvoker$MethodInvocationAgent.invoke(TestInvoker.java:969)
at org.testng.internal.invokers.TestInvoker.invokeTestMethods(TestInvoker.java:194)
at org.testng.internal.invokers.TestMethodWorker.invokeTestMethods(TestMethodWorker.java:148)
at org.testng.internal.invokers.TestMethodWorker.run(TestMethodWorker.java:128)
at java.base/java.util.ArrayList.forEach(ArrayList.java:1511)
at org.testng.TestRunner.privateRun(TestRunner.java:829)
at org.testng.TestRunner.run(TestRunner.java:602)
at org.testng.SuiteRunner.runTest(SuiteRunner.java:437)
at org.testng.SuiteRunner.runSequentially(SuiteRunner.java:431)
at org.testng.SuiteRunner.privateRun(SuiteRunner.java:391)
at org.testng.SuiteRunner.run(SuiteRunner.java:330)
at org.testng.SuiteRunnerWorker.runSuite(SuiteRunnerWorker.java:52)
at org.testng.SuiteRunnerWorker.run(SuiteRunnerWorker.java:95)
at org.testng.TestNG.runSuitesSequentially(TestNG.java:1256)
at org.testng.TestNG.runSuitesLocally(TestNG.java:1176)
at org.testng.TestNG.runSuites(TestNG.java:1099)
at org.testng.TestNG.run(TestNG.java:1067)
at org.testng.remote.AbstractRemoteTestNG.run(AbstractRemoteTestNG.java:115)
at org.testng.remote.RemoteTestNG.initAndRun(RemoteTestNG.java:251)
at org.testng.remote.RemoteTestNG.main(RemoteTestNG.java:77)
]]>
            </full-stacktrace>
          </exception> <!-- org.openqa.selenium.TimeoutException -->
          <reporter-output>
          </reporter-output>
        </test-method> <!-- verifyAddTrackingOnProductAgain -->
        <test-method signature="verifyAddingDiscount()[pri:5, instance:com.servicepoints.testCases.TC60_VerifyChangeDiscountWithResendAndRefundFunctionality@274872f8]" started-at="2023-06-19T12:51:48 IST" name="verifyAddingDiscount" finished-at="2023-06-19T12:53:05 IST" duration-ms="77639" status="PASS">
          <reporter-output>
          </reporter-output>
        </test-method> <!-- verifyAddingDiscount -->
        <test-method signature="raiseRefundDispute()[pri:6, instance:com.servicepoints.testCases.TC60_VerifyChangeDiscountWithResendAndRefundFunctionality@274872f8]" started-at="2023-06-19T12:53:05 IST" name="raiseRefundDispute" finished-at="2023-06-19T12:54:13 IST" duration-ms="67231" status="PASS">
          <reporter-output>
          </reporter-output>
        </test-method> <!-- raiseRefundDispute -->
        <test-method signature="raiseRefundDispute()[pri:6, instance:com.servicepoints.testCases.TC60_VerifyChangeDiscountWithResendAndRefundFunctionality@274872f8]" started-at="2023-06-19T12:54:13 IST" name="raiseRefundDispute" finished-at="2023-06-19T12:55:18 IST" duration-ms="65292" status="PASS">
          <reporter-output>
          </reporter-output>
        </test-method> <!-- raiseRefundDispute -->
        <test-method signature="raiseRefundDispute()[pri:6, instance:com.servicepoints.testCases.TC60_VerifyChangeDiscountWithResendAndRefundFunctionality@274872f8]" started-at="2023-06-19T12:55:18 IST" name="raiseRefundDispute" finished-at="2023-06-19T12:56:23 IST" duration-ms="64965" status="PASS">
          <reporter-output>
          </reporter-output>
        </test-method> <!-- raiseRefundDispute -->
        <test-method signature="verifyDiscountFromClientSide()[pri:7, instance:com.servicepoints.testCases.TC60_VerifyChangeDiscountWithResendAndRefundFunctionality@274872f8]" started-at="2023-06-19T12:56:23 IST" name="verifyDiscountFromClientSide" finished-at="2023-06-19T12:56:39 IST" duration-ms="16587" status="PASS">
          <reporter-output>
          </reporter-output>
        </test-method> <!-- verifyDiscountFromClientSide -->
        <test-method signature="verifyAddingDiscountOnRemainingVariants()[pri:8, instance:com.servicepoints.testCases.TC60_VerifyChangeDiscountWithResendAndRefundFunctionality@274872f8]" started-at="2023-06-19T12:56:39 IST" name="verifyAddingDiscountOnRemainingVariants" finished-at="2023-06-19T12:57:33 IST" duration-ms="53592" status="PASS">
          <reporter-output>
          </reporter-output>
        </test-method> <!-- verifyAddingDiscountOnRemainingVariants -->
        <test-method is-config="true" signature="tearDown()[pri:0, instance:com.servicepoints.testCases.TC60_VerifyChangeDiscountWithResendAndRefundFunctionality@274872f8]" started-at="2023-06-19T12:57:33 IST" name="tearDown" finished-at="2023-06-19T12:57:33 IST" duration-ms="203" status="PASS">
          <reporter-output>
          </reporter-output>
        </test-method> <!-- tearDown -->
      </class> <!-- com.servicepoints.testCases.TC60_VerifyChangeDiscountWithResendAndRefundFunctionality -->
    </test> <!-- Test -->
  </suite> <!-- Suite -->
</testng-results>
