<?xml version="1.0" encoding="UTF-8"?>
<testng-results ignored="0" total="2" passed="2" failed="0" skipped="0">
  <reporter-output>
  </reporter-output>
  <suite started-at="2023-04-20T17:40:49 IST" name="Suite" finished-at="2023-04-20T17:41:53 IST" duration-ms="63613">
    <groups>
    </groups>
    <test started-at="2023-04-20T17:40:49 IST" name="Testng" finished-at="2023-04-20T17:41:53 IST" duration-ms="63613">
      <class name="com.servicepoints.testCases.TC22_VerifyCloseSpecialRequestFunction">
        <test-method is-config="true" signature="setup(java.lang.String)[pri:0, instance:com.servicepoints.testCases.TC22_VerifyCloseSpecialRequestFunction@29ef6856]" started-at="2023-04-20T17:41:19 IST" name="setup" finished-at="2023-04-20T17:41:24 IST" duration-ms="4540" status="PASS">
          <params>
            <param index="0">
              <value>
                <![CDATA[chrome]]>
              </value>
            </param>
          </params>
          <reporter-output>
          </reporter-output>
        </test-method> <!-- setup -->
        <test-method signature="verifyCloseSpecialRequest()[pri:0, instance:com.servicepoints.testCases.TC22_VerifyCloseSpecialRequestFunction@29ef6856]" started-at="2023-04-20T17:41:24 IST" name="verifyCloseSpecialRequest" finished-at="2023-04-20T17:41:52 IST" duration-ms="28892" status="PASS">
          <reporter-output>
          </reporter-output>
        </test-method> <!-- verifyCloseSpecialRequest -->
        <test-method is-config="true" signature="tearDown()[pri:0, instance:com.servicepoints.testCases.TC22_VerifyCloseSpecialRequestFunction@29ef6856]" started-at="2023-04-20T17:41:52 IST" name="tearDown" finished-at="2023-04-20T17:41:53 IST" duration-ms="75" status="PASS">
          <reporter-output>
          </reporter-output>
        </test-method> <!-- tearDown -->
      </class> <!-- com.servicepoints.testCases.TC22_VerifyCloseSpecialRequestFunction -->
      <class name="com.servicepoints.testCases.TC21_VerifySpecialRequestFunction">
        <test-method is-config="true" signature="setup(java.lang.String)[pri:0, instance:com.servicepoints.testCases.TC21_VerifySpecialRequestFunction@64beebb7]" started-at="2023-04-20T17:40:49 IST" name="setup" finished-at="2023-04-20T17:40:54 IST" duration-ms="5298" status="PASS">
          <params>
            <param index="0">
              <value>
                <![CDATA[chrome]]>
              </value>
            </param>
          </params>
          <reporter-output>
          </reporter-output>
        </test-method> <!-- setup -->
        <test-method signature="verifySpecialRequest()[pri:0, instance:com.servicepoints.testCases.TC21_VerifySpecialRequestFunction@64beebb7]" started-at="2023-04-20T17:40:54 IST" name="verifySpecialRequest" finished-at="2023-04-20T17:41:19 IST" duration-ms="24701" status="PASS">
          <reporter-output>
          </reporter-output>
        </test-method> <!-- verifySpecialRequest -->
        <test-method is-config="true" signature="tearDown()[pri:0, instance:com.servicepoints.testCases.TC21_VerifySpecialRequestFunction@64beebb7]" started-at="2023-04-20T17:41:19 IST" name="tearDown" finished-at="2023-04-20T17:41:19 IST" duration-ms="74" status="PASS">
          <reporter-output>
          </reporter-output>
        </test-method> <!-- tearDown -->
      </class> <!-- com.servicepoints.testCases.TC21_VerifySpecialRequestFunction -->
    </test> <!-- Testng -->
  </suite> <!-- Suite -->
</testng-results>
