<?xml version="1.0" encoding="UTF-8"?>
<testng-results ignored="0" total="5" passed="5" failed="0" skipped="0">
  <reporter-output>
  </reporter-output>
  <suite started-at="2023-06-09T14:34:47 IST" name="Suite" finished-at="2023-06-09T14:40:12 IST" duration-ms="324912">
    <groups>
    </groups>
    <test started-at="2023-06-09T14:34:47 IST" name="Test" finished-at="2023-06-09T14:40:12 IST" duration-ms="324912">
      <class name="com.servicepoints.testCases.TC57_VerifyDiscountFunctionalityWithRefund">
        <test-method is-config="true" signature="setup(java.lang.String)[pri:0, instance:com.servicepoints.testCases.TC57_VerifyDiscountFunctionalityWithRefund@32f0fba8]" started-at="2023-06-09T14:34:47 IST" name="setup" finished-at="2023-06-09T14:34:53 IST" duration-ms="6144" status="PASS">
          <params>
            <param index="0">
              <value>
                <![CDATA[chrome]]>
              </value>
            </param>
          </params>
          <reporter-output>
          </reporter-output>
        </test-method> <!-- setup -->
        <test-method signature="submitAndAcceptQuotation()[pri:1, instance:com.servicepoints.testCases.TC57_VerifyDiscountFunctionalityWithRefund@32f0fba8]" started-at="2023-06-09T14:34:53 IST" name="submitAndAcceptQuotation" finished-at="2023-06-09T14:35:54 IST" duration-ms="61409" status="PASS">
          <reporter-output>
          </reporter-output>
        </test-method> <!-- submitAndAcceptQuotation -->
        <test-method signature="verifyAddTrackingAndResendProduct()[pri:2, instance:com.servicepoints.testCases.TC57_VerifyDiscountFunctionalityWithRefund@32f0fba8]" started-at="2023-06-09T14:35:54 IST" name="verifyAddTrackingAndResendProduct" finished-at="2023-06-09T14:37:08 IST" duration-ms="73254" status="PASS">
          <reporter-output>
          </reporter-output>
        </test-method> <!-- verifyAddTrackingAndResendProduct -->
        <test-method signature="raiseRefundDispute()[pri:3, instance:com.servicepoints.testCases.TC57_VerifyDiscountFunctionalityWithRefund@32f0fba8]" started-at="2023-06-09T14:37:08 IST" name="raiseRefundDispute" finished-at="2023-06-09T14:38:08 IST" duration-ms="60320" status="PASS">
          <reporter-output>
          </reporter-output>
        </test-method> <!-- raiseRefundDispute -->
        <test-method signature="raiseRefundDispute()[pri:3, instance:com.servicepoints.testCases.TC57_VerifyDiscountFunctionalityWithRefund@32f0fba8]" started-at="2023-06-09T14:38:08 IST" name="raiseRefundDispute" finished-at="2023-06-09T14:39:10 IST" duration-ms="61726" status="PASS">
          <reporter-output>
          </reporter-output>
        </test-method> <!-- raiseRefundDispute -->
        <test-method signature="raiseRefundDispute()[pri:3, instance:com.servicepoints.testCases.TC57_VerifyDiscountFunctionalityWithRefund@32f0fba8]" started-at="2023-06-09T14:39:10 IST" name="raiseRefundDispute" finished-at="2023-06-09T14:40:12 IST" duration-ms="61912" status="PASS">
          <reporter-output>
          </reporter-output>
        </test-method> <!-- raiseRefundDispute -->
        <test-method is-config="true" signature="tearDown()[pri:0, instance:com.servicepoints.testCases.TC57_VerifyDiscountFunctionalityWithRefund@32f0fba8]" started-at="2023-06-09T14:40:12 IST" name="tearDown" finished-at="2023-06-09T14:40:12 IST" duration-ms="95" status="PASS">
          <reporter-output>
          </reporter-output>
        </test-method> <!-- tearDown -->
      </class> <!-- com.servicepoints.testCases.TC57_VerifyDiscountFunctionalityWithRefund -->
    </test> <!-- Test -->
  </suite> <!-- Suite -->
</testng-results>
