<?xml version="1.0" encoding="UTF-8"?>
<testng-results ignored="0" total="1" passed="1" failed="0" skipped="0">
  <reporter-output>
  </reporter-output>
  <suite started-at="2023-05-08T18:26:58 IST" name="Suite" finished-at="2023-05-08T18:30:00 IST" duration-ms="182151">
    <groups>
    </groups>
    <test started-at="2023-05-08T18:26:58 IST" name="Test" finished-at="2023-05-08T18:30:00 IST" duration-ms="182151">
      <class name="com.servicepoints.testCases.TC33_VerifyPaymentPendingOrderTest">
        <test-method is-config="true" signature="setup(java.lang.String)[pri:0, instance:com.servicepoints.testCases.TC33_VerifyPaymentPendingOrderTest@3faf2e7d]" started-at="2023-05-08T18:26:58 IST" name="setup" finished-at="2023-05-08T18:27:05 IST" duration-ms="7594" status="PASS">
          <params>
            <param index="0">
              <value>
                <![CDATA[chrome]]>
              </value>
            </param>
          </params>
          <reporter-output>
          </reporter-output>
        </test-method> <!-- setup -->
        <test-method signature="verifyPaymentPendingOrder()[pri:0, instance:com.servicepoints.testCases.TC33_VerifyPaymentPendingOrderTest@3faf2e7d]" started-at="2023-05-08T18:27:05 IST" name="verifyPaymentPendingOrder" finished-at="2023-05-08T18:30:00 IST" duration-ms="174301" status="PASS">
          <reporter-output>
          </reporter-output>
        </test-method> <!-- verifyPaymentPendingOrder -->
        <test-method is-config="true" signature="tearDown()[pri:0, instance:com.servicepoints.testCases.TC33_VerifyPaymentPendingOrderTest@3faf2e7d]" started-at="2023-05-08T18:30:00 IST" name="tearDown" finished-at="2023-05-08T18:30:00 IST" duration-ms="110" status="PASS">
          <reporter-output>
          </reporter-output>
        </test-method> <!-- tearDown -->
      </class> <!-- com.servicepoints.testCases.TC33_VerifyPaymentPendingOrderTest -->
    </test> <!-- Test -->
  </suite> <!-- Suite -->
</testng-results>
