<?xml version="1.0" encoding="UTF-8"?>
<testng-results ignored="0" total="1" passed="1" failed="0" skipped="0">
  <reporter-output>
  </reporter-output>
  <suite started-at="2023-05-16T20:11:48 IST" name="Suite" finished-at="2023-05-16T20:14:04 IST" duration-ms="136152">
    <groups>
    </groups>
    <test started-at="2023-05-16T20:11:48 IST" name="Test" finished-at="2023-05-16T20:14:04 IST" duration-ms="136152">
      <class name="com.servicepoints.testCases.TC35_VerifyPaymentPendingOrderForAddressError">
        <test-method is-config="true" signature="setup(java.lang.String)[pri:0, instance:com.servicepoints.testCases.TC35_VerifyPaymentPendingOrderForAddressError@3700ec9c]" started-at="2023-05-16T20:11:48 IST" name="setup" finished-at="2023-05-16T20:11:59 IST" duration-ms="10446" status="PASS">
          <params>
            <param index="0">
              <value>
                <![CDATA[chrome]]>
              </value>
            </param>
          </params>
          <reporter-output>
          </reporter-output>
        </test-method> <!-- setup -->
        <test-method signature="verifyPaymentPendingOrderForAddressError()[pri:0, instance:com.servicepoints.testCases.TC35_VerifyPaymentPendingOrderForAddressError@3700ec9c]" started-at="2023-05-16T20:11:59 IST" name="verifyPaymentPendingOrderForAddressError" finished-at="2023-05-16T20:14:03 IST" duration-ms="124409" status="PASS">
          <reporter-output>
          </reporter-output>
        </test-method> <!-- verifyPaymentPendingOrderForAddressError -->
        <test-method is-config="true" signature="tearDown()[pri:0, instance:com.servicepoints.testCases.TC35_VerifyPaymentPendingOrderForAddressError@3700ec9c]" started-at="2023-05-16T20:14:03 IST" name="tearDown" finished-at="2023-05-16T20:14:04 IST" duration-ms="949" status="PASS">
          <reporter-output>
          </reporter-output>
        </test-method> <!-- tearDown -->
      </class> <!-- com.servicepoints.testCases.TC35_VerifyPaymentPendingOrderForAddressError -->
    </test> <!-- Test -->
  </suite> <!-- Suite -->
</testng-results>
