<?xml version="1.0" encoding="UTF-8"?>
<testng-results ignored="0" total="1" passed="1" failed="0" skipped="0">
  <reporter-output>
  </reporter-output>
  <suite started-at="2023-05-01T19:13:45 IST" name="Suite" finished-at="2023-05-01T19:14:54 IST" duration-ms="69106">
    <groups>
    </groups>
    <test started-at="2023-05-01T19:13:45 IST" name="Test" finished-at="2023-05-01T19:14:54 IST" duration-ms="69106">
      <class name="com.servicepoints.testCases.TC16_VerifyUpdateDeleteQuotation">
        <test-method is-config="true" signature="setup(java.lang.String)[pri:0, instance:com.servicepoints.testCases.TC16_VerifyUpdateDeleteQuotation@5ae1c281]" started-at="2023-05-01T19:13:45 IST" name="setup" finished-at="2023-05-01T19:13:54 IST" duration-ms="8454" status="PASS">
          <params>
            <param index="0">
              <value>
                <![CDATA[chrome]]>
              </value>
            </param>
          </params>
          <reporter-output>
          </reporter-output>
        </test-method> <!-- setup -->
        <test-method signature="verifyUpdateDeleteQuotation()[pri:0, instance:com.servicepoints.testCases.TC16_VerifyUpdateDeleteQuotation@5ae1c281]" started-at="2023-05-01T19:13:54 IST" name="verifyUpdateDeleteQuotation" finished-at="2023-05-01T19:14:54 IST" duration-ms="60232" status="PASS">
          <reporter-output>
          </reporter-output>
        </test-method> <!-- verifyUpdateDeleteQuotation -->
        <test-method is-config="true" signature="tearDown()[pri:0, instance:com.servicepoints.testCases.TC16_VerifyUpdateDeleteQuotation@5ae1c281]" started-at="2023-05-01T19:14:54 IST" name="tearDown" finished-at="2023-05-01T19:14:54 IST" duration-ms="105" status="PASS">
          <reporter-output>
          </reporter-output>
        </test-method> <!-- tearDown -->
      </class> <!-- com.servicepoints.testCases.TC16_VerifyUpdateDeleteQuotation -->
    </test> <!-- Test -->
  </suite> <!-- Suite -->
</testng-results>
