<?xml version="1.0" encoding="UTF-8"?>
<testng-results ignored="0" total="3" passed="3" failed="0" skipped="0">
  <reporter-output>
  </reporter-output>
  <suite started-at="2023-06-12T13:11:57 IST" name="Suite" finished-at="2023-06-12T13:13:45 IST" duration-ms="107274">
    <groups>
    </groups>
    <test started-at="2023-06-12T13:11:57 IST" name="Test" finished-at="2023-06-12T13:13:45 IST" duration-ms="107274">
      <class name="com.servicepoints.testCases.TC03_VerifyAdminSUPLoginTest">
        <test-method is-config="true" signature="setup(java.lang.String)[pri:0, instance:com.servicepoints.testCases.TC03_VerifyAdminSUPLoginTest@4648ce9]" started-at="2023-06-12T13:12:38 IST" name="setup" finished-at="2023-06-12T13:12:43 IST" duration-ms="5038" status="PASS">
          <params>
            <param index="0">
              <value>
                <![CDATA[firefox]]>
              </value>
            </param>
          </params>
          <reporter-output>
          </reporter-output>
        </test-method> <!-- setup -->
        <test-method signature="verifyAdminSUPLoginTest()[pri:0, instance:com.servicepoints.testCases.TC03_VerifyAdminSUPLoginTest@4648ce9]" started-at="2023-06-12T13:12:43 IST" name="verifyAdminSUPLoginTest" finished-at="2023-06-12T13:13:05 IST" duration-ms="21787" status="PASS">
          <reporter-output>
          </reporter-output>
        </test-method> <!-- verifyAdminSUPLoginTest -->
        <test-method is-config="true" signature="tearDown()[pri:0, instance:com.servicepoints.testCases.TC03_VerifyAdminSUPLoginTest@4648ce9]" started-at="2023-06-12T13:13:05 IST" name="tearDown" finished-at="2023-06-12T13:13:06 IST" duration-ms="962" status="PASS">
          <reporter-output>
          </reporter-output>
        </test-method> <!-- tearDown -->
      </class> <!-- com.servicepoints.testCases.TC03_VerifyAdminSUPLoginTest -->
      <class name="com.servicepoints.testCases.TC04_VerifyAddAgentSupBySupplier">
        <test-method is-config="true" signature="setup(java.lang.String)[pri:0, instance:com.servicepoints.testCases.TC04_VerifyAddAgentSupBySupplier@569bf9eb]" started-at="2023-06-12T13:13:06 IST" name="setup" finished-at="2023-06-12T13:13:11 IST" duration-ms="5115" status="PASS">
          <params>
            <param index="0">
              <value>
                <![CDATA[firefox]]>
              </value>
            </param>
          </params>
          <reporter-output>
          </reporter-output>
        </test-method> <!-- setup -->
        <test-method signature="verifyAddAgentSUP()[pri:0, instance:com.servicepoints.testCases.TC04_VerifyAddAgentSupBySupplier@569bf9eb]" started-at="2023-06-12T13:13:11 IST" name="verifyAddAgentSUP" finished-at="2023-06-12T13:13:43 IST" duration-ms="32869" status="PASS">
          <reporter-output>
          </reporter-output>
        </test-method> <!-- verifyAddAgentSUP -->
        <test-method is-config="true" signature="tearDown()[pri:0, instance:com.servicepoints.testCases.TC04_VerifyAddAgentSupBySupplier@569bf9eb]" started-at="2023-06-12T13:13:43 IST" name="tearDown" finished-at="2023-06-12T13:13:45 IST" duration-ms="1159" status="PASS">
          <reporter-output>
          </reporter-output>
        </test-method> <!-- tearDown -->
      </class> <!-- com.servicepoints.testCases.TC04_VerifyAddAgentSupBySupplier -->
      <class name="com.servicepoints.testCases.TC02_VerifySupplierSignUp">
        <test-method is-config="true" signature="setup(java.lang.String)[pri:0, instance:com.servicepoints.testCases.TC02_VerifySupplierSignUp@21005f6c]" started-at="2023-06-12T13:11:57 IST" name="setup" finished-at="2023-06-12T13:12:03 IST" duration-ms="5452" status="PASS">
          <params>
            <param index="0">
              <value>
                <![CDATA[firefox]]>
              </value>
            </param>
          </params>
          <reporter-output>
          </reporter-output>
        </test-method> <!-- setup -->
        <test-method signature="verifySupplierSignUp()[pri:0, instance:com.servicepoints.testCases.TC02_VerifySupplierSignUp@21005f6c]" started-at="2023-06-12T13:12:03 IST" name="verifySupplierSignUp" finished-at="2023-06-12T13:12:36 IST" duration-ms="33390" status="PASS">
          <reporter-output>
          </reporter-output>
        </test-method> <!-- verifySupplierSignUp -->
        <test-method is-config="true" signature="tearDown()[pri:0, instance:com.servicepoints.testCases.TC02_VerifySupplierSignUp@21005f6c]" started-at="2023-06-12T13:12:36 IST" name="tearDown" finished-at="2023-06-12T13:12:38 IST" duration-ms="1448" status="PASS">
          <reporter-output>
          </reporter-output>
        </test-method> <!-- tearDown -->
      </class> <!-- com.servicepoints.testCases.TC02_VerifySupplierSignUp -->
    </test> <!-- Test -->
  </suite> <!-- Suite -->
</testng-results>
