<?xml version="1.0" encoding="UTF-8"?>
<testng-results ignored="4" total="5" passed="1" failed="0" skipped="0">
  <reporter-output>
  </reporter-output>
  <suite started-at="2023-06-07T14:46:32 IST" name="Suite" finished-at="2023-06-07T14:47:05 IST" duration-ms="32997">
    <groups>
    </groups>
    <test started-at="2023-06-07T14:46:32 IST" name="Test" finished-at="2023-06-07T14:47:05 IST" duration-ms="32997">
      <class name="com.servicepoints.testCases.TC48_VerifyDisputeCantBeReopenForTheStatusCancelled">
        <test-method is-config="true" signature="setup(java.lang.String)[pri:0, instance:com.servicepoints.testCases.TC48_VerifyDisputeCantBeReopenForTheStatusCancelled@ab7a938]" started-at="2023-06-07T14:46:32 IST" name="setup" finished-at="2023-06-07T14:46:37 IST" duration-ms="5568" status="PASS">
          <params>
            <param index="0">
              <value>
                <![CDATA[chrome]]>
              </value>
            </param>
          </params>
          <reporter-output>
          </reporter-output>
        </test-method> <!-- setup -->
        <test-method signature="verifyReopeningOfDeclinedDispute()[pri:5, instance:com.servicepoints.testCases.TC48_VerifyDisputeCantBeReopenForTheStatusCancelled@ab7a938]" started-at="2023-06-07T14:46:37 IST" name="verifyReopeningOfDeclinedDispute" finished-at="2023-06-07T14:47:05 IST" duration-ms="27327" status="PASS">
          <reporter-output>
          </reporter-output>
        </test-method> <!-- verifyReopeningOfDeclinedDispute -->
        <test-method is-config="true" signature="tearDown()[pri:0, instance:com.servicepoints.testCases.TC48_VerifyDisputeCantBeReopenForTheStatusCancelled@ab7a938]" started-at="2023-06-07T14:47:05 IST" name="tearDown" finished-at="2023-06-07T14:47:05 IST" duration-ms="73" status="PASS">
          <reporter-output>
          </reporter-output>
        </test-method> <!-- tearDown -->
      </class> <!-- com.servicepoints.testCases.TC48_VerifyDisputeCantBeReopenForTheStatusCancelled -->
    </test> <!-- Test -->
  </suite> <!-- Suite -->
</testng-results>
