<?xml version="1.0" encoding="UTF-8"?>
<testng-results ignored="0" total="1" passed="1" failed="0" skipped="0">
  <reporter-output>
  </reporter-output>
  <suite started-at="2023-05-02T19:17:06 IST" name="Suite" finished-at="2023-05-02T19:19:49 IST" duration-ms="163452">
    <groups>
    </groups>
    <test started-at="2023-05-02T19:17:06 IST" name="Test" finished-at="2023-05-02T19:19:49 IST" duration-ms="163452">
      <class name="com.servicepoints.testCases.TC23_VerifyRefundDspDeclined">
        <test-method is-config="true" signature="setup(java.lang.String)[pri:0, instance:com.servicepoints.testCases.TC23_VerifyRefundDspDeclined@3faf2e7d]" started-at="2023-05-02T19:17:06 IST" name="setup" finished-at="2023-05-02T19:17:12 IST" duration-ms="5765" status="PASS">
          <params>
            <param index="0">
              <value>
                <![CDATA[chrome]]>
              </value>
            </param>
          </params>
          <reporter-output>
          </reporter-output>
        </test-method> <!-- setup -->
        <test-method signature="verifyRefundDspDeclined()[pri:0, instance:com.servicepoints.testCases.TC23_VerifyRefundDspDeclined@3faf2e7d]" started-at="2023-05-02T19:17:12 IST" name="verifyRefundDspDeclined" finished-at="2023-05-02T19:19:49 IST" duration-ms="157446" status="PASS">
          <reporter-output>
          </reporter-output>
        </test-method> <!-- verifyRefundDspDeclined -->
        <test-method is-config="true" signature="tearDown()[pri:0, instance:com.servicepoints.testCases.TC23_VerifyRefundDspDeclined@3faf2e7d]" started-at="2023-05-02T19:19:49 IST" name="tearDown" finished-at="2023-05-02T19:19:49 IST" duration-ms="95" status="PASS">
          <reporter-output>
          </reporter-output>
        </test-method> <!-- tearDown -->
      </class> <!-- com.servicepoints.testCases.TC23_VerifyRefundDspDeclined -->
    </test> <!-- Test -->
  </suite> <!-- Suite -->
</testng-results>
