<?xml version="1.0" encoding="UTF-8"?>
<testng-results ignored="4" total="6" passed="2" failed="0" skipped="0">
  <reporter-output>
  </reporter-output>
  <suite started-at="2023-07-04T13:38:34 IST" name="Suite" finished-at="2023-07-04T13:39:27 IST" duration-ms="52388">
    <groups>
    </groups>
    <test started-at="2023-07-04T13:38:34 IST" name="Test" finished-at="2023-07-04T13:39:27 IST" duration-ms="52388">
      <class name="com.servicepoints.testCases.TC67_VerifySimpleSpecialRequestFunctionalityBySupportAndTeamleader">
        <test-method is-config="true" signature="setup(java.lang.String)[pri:0, instance:com.servicepoints.testCases.TC67_VerifySimpleSpecialRequestFunctionalityBySupportAndTeamleader@7e985ce9]" started-at="2023-07-04T13:38:35 IST" name="setup" finished-at="2023-07-04T13:38:39 IST" duration-ms="4323" status="PASS">
          <params>
            <param index="0">
              <value>
                <![CDATA[chrome]]>
              </value>
            </param>
          </params>
          <reporter-output>
          </reporter-output>
        </test-method> <!-- setup -->
        <test-method signature="verifySumbmittingSpRequestFromSupport()[pri:5, instance:com.servicepoints.testCases.TC67_VerifySimpleSpecialRequestFunctionalityBySupportAndTeamleader@7e985ce9]" started-at="2023-07-04T13:38:39 IST" name="verifySumbmittingSpRequestFromSupport" finished-at="2023-07-04T13:39:00 IST" duration-ms="21588" status="PASS">
          <reporter-output>
          </reporter-output>
        </test-method> <!-- verifySumbmittingSpRequestFromSupport -->
        <test-method signature="verifySupplierSubmittedTheSpRequestFromSupport()[pri:6, instance:com.servicepoints.testCases.TC67_VerifySimpleSpecialRequestFunctionalityBySupportAndTeamleader@7e985ce9]" started-at="2023-07-04T13:39:00 IST" name="verifySupplierSubmittedTheSpRequestFromSupport" finished-at="2023-07-04T13:39:27 IST" duration-ms="26257" status="PASS">
          <reporter-output>
          </reporter-output>
        </test-method> <!-- verifySupplierSubmittedTheSpRequestFromSupport -->
        <test-method is-config="true" signature="tearDown()[pri:0, instance:com.servicepoints.testCases.TC67_VerifySimpleSpecialRequestFunctionalityBySupportAndTeamleader@7e985ce9]" started-at="2023-07-04T13:39:27 IST" name="tearDown" finished-at="2023-07-04T13:39:27 IST" duration-ms="87" status="PASS">
          <reporter-output>
          </reporter-output>
        </test-method> <!-- tearDown -->
      </class> <!-- com.servicepoints.testCases.TC67_VerifySimpleSpecialRequestFunctionalityBySupportAndTeamleader -->
    </test> <!-- Test -->
  </suite> <!-- Suite -->
</testng-results>
