<?xml version="1.0" encoding="UTF-8"?>
<testng-results ignored="4" total="5" passed="1" failed="0" skipped="0">
  <reporter-output>
  </reporter-output>
  <suite started-at="2023-07-07T09:40:14 IST" name="Suite" finished-at="2023-07-07T09:41:16 IST" duration-ms="61693">
    <groups>
    </groups>
    <test started-at="2023-07-07T09:40:14 IST" name="Test" finished-at="2023-07-07T09:41:16 IST" duration-ms="61693">
      <class name="com.servicepoints.testCases.TC69_VerifyProductsPageOfSupportAndTeamleaderSideForAddNewVariant">
        <test-method is-config="true" signature="setup(java.lang.String)[pri:0, instance:com.servicepoints.testCases.TC69_VerifyProductsPageOfSupportAndTeamleaderSideForAddNewVariant@ab7a938]" started-at="2023-07-07T09:40:14 IST" name="setup" finished-at="2023-07-07T09:40:19 IST" duration-ms="4744" status="PASS">
          <params>
            <param index="0">
              <value>
                <![CDATA[chrome]]>
              </value>
            </param>
          </params>
          <reporter-output>
          </reporter-output>
        </test-method> <!-- setup -->
        <test-method signature="verifyAcceptQuotationByTeamleader()[pri:5, instance:com.servicepoints.testCases.TC69_VerifyProductsPageOfSupportAndTeamleaderSideForAddNewVariant@ab7a938]" started-at="2023-07-07T09:40:19 IST" name="verifyAcceptQuotationByTeamleader" finished-at="2023-07-07T09:41:16 IST" duration-ms="56831" status="PASS">
          <reporter-output>
          </reporter-output>
        </test-method> <!-- verifyAcceptQuotationByTeamleader -->
        <test-method is-config="true" signature="tearDown()[pri:0, instance:com.servicepoints.testCases.TC69_VerifyProductsPageOfSupportAndTeamleaderSideForAddNewVariant@ab7a938]" started-at="2023-07-07T09:41:16 IST" name="tearDown" finished-at="2023-07-07T09:41:16 IST" duration-ms="90" status="PASS">
          <reporter-output>
          </reporter-output>
        </test-method> <!-- tearDown -->
      </class> <!-- com.servicepoints.testCases.TC69_VerifyProductsPageOfSupportAndTeamleaderSideForAddNewVariant -->
    </test> <!-- Test -->
  </suite> <!-- Suite -->
</testng-results>
