<?xml version="1.0" encoding="UTF-8"?>
<testng-results ignored="0" total="1" passed="1" failed="0" skipped="0">
  <reporter-output>
  </reporter-output>
  <suite started-at="2023-04-13T18:55:35 IST" name="Suite" finished-at="2023-04-13T18:56:26 IST" duration-ms="50907">
    <groups>
    </groups>
    <test started-at="2023-04-13T18:55:35 IST" name="Testng" finished-at="2023-04-13T18:56:26 IST" duration-ms="50907">
      <class name="com.servicepoints.testCases.TC13_VerifyAddAgentSupportTest">
        <test-method is-config="true" signature="setup(java.lang.String)[pri:0, instance:com.servicepoints.testCases.TC13_VerifyAddAgentSupportTest@ab7a938]" started-at="2023-04-13T18:55:35 IST" name="setup" finished-at="2023-04-13T18:55:41 IST" duration-ms="5298" status="PASS">
          <params>
            <param index="0">
              <value>
                <![CDATA[chrome]]>
              </value>
            </param>
          </params>
          <reporter-output>
          </reporter-output>
        </test-method> <!-- setup -->
        <test-method signature="verifyAddAgentSupport()[pri:0, instance:com.servicepoints.testCases.TC13_VerifyAddAgentSupportTest@ab7a938]" started-at="2023-04-13T18:55:41 IST" name="verifyAddAgentSupport" finished-at="2023-04-13T18:56:26 IST" duration-ms="45413" status="PASS">
          <reporter-output>
          </reporter-output>
        </test-method> <!-- verifyAddAgentSupport -->
        <test-method is-config="true" signature="tearDown()[pri:0, instance:com.servicepoints.testCases.TC13_VerifyAddAgentSupportTest@ab7a938]" started-at="2023-04-13T18:56:26 IST" name="tearDown" finished-at="2023-04-13T18:56:26 IST" duration-ms="73" status="PASS">
          <reporter-output>
          </reporter-output>
        </test-method> <!-- tearDown -->
      </class> <!-- com.servicepoints.testCases.TC13_VerifyAddAgentSupportTest -->
    </test> <!-- Testng -->
  </suite> <!-- Suite -->
</testng-results>
