<?xml version="1.0" encoding="UTF-8"?>
<testng-results ignored="0" total="1" passed="1" failed="0" skipped="0">
  <reporter-output>
  </reporter-output>
  <suite started-at="2023-07-13T15:00:36 IST" name="Suite" finished-at="2023-07-13T15:00:57 IST" duration-ms="20629">
    <groups>
    </groups>
    <test started-at="2023-07-13T15:00:36 IST" name="Test" finished-at="2023-07-13T15:00:57 IST" duration-ms="20629">
      <class name="com.servicepoints.testCases.TC70_VerifyNotesForSupplierAndSupportFromClient">
        <test-method is-config="true" signature="setup(java.lang.String)[pri:0, instance:com.servicepoints.testCases.TC70_VerifyNotesForSupplierAndSupportFromClient@7a48e6e2]" started-at="2023-07-13T15:00:36 IST" name="setup" finished-at="2023-07-13T15:00:40 IST" duration-ms="3610" status="PASS">
          <params>
            <param index="0">
              <value>
                <![CDATA[chrome]]>
              </value>
            </param>
          </params>
          <reporter-output>
          </reporter-output>
        </test-method> <!-- setup -->
        <test-method signature="verifyClientNoteFromSupport()[pri:1, instance:com.servicepoints.testCases.TC70_VerifyNotesForSupplierAndSupportFromClient@7a48e6e2]" started-at="2023-07-13T15:00:40 IST" name="verifyClientNoteFromSupport" finished-at="2023-07-13T15:00:56 IST" duration-ms="16812" status="PASS">
          <reporter-output>
          </reporter-output>
        </test-method> <!-- verifyClientNoteFromSupport -->
        <test-method is-config="true" signature="tearDown()[pri:0, instance:com.servicepoints.testCases.TC70_VerifyNotesForSupplierAndSupportFromClient@7a48e6e2]" started-at="2023-07-13T15:00:56 IST" name="tearDown" finished-at="2023-07-13T15:00:57 IST" duration-ms="84" status="PASS">
          <reporter-output>
          </reporter-output>
        </test-method> <!-- tearDown -->
      </class> <!-- com.servicepoints.testCases.TC70_VerifyNotesForSupplierAndSupportFromClient -->
    </test> <!-- Test -->
  </suite> <!-- Suite -->
</testng-results>
