<?xml version="1.0" encoding="UTF-8"?>
<testng-results ignored="1" total="18" passed="14" failed="3" skipped="0">
  <reporter-output>
  </reporter-output>
  <suite started-at="2023-06-27T10:39:43 IST" name="Suite" finished-at="2023-06-27T10:57:58 IST" duration-ms="1094936">
    <groups>
    </groups>
    <test started-at="2023-06-27T10:39:43 IST" name="Test" finished-at="2023-06-27T10:57:58 IST" duration-ms="1094936">
      <class name="com.servicepoints.testCases.TC40_VerifyMergeBreakOrderForDisputeTest">
        <test-method is-config="true" signature="setup(java.lang.String)[pri:0, instance:com.servicepoints.testCases.TC40_VerifyMergeBreakOrderForDisputeTest@592e843a]" started-at="2023-06-27T10:39:43 IST" name="setup" finished-at="2023-06-27T10:39:52 IST" duration-ms="8409" status="PASS">
          <params>
            <param index="0">
              <value>
                <![CDATA[chrome]]>
              </value>
            </param>
          </params>
          <reporter-output>
          </reporter-output>
        </test-method> <!-- setup -->
        <test-method signature="submitAndAcceptQuotation()[pri:1, instance:com.servicepoints.testCases.TC40_VerifyMergeBreakOrderForDisputeTest@592e843a]" started-at="2023-06-27T10:39:52 IST" name="submitAndAcceptQuotation" finished-at="2023-06-27T10:41:09 IST" duration-ms="77110" status="PASS">
          <reporter-output>
          </reporter-output>
        </test-method> <!-- submitAndAcceptQuotation -->
        <test-method signature="verifyOpenDispute()[pri:2, instance:com.servicepoints.testCases.TC40_VerifyMergeBreakOrderForDisputeTest@592e843a]" started-at="2023-06-27T10:41:09 IST" name="verifyOpenDispute" finished-at="2023-06-27T10:41:42 IST" duration-ms="33353" status="PASS">
          <reporter-output>
          </reporter-output>
        </test-method> <!-- verifyOpenDispute -->
        <test-method signature="verifyRequotation()[pri:3, instance:com.servicepoints.testCases.TC40_VerifyMergeBreakOrderForDisputeTest@592e843a]" started-at="2023-06-27T10:41:42 IST" name="verifyRequotation" finished-at="2023-06-27T10:43:29 IST" duration-ms="106922" status="PASS">
          <reporter-output>
          </reporter-output>
        </test-method> <!-- verifyRequotation -->
        <test-method signature="acceptRequoteQuotation()[pri:4, instance:com.servicepoints.testCases.TC40_VerifyMergeBreakOrderForDisputeTest@592e843a]" started-at="2023-06-27T10:43:29 IST" name="acceptRequoteQuotation" finished-at="2023-06-27T10:44:17 IST" duration-ms="47251" status="PASS">
          <reporter-output>
          </reporter-output>
        </test-method> <!-- acceptRequoteQuotation -->
        <test-method signature="verifyDisputeIsStillOpenFromAgentSide()[pri:5, instance:com.servicepoints.testCases.TC40_VerifyMergeBreakOrderForDisputeTest@592e843a]" started-at="2023-06-27T10:44:17 IST" name="verifyDisputeIsStillOpenFromAgentSide" finished-at="2023-06-27T10:45:40 IST" duration-ms="83184" status="PASS">
          <reporter-output>
          </reporter-output>
        </test-method> <!-- verifyDisputeIsStillOpenFromAgentSide -->
        <test-method signature="verifyDisputeIsStillOpenFromClientSide()[pri:6, instance:com.servicepoints.testCases.TC40_VerifyMergeBreakOrderForDisputeTest@592e843a]" started-at="2023-06-27T10:45:40 IST" name="verifyDisputeIsStillOpenFromClientSide" finished-at="2023-06-27T10:46:31 IST" duration-ms="50780" status="PASS">
          <reporter-output>
          </reporter-output>
        </test-method> <!-- verifyDisputeIsStillOpenFromClientSide -->
        <test-method is-config="true" signature="tearDown()[pri:0, instance:com.servicepoints.testCases.TC40_VerifyMergeBreakOrderForDisputeTest@592e843a]" started-at="2023-06-27T10:46:31 IST" name="tearDown" finished-at="2023-06-27T10:46:31 IST" duration-ms="158" status="PASS">
          <reporter-output>
          </reporter-output>
        </test-method> <!-- tearDown -->
      </class> <!-- com.servicepoints.testCases.TC40_VerifyMergeBreakOrderForDisputeTest -->
      <class name="com.servicepoints.testCases.TC42_VerifyMergeBreakOrderForAcceptedDisputeTest">
        <test-method is-config="true" signature="setup(java.lang.String)[pri:0, instance:com.servicepoints.testCases.TC42_VerifyMergeBreakOrderForAcceptedDisputeTest@4ebea12c]" started-at="2023-06-27T10:50:13 IST" name="setup" finished-at="2023-06-27T10:50:20 IST" duration-ms="7032" status="PASS">
          <params>
            <param index="0">
              <value>
                <![CDATA[chrome]]>
              </value>
            </param>
          </params>
          <reporter-output>
          </reporter-output>
        </test-method> <!-- setup -->
        <test-method signature="submitAndAcceptQuotation()[pri:1, instance:com.servicepoints.testCases.TC42_VerifyMergeBreakOrderForAcceptedDisputeTest@4ebea12c]" started-at="2023-06-27T10:50:20 IST" name="submitAndAcceptQuotation" finished-at="2023-06-27T10:51:30 IST" duration-ms="69822" status="PASS">
          <reporter-output>
          </reporter-output>
        </test-method> <!-- submitAndAcceptQuotation -->
        <test-method signature="verifyOpenDispute()[pri:2, instance:com.servicepoints.testCases.TC42_VerifyMergeBreakOrderForAcceptedDisputeTest@4ebea12c]" started-at="2023-06-27T10:51:30 IST" name="verifyOpenDispute" finished-at="2023-06-27T10:52:02 IST" duration-ms="32251" status="PASS">
          <reporter-output>
          </reporter-output>
        </test-method> <!-- verifyOpenDispute -->
        <test-method signature="verifyRequotation()[pri:3, instance:com.servicepoints.testCases.TC42_VerifyMergeBreakOrderForAcceptedDisputeTest@4ebea12c]" started-at="2023-06-27T10:52:02 IST" name="verifyRequotation" finished-at="2023-06-27T10:53:55 IST" duration-ms="113334" status="PASS">
          <reporter-output>
          </reporter-output>
        </test-method> <!-- verifyRequotation -->
        <test-method signature="acceptRequoteQuotation()[pri:4, instance:com.servicepoints.testCases.TC42_VerifyMergeBreakOrderForAcceptedDisputeTest@4ebea12c]" started-at="2023-06-27T10:53:55 IST" name="acceptRequoteQuotation" finished-at="2023-06-27T10:54:40 IST" duration-ms="44062" status="PASS">
          <reporter-output>
          </reporter-output>
        </test-method> <!-- acceptRequoteQuotation -->
        <test-method signature="verifyAcceptDispute()[pri:5, instance:com.servicepoints.testCases.TC42_VerifyMergeBreakOrderForAcceptedDisputeTest@4ebea12c]" started-at="2023-06-27T10:54:40 IST" name="verifyAcceptDispute" finished-at="2023-06-27T10:55:51 IST" duration-ms="71273" status="FAIL">
          <exception class="org.openqa.selenium.NoSuchElementException">
            <message>
              <![CDATA[no such element: Unable to locate element: {"method":"xpath","selector":"(//span[@class='btn btn-border btn-block mb-3 '])[1]"}
  (Session info: chrome=114.0.5735.106)
For documentation on this error, please visit: https://www.seleniumhq.org/exceptions/no_such_element.html
Build info: version: '3.141.59', revision: 'e82be7d358', time: '2018-11-14T08:17:03'
System info: host: 'sarasvati-Precision-Tower-3420', ip: '127.0.1.1', os.name: 'Linux', os.arch: 'amd64', os.version: '5.15.0-75-generic', java.version: '17.0.5'
Driver info: org.openqa.selenium.chrome.ChromeDriver
Capabilities {acceptInsecureCerts: false, browserName: chrome, browserVersion: 114.0.5735.106, chrome: {chromedriverVersion: 114.0.5735.90 (386bc09e8f4f..., userDataDir: /tmp/.com.google.Chrome.LDbQkZ}, goog:chromeOptions: {debuggerAddress: localhost:45583}, javascriptEnabled: true, networkConnectionEnabled: false, pageLoadStrategy: normal, platform: LINUX, platformName: LINUX, proxy: Proxy(), setWindowRect: true, strictFileInteractability: false, timeouts: {implicit: 0, pageLoad: 300000, script: 30000}, unhandledPromptBehavior: dismiss and notify, webauthn:extension:credBlob: true, webauthn:extension:largeBlob: true, webauthn:extension:minPinLength: true, webauthn:extension:prf: true, webauthn:virtualAuthenticators: true}
Session ID: 8ba5c559d31b3762e16ac476632b6557
*** Element info: {Using=xpath, value=(//span[@class='btn btn-border btn-block mb-3 '])[1]}]]>
            </message>
            <full-stacktrace>
              <![CDATA[org.openqa.selenium.NoSuchElementException: no such element: Unable to locate element: {"method":"xpath","selector":"(//span[@class='btn btn-border btn-block mb-3 '])[1]"}
  (Session info: chrome=114.0.5735.106)
For documentation on this error, please visit: https://www.seleniumhq.org/exceptions/no_such_element.html
Build info: version: '3.141.59', revision: 'e82be7d358', time: '2018-11-14T08:17:03'
System info: host: 'sarasvati-Precision-Tower-3420', ip: '127.0.1.1', os.name: 'Linux', os.arch: 'amd64', os.version: '5.15.0-75-generic', java.version: '17.0.5'
Driver info: org.openqa.selenium.chrome.ChromeDriver
Capabilities {acceptInsecureCerts: false, browserName: chrome, browserVersion: 114.0.5735.106, chrome: {chromedriverVersion: 114.0.5735.90 (386bc09e8f4f..., userDataDir: /tmp/.com.google.Chrome.LDbQkZ}, goog:chromeOptions: {debuggerAddress: localhost:45583}, javascriptEnabled: true, networkConnectionEnabled: false, pageLoadStrategy: normal, platform: LINUX, platformName: LINUX, proxy: Proxy(), setWindowRect: true, strictFileInteractability: false, timeouts: {implicit: 0, pageLoad: 300000, script: 30000}, unhandledPromptBehavior: dismiss and notify, webauthn:extension:credBlob: true, webauthn:extension:largeBlob: true, webauthn:extension:minPinLength: true, webauthn:extension:prf: true, webauthn:virtualAuthenticators: true}
Session ID: 8ba5c559d31b3762e16ac476632b6557
*** Element info: {Using=xpath, value=(//span[@class='btn btn-border btn-block mb-3 '])[1]}
at java.base/jdk.internal.reflect.NativeConstructorAccessorImpl.newInstance0(Native Method)
at java.base/jdk.internal.reflect.NativeConstructorAccessorImpl.newInstance(NativeConstructorAccessorImpl.java:77)
at java.base/jdk.internal.reflect.DelegatingConstructorAccessorImpl.newInstance(DelegatingConstructorAccessorImpl.java:45)
at java.base/java.lang.reflect.Constructor.newInstanceWithCaller(Constructor.java:499)
at java.base/java.lang.reflect.Constructor.newInstance(Constructor.java:480)
at org.openqa.selenium.remote.http.W3CHttpResponseCodec.createException(W3CHttpResponseCodec.java:187)
at org.openqa.selenium.remote.http.W3CHttpResponseCodec.decode(W3CHttpResponseCodec.java:122)
at org.openqa.selenium.remote.http.W3CHttpResponseCodec.decode(W3CHttpResponseCodec.java:49)
at org.openqa.selenium.remote.HttpCommandExecutor.execute(HttpCommandExecutor.java:158)
at org.openqa.selenium.remote.service.DriverCommandExecutor.execute(DriverCommandExecutor.java:83)
at org.openqa.selenium.remote.RemoteWebDriver.execute(RemoteWebDriver.java:552)
at org.openqa.selenium.remote.RemoteWebDriver.findElement(RemoteWebDriver.java:323)
at org.openqa.selenium.remote.RemoteWebDriver.findElementByXPath(RemoteWebDriver.java:428)
at org.openqa.selenium.By$ByXPath.findElement(By.java:353)
at org.openqa.selenium.remote.RemoteWebDriver.findElement(RemoteWebDriver.java:315)
at org.openqa.selenium.support.pagefactory.DefaultElementLocator.findElement(DefaultElementLocator.java:69)
at org.openqa.selenium.support.pagefactory.internal.LocatingElementHandler.invoke(LocatingElementHandler.java:38)
at jdk.proxy2/jdk.proxy2.$Proxy28.getWrappedElement(Unknown Source)
at org.openqa.selenium.remote.internal.WebElementToJsonConverter.apply(WebElementToJsonConverter.java:50)
at java.base/java.util.stream.ReferencePipeline$3$1.accept(ReferencePipeline.java:197)
at java.base/java.util.Spliterators$ArraySpliterator.forEachRemaining(Spliterators.java:992)
at java.base/java.util.stream.AbstractPipeline.copyInto(AbstractPipeline.java:509)
at java.base/java.util.stream.AbstractPipeline.wrapAndCopyInto(AbstractPipeline.java:499)
at java.base/java.util.stream.ReduceOps$ReduceOp.evaluateSequential(ReduceOps.java:921)
at java.base/java.util.stream.AbstractPipeline.evaluate(AbstractPipeline.java:234)
at java.base/java.util.stream.ReferencePipeline.collect(ReferencePipeline.java:682)
at org.openqa.selenium.remote.RemoteWebDriver.executeScript(RemoteWebDriver.java:484)
at com.servicepoints.PageObjects.ClientOrdersPage.scrollTillDspHistory(ClientOrdersPage.java:581)
at com.servicepoints.testCases.TC42_VerifyMergeBreakOrderForAcceptedDisputeTest.verifyAcceptDispute(TC42_VerifyMergeBreakOrderForAcceptedDisputeTest.java:280)
at java.base/jdk.internal.reflect.NativeMethodAccessorImpl.invoke0(Native Method)
at java.base/jdk.internal.reflect.NativeMethodAccessorImpl.invoke(NativeMethodAccessorImpl.java:77)
at java.base/jdk.internal.reflect.DelegatingMethodAccessorImpl.invoke(DelegatingMethodAccessorImpl.java:43)
at java.base/java.lang.reflect.Method.invoke(Method.java:568)
at org.testng.internal.invokers.MethodInvocationHelper.invokeMethod(MethodInvocationHelper.java:139)
at org.testng.internal.invokers.TestInvoker.invokeMethod(TestInvoker.java:677)
at org.testng.internal.invokers.TestInvoker.invokeTestMethod(TestInvoker.java:221)
at org.testng.internal.invokers.MethodRunner.runInSequence(MethodRunner.java:50)
at org.testng.internal.invokers.TestInvoker$MethodInvocationAgent.invoke(TestInvoker.java:969)
at org.testng.internal.invokers.TestInvoker.invokeTestMethods(TestInvoker.java:194)
at org.testng.internal.invokers.TestMethodWorker.invokeTestMethods(TestMethodWorker.java:148)
at org.testng.internal.invokers.TestMethodWorker.run(TestMethodWorker.java:128)
at java.base/java.util.ArrayList.forEach(ArrayList.java:1511)
at org.testng.TestRunner.privateRun(TestRunner.java:829)
at org.testng.TestRunner.run(TestRunner.java:602)
at org.testng.SuiteRunner.runTest(SuiteRunner.java:437)
at org.testng.SuiteRunner.runSequentially(SuiteRunner.java:431)
at org.testng.SuiteRunner.privateRun(SuiteRunner.java:391)
at org.testng.SuiteRunner.run(SuiteRunner.java:330)
at org.testng.SuiteRunnerWorker.runSuite(SuiteRunnerWorker.java:52)
at org.testng.SuiteRunnerWorker.run(SuiteRunnerWorker.java:95)
at org.testng.TestNG.runSuitesSequentially(TestNG.java:1256)
at org.testng.TestNG.runSuitesLocally(TestNG.java:1176)
at org.testng.TestNG.runSuites(TestNG.java:1099)
at org.testng.TestNG.run(TestNG.java:1067)
at org.testng.remote.AbstractRemoteTestNG.run(AbstractRemoteTestNG.java:115)
at org.testng.remote.RemoteTestNG.initAndRun(RemoteTestNG.java:251)
at org.testng.remote.RemoteTestNG.main(RemoteTestNG.java:77)
]]>
            </full-stacktrace>
          </exception> <!-- org.openqa.selenium.NoSuchElementException -->
          <reporter-output>
          </reporter-output>
        </test-method> <!-- verifyAcceptDispute -->
        <test-method signature="verifyDisputeIsStillOpenFromAgentSide()[pri:6, instance:com.servicepoints.testCases.TC42_VerifyMergeBreakOrderForAcceptedDisputeTest@4ebea12c]" started-at="2023-06-27T10:55:51 IST" name="verifyDisputeIsStillOpenFromAgentSide" finished-at="2023-06-27T10:56:38 IST" duration-ms="47070" status="FAIL">
          <exception class="java.lang.IndexOutOfBoundsException">
            <message>
              <![CDATA[Index 0 out of bounds for length 0]]>
            </message>
            <full-stacktrace>
              <![CDATA[java.lang.IndexOutOfBoundsException: Index 0 out of bounds for length 0
at java.base/jdk.internal.util.Preconditions.outOfBounds(Preconditions.java:64)
at java.base/jdk.internal.util.Preconditions.outOfBoundsCheckIndex(Preconditions.java:70)
at java.base/jdk.internal.util.Preconditions.checkIndex(Preconditions.java:266)
at java.base/java.util.Objects.checkIndex(Objects.java:359)
at java.base/java.util.ArrayList.get(ArrayList.java:427)
at java.base/jdk.internal.reflect.NativeMethodAccessorImpl.invoke0(Native Method)
at java.base/jdk.internal.reflect.NativeMethodAccessorImpl.invoke(NativeMethodAccessorImpl.java:77)
at java.base/jdk.internal.reflect.DelegatingMethodAccessorImpl.invoke(DelegatingMethodAccessorImpl.java:43)
at java.base/java.lang.reflect.Method.invoke(Method.java:568)
at org.openqa.selenium.support.pagefactory.internal.LocatingElementListHandler.invoke(LocatingElementListHandler.java:39)
at jdk.proxy2/jdk.proxy2.$Proxy29.get(Unknown Source)
at com.servicepoints.PageObjects.AgentDisputesPage.clickOnEachDisputeAgentSide(AgentDisputesPage.java:203)
at com.servicepoints.testCases.TC42_VerifyMergeBreakOrderForAcceptedDisputeTest.verifyDisputeIsStillOpenFromAgentSide(TC42_VerifyMergeBreakOrderForAcceptedDisputeTest.java:499)
at java.base/jdk.internal.reflect.NativeMethodAccessorImpl.invoke0(Native Method)
at java.base/jdk.internal.reflect.NativeMethodAccessorImpl.invoke(NativeMethodAccessorImpl.java:77)
at java.base/jdk.internal.reflect.DelegatingMethodAccessorImpl.invoke(DelegatingMethodAccessorImpl.java:43)
at java.base/java.lang.reflect.Method.invoke(Method.java:568)
at org.testng.internal.invokers.MethodInvocationHelper.invokeMethod(MethodInvocationHelper.java:139)
at org.testng.internal.invokers.TestInvoker.invokeMethod(TestInvoker.java:677)
at org.testng.internal.invokers.TestInvoker.invokeTestMethod(TestInvoker.java:221)
at org.testng.internal.invokers.MethodRunner.runInSequence(MethodRunner.java:50)
at org.testng.internal.invokers.TestInvoker$MethodInvocationAgent.invoke(TestInvoker.java:969)
at org.testng.internal.invokers.TestInvoker.invokeTestMethods(TestInvoker.java:194)
at org.testng.internal.invokers.TestMethodWorker.invokeTestMethods(TestMethodWorker.java:148)
at org.testng.internal.invokers.TestMethodWorker.run(TestMethodWorker.java:128)
at java.base/java.util.ArrayList.forEach(ArrayList.java:1511)
at org.testng.TestRunner.privateRun(TestRunner.java:829)
at org.testng.TestRunner.run(TestRunner.java:602)
at org.testng.SuiteRunner.runTest(SuiteRunner.java:437)
at org.testng.SuiteRunner.runSequentially(SuiteRunner.java:431)
at org.testng.SuiteRunner.privateRun(SuiteRunner.java:391)
at org.testng.SuiteRunner.run(SuiteRunner.java:330)
at org.testng.SuiteRunnerWorker.runSuite(SuiteRunnerWorker.java:52)
at org.testng.SuiteRunnerWorker.run(SuiteRunnerWorker.java:95)
at org.testng.TestNG.runSuitesSequentially(TestNG.java:1256)
at org.testng.TestNG.runSuitesLocally(TestNG.java:1176)
at org.testng.TestNG.runSuites(TestNG.java:1099)
at org.testng.TestNG.run(TestNG.java:1067)
at org.testng.remote.AbstractRemoteTestNG.run(AbstractRemoteTestNG.java:115)
at org.testng.remote.RemoteTestNG.initAndRun(RemoteTestNG.java:251)
at org.testng.remote.RemoteTestNG.main(RemoteTestNG.java:77)
]]>
            </full-stacktrace>
          </exception> <!-- java.lang.IndexOutOfBoundsException -->
          <reporter-output>
          </reporter-output>
        </test-method> <!-- verifyDisputeIsStillOpenFromAgentSide -->
        <test-method signature="verifyDisputeIsStillOpenFromClientSide()[pri:7, instance:com.servicepoints.testCases.TC42_VerifyMergeBreakOrderForAcceptedDisputeTest@4ebea12c]" started-at="2023-06-27T10:56:38 IST" name="verifyDisputeIsStillOpenFromClientSide" finished-at="2023-06-27T10:57:58 IST" duration-ms="80279" status="FAIL">
          <exception class="org.openqa.selenium.ElementNotInteractableException">
            <message>
              <![CDATA[element not interactable
  (Session info: chrome=114.0.5735.106)
Build info: version: '3.141.59', revision: 'e82be7d358', time: '2018-11-14T08:17:03'
System info: host: 'sarasvati-Precision-Tower-3420', ip: '127.0.1.1', os.name: 'Linux', os.arch: 'amd64', os.version: '5.15.0-75-generic', java.version: '17.0.5'
Driver info: org.openqa.selenium.chrome.ChromeDriver
Capabilities {acceptInsecureCerts: false, browserName: chrome, browserVersion: 114.0.5735.106, chrome: {chromedriverVersion: 114.0.5735.90 (386bc09e8f4f..., userDataDir: /tmp/.com.google.Chrome.LDbQkZ}, goog:chromeOptions: {debuggerAddress: localhost:45583}, javascriptEnabled: true, networkConnectionEnabled: false, pageLoadStrategy: normal, platform: LINUX, platformName: LINUX, proxy: Proxy(), setWindowRect: true, strictFileInteractability: false, timeouts: {implicit: 0, pageLoad: 300000, script: 30000}, unhandledPromptBehavior: dismiss and notify, webauthn:extension:credBlob: true, webauthn:extension:largeBlob: true, webauthn:extension:minPinLength: true, webauthn:extension:prf: true, webauthn:virtualAuthenticators: true}
Session ID: 8ba5c559d31b3762e16ac476632b6557]]>
            </message>
            <full-stacktrace>
              <![CDATA[org.openqa.selenium.ElementNotInteractableException: element not interactable
  (Session info: chrome=114.0.5735.106)
Build info: version: '3.141.59', revision: 'e82be7d358', time: '2018-11-14T08:17:03'
System info: host: 'sarasvati-Precision-Tower-3420', ip: '127.0.1.1', os.name: 'Linux', os.arch: 'amd64', os.version: '5.15.0-75-generic', java.version: '17.0.5'
Driver info: org.openqa.selenium.chrome.ChromeDriver
Capabilities {acceptInsecureCerts: false, browserName: chrome, browserVersion: 114.0.5735.106, chrome: {chromedriverVersion: 114.0.5735.90 (386bc09e8f4f..., userDataDir: /tmp/.com.google.Chrome.LDbQkZ}, goog:chromeOptions: {debuggerAddress: localhost:45583}, javascriptEnabled: true, networkConnectionEnabled: false, pageLoadStrategy: normal, platform: LINUX, platformName: LINUX, proxy: Proxy(), setWindowRect: true, strictFileInteractability: false, timeouts: {implicit: 0, pageLoad: 300000, script: 30000}, unhandledPromptBehavior: dismiss and notify, webauthn:extension:credBlob: true, webauthn:extension:largeBlob: true, webauthn:extension:minPinLength: true, webauthn:extension:prf: true, webauthn:virtualAuthenticators: true}
Session ID: 8ba5c559d31b3762e16ac476632b6557
at java.base/jdk.internal.reflect.NativeConstructorAccessorImpl.newInstance0(Native Method)
at java.base/jdk.internal.reflect.NativeConstructorAccessorImpl.newInstance(NativeConstructorAccessorImpl.java:77)
at java.base/jdk.internal.reflect.DelegatingConstructorAccessorImpl.newInstance(DelegatingConstructorAccessorImpl.java:45)
at java.base/java.lang.reflect.Constructor.newInstanceWithCaller(Constructor.java:499)
at java.base/java.lang.reflect.Constructor.newInstance(Constructor.java:480)
at org.openqa.selenium.remote.http.W3CHttpResponseCodec.createException(W3CHttpResponseCodec.java:187)
at org.openqa.selenium.remote.http.W3CHttpResponseCodec.decode(W3CHttpResponseCodec.java:122)
at org.openqa.selenium.remote.http.W3CHttpResponseCodec.decode(W3CHttpResponseCodec.java:49)
at org.openqa.selenium.remote.HttpCommandExecutor.execute(HttpCommandExecutor.java:158)
at org.openqa.selenium.remote.service.DriverCommandExecutor.execute(DriverCommandExecutor.java:83)
at org.openqa.selenium.remote.RemoteWebDriver.execute(RemoteWebDriver.java:552)
at org.openqa.selenium.remote.RemoteWebElement.execute(RemoteWebElement.java:285)
at org.openqa.selenium.remote.RemoteWebElement.click(RemoteWebElement.java:84)
at com.servicepoints.PageObjects.ClientOrdersPage.clickOnEachDivForDisputeVerification(ClientOrdersPage.java:277)
at com.servicepoints.testCases.TC42_VerifyMergeBreakOrderForAcceptedDisputeTest.verifyDisputeIsStillOpenFromClientSide(TC42_VerifyMergeBreakOrderForAcceptedDisputeTest.java:536)
at java.base/jdk.internal.reflect.NativeMethodAccessorImpl.invoke0(Native Method)
at java.base/jdk.internal.reflect.NativeMethodAccessorImpl.invoke(NativeMethodAccessorImpl.java:77)
at java.base/jdk.internal.reflect.DelegatingMethodAccessorImpl.invoke(DelegatingMethodAccessorImpl.java:43)
at java.base/java.lang.reflect.Method.invoke(Method.java:568)
at org.testng.internal.invokers.MethodInvocationHelper.invokeMethod(MethodInvocationHelper.java:139)
at org.testng.internal.invokers.TestInvoker.invokeMethod(TestInvoker.java:677)
at org.testng.internal.invokers.TestInvoker.invokeTestMethod(TestInvoker.java:221)
at org.testng.internal.invokers.MethodRunner.runInSequence(MethodRunner.java:50)
at org.testng.internal.invokers.TestInvoker$MethodInvocationAgent.invoke(TestInvoker.java:969)
at org.testng.internal.invokers.TestInvoker.invokeTestMethods(TestInvoker.java:194)
at org.testng.internal.invokers.TestMethodWorker.invokeTestMethods(TestMethodWorker.java:148)
at org.testng.internal.invokers.TestMethodWorker.run(TestMethodWorker.java:128)
at java.base/java.util.ArrayList.forEach(ArrayList.java:1511)
at org.testng.TestRunner.privateRun(TestRunner.java:829)
at org.testng.TestRunner.run(TestRunner.java:602)
at org.testng.SuiteRunner.runTest(SuiteRunner.java:437)
at org.testng.SuiteRunner.runSequentially(SuiteRunner.java:431)
at org.testng.SuiteRunner.privateRun(SuiteRunner.java:391)
at org.testng.SuiteRunner.run(SuiteRunner.java:330)
at org.testng.SuiteRunnerWorker.runSuite(SuiteRunnerWorker.java:52)
at org.testng.SuiteRunnerWorker.run(SuiteRunnerWorker.java:95)
at org.testng.TestNG.runSuitesSequentially(TestNG.java:1256)
at org.testng.TestNG.runSuitesLocally(TestNG.java:1176)
at org.testng.TestNG.runSuites(TestNG.java:1099)
at org.testng.TestNG.run(TestNG.java:1067)
at org.testng.remote.AbstractRemoteTestNG.run(AbstractRemoteTestNG.java:115)
at org.testng.remote.RemoteTestNG.initAndRun(RemoteTestNG.java:251)
at org.testng.remote.RemoteTestNG.main(RemoteTestNG.java:77)
]]>
            </full-stacktrace>
          </exception> <!-- org.openqa.selenium.ElementNotInteractableException -->
          <reporter-output>
          </reporter-output>
        </test-method> <!-- verifyDisputeIsStillOpenFromClientSide -->
        <test-method is-config="true" signature="tearDown()[pri:0, instance:com.servicepoints.testCases.TC42_VerifyMergeBreakOrderForAcceptedDisputeTest@4ebea12c]" started-at="2023-06-27T10:57:58 IST" name="tearDown" finished-at="2023-06-27T10:57:58 IST" duration-ms="110" status="PASS">
          <reporter-output>
          </reporter-output>
        </test-method> <!-- tearDown -->
      </class> <!-- com.servicepoints.testCases.TC42_VerifyMergeBreakOrderForAcceptedDisputeTest -->
      <class name="com.servicepoints.testCases.TC41_VerifyMergeBreakOrderForNewVariantInDispute">
        <test-method is-config="true" signature="setup(java.lang.String)[pri:0, instance:com.servicepoints.testCases.TC41_VerifyMergeBreakOrderForNewVariantInDispute@1536602f]" started-at="2023-06-27T10:46:31 IST" name="setup" finished-at="2023-06-27T10:46:38 IST" duration-ms="7680" status="PASS">
          <params>
            <param index="0">
              <value>
                <![CDATA[chrome]]>
              </value>
            </param>
          </params>
          <reporter-output>
          </reporter-output>
        </test-method> <!-- setup -->
        <test-method signature="verifySubmitAndAcceptQuotation()[pri:1, instance:com.servicepoints.testCases.TC41_VerifyMergeBreakOrderForNewVariantInDispute@1536602f]" started-at="2023-06-27T10:46:38 IST" name="verifySubmitAndAcceptQuotation" finished-at="2023-06-27T10:48:15 IST" duration-ms="96490" status="PASS">
          <reporter-output>
          </reporter-output>
        </test-method> <!-- verifySubmitAndAcceptQuotation -->
        <test-method signature="verifyOpenDispute()[pri:2, instance:com.servicepoints.testCases.TC41_VerifyMergeBreakOrderForNewVariantInDispute@1536602f]" started-at="2023-06-27T10:48:15 IST" name="verifyOpenDispute" finished-at="2023-06-27T10:48:48 IST" duration-ms="33325" status="PASS">
          <reporter-output>
          </reporter-output>
        </test-method> <!-- verifyOpenDispute -->
        <test-method signature="verifyDisputeIsOpenAfterAddingNewVariant()[pri:3, instance:com.servicepoints.testCases.TC41_VerifyMergeBreakOrderForNewVariantInDispute@1536602f]" started-at="2023-06-27T10:48:48 IST" name="verifyDisputeIsOpenAfterAddingNewVariant" finished-at="2023-06-27T10:49:14 IST" duration-ms="26042" status="PASS">
          <reporter-output>
          </reporter-output>
        </test-method> <!-- verifyDisputeIsOpenAfterAddingNewVariant -->
        <test-method signature="verifyDisputeFromClientSide()[pri:4, instance:com.servicepoints.testCases.TC41_VerifyMergeBreakOrderForNewVariantInDispute@1536602f]" started-at="2023-06-27T10:49:14 IST" name="verifyDisputeFromClientSide" finished-at="2023-06-27T10:50:13 IST" duration-ms="58713" status="PASS">
          <reporter-output>
          </reporter-output>
        </test-method> <!-- verifyDisputeFromClientSide -->
        <test-method is-config="true" signature="tearDown()[pri:0, instance:com.servicepoints.testCases.TC41_VerifyMergeBreakOrderForNewVariantInDispute@1536602f]" started-at="2023-06-27T10:50:13 IST" name="tearDown" finished-at="2023-06-27T10:50:13 IST" duration-ms="105" status="PASS">
          <reporter-output>
          </reporter-output>
        </test-method> <!-- tearDown -->
      </class> <!-- com.servicepoints.testCases.TC41_VerifyMergeBreakOrderForNewVariantInDispute -->
    </test> <!-- Test -->
  </suite> <!-- Suite -->
</testng-results>
