<?xml version="1.0" encoding="UTF-8"?>
<testng-results ignored="0" total="1" passed="1" failed="0" skipped="0">
  <reporter-output>
  </reporter-output>
  <suite started-at="2023-04-27T12:48:59 IST" name="Suite" finished-at="2023-04-27T12:50:22 IST" duration-ms="83023">
    <groups>
    </groups>
    <test started-at="2023-04-27T12:48:59 IST" name="Testng" finished-at="2023-04-27T12:50:22 IST" duration-ms="83023">
      <class name="com.servicepoints.testCases.TC32_VerifySpecialRequestCloseByAdminSP">
        <test-method is-config="true" signature="setup(java.lang.String)[pri:0, instance:com.servicepoints.testCases.TC32_VerifySpecialRequestCloseByAdminSP@24faea88]" started-at="2023-04-27T12:48:59 IST" name="setup" finished-at="2023-04-27T12:49:07 IST" duration-ms="7635" status="PASS">
          <params>
            <param index="0">
              <value>
                <![CDATA[chrome]]>
              </value>
            </param>
          </params>
          <reporter-output>
          </reporter-output>
        </test-method> <!-- setup -->
        <test-method signature="verifySpecialRequestClosingByAll()[pri:0, instance:com.servicepoints.testCases.TC32_VerifySpecialRequestCloseByAdminSP@24faea88]" started-at="2023-04-27T12:49:07 IST" name="verifySpecialRequestClosingByAll" finished-at="2023-04-27T12:50:22 IST" duration-ms="75266" status="PASS">
          <reporter-output>
          </reporter-output>
        </test-method> <!-- verifySpecialRequestClosingByAll -->
        <test-method is-config="true" signature="tearDown()[pri:0, instance:com.servicepoints.testCases.TC32_VerifySpecialRequestCloseByAdminSP@24faea88]" started-at="2023-04-27T12:50:22 IST" name="tearDown" finished-at="2023-04-27T12:50:22 IST" duration-ms="88" status="PASS">
          <reporter-output>
          </reporter-output>
        </test-method> <!-- tearDown -->
      </class> <!-- com.servicepoints.testCases.TC32_VerifySpecialRequestCloseByAdminSP -->
    </test> <!-- Testng -->
  </suite> <!-- Suite -->
</testng-results>
