<?xml version="1.0" encoding="UTF-8"?>
<testng-results ignored="4" total="6" passed="2" failed="0" skipped="0">
  <reporter-output>
  </reporter-output>
  <suite started-at="2023-06-19T16:57:03 IST" name="Suite" finished-at="2023-06-19T16:58:46 IST" duration-ms="102790">
    <groups>
    </groups>
    <test started-at="2023-06-19T16:57:03 IST" name="Test" finished-at="2023-06-19T16:58:46 IST" duration-ms="102790">
      <class name="com.servicepoints.testCases.TC61_VerifyChangeDiscountWithRefundFunctionality">
        <test-method is-config="true" signature="setup(java.lang.String)[pri:0, instance:com.servicepoints.testCases.TC61_VerifyChangeDiscountWithRefundFunctionality@3faf2e7d]" started-at="2023-06-19T16:57:03 IST" name="setup" finished-at="2023-06-19T16:57:09 IST" duration-ms="5491" status="PASS">
          <params>
            <param index="0">
              <value>
                <![CDATA[chrome]]>
              </value>
            </param>
          </params>
          <reporter-output>
          </reporter-output>
        </test-method> <!-- setup -->
        <test-method signature="raiseRefundDisputeAgain()[pri:5, instance:com.servicepoints.testCases.TC61_VerifyChangeDiscountWithRefundFunctionality@3faf2e7d]" started-at="2023-06-19T16:57:09 IST" name="raiseRefundDisputeAgain" finished-at="2023-06-19T16:58:10 IST" duration-ms="61588" status="PASS">
          <reporter-output>
          </reporter-output>
        </test-method> <!-- raiseRefundDisputeAgain -->
        <test-method signature="verifyDiscountFromClientSide()[pri:6, instance:com.servicepoints.testCases.TC61_VerifyChangeDiscountWithRefundFunctionality@3faf2e7d]" started-at="2023-06-19T16:58:10 IST" name="verifyDiscountFromClientSide" finished-at="2023-06-19T16:58:46 IST" duration-ms="35581" status="PASS">
          <reporter-output>
          </reporter-output>
        </test-method> <!-- verifyDiscountFromClientSide -->
        <test-method is-config="true" signature="tearDown()[pri:0, instance:com.servicepoints.testCases.TC61_VerifyChangeDiscountWithRefundFunctionality@3faf2e7d]" started-at="2023-06-19T16:58:46 IST" name="tearDown" finished-at="2023-06-19T16:58:46 IST" duration-ms="93" status="PASS">
          <reporter-output>
          </reporter-output>
        </test-method> <!-- tearDown -->
      </class> <!-- com.servicepoints.testCases.TC61_VerifyChangeDiscountWithRefundFunctionality -->
    </test> <!-- Test -->
  </suite> <!-- Suite -->
</testng-results>
