<?xml version="1.0" encoding="UTF-8"?>
<testng-results ignored="0" total="2" passed="2" failed="0" skipped="0">
  <reporter-output>
  </reporter-output>
  <suite started-at="2023-06-08T18:51:30 IST" name="Suite" finished-at="2023-06-08T18:53:31 IST" duration-ms="121375">
    <groups>
    </groups>
    <test started-at="2023-06-08T18:51:30 IST" name="Test" finished-at="2023-06-08T18:53:31 IST" duration-ms="121375">
      <class name="com.servicepoints.testCases.TC56_VerifyAddDiscountFunctionality">
        <test-method is-config="true" signature="setup(java.lang.String)[pri:0, instance:com.servicepoints.testCases.TC56_VerifyAddDiscountFunctionality@32f0fba8]" started-at="2023-06-08T18:51:30 IST" name="setup" finished-at="2023-06-08T18:51:34 IST" duration-ms="4102" status="PASS">
          <params>
            <param index="0">
              <value>
                <![CDATA[chrome]]>
              </value>
            </param>
          </params>
          <reporter-output>
          </reporter-output>
        </test-method> <!-- setup -->
        <test-method signature="submitAndAcceptQuotation()[pri:1, instance:com.servicepoints.testCases.TC56_VerifyAddDiscountFunctionality@32f0fba8]" started-at="2023-06-08T18:51:34 IST" name="submitAndAcceptQuotation" finished-at="2023-06-08T18:52:33 IST" duration-ms="59281" status="PASS">
          <reporter-output>
          </reporter-output>
        </test-method> <!-- submitAndAcceptQuotation -->
        <test-method signature="verifyAddTrackingAndResendProduct()[pri:2, instance:com.servicepoints.testCases.TC56_VerifyAddDiscountFunctionality@32f0fba8]" started-at="2023-06-08T18:52:33 IST" name="verifyAddTrackingAndResendProduct" finished-at="2023-06-08T18:53:31 IST" duration-ms="57859" status="PASS">
          <reporter-output>
          </reporter-output>
        </test-method> <!-- verifyAddTrackingAndResendProduct -->
        <test-method is-config="true" signature="tearDown()[pri:0, instance:com.servicepoints.testCases.TC56_VerifyAddDiscountFunctionality@32f0fba8]" started-at="2023-06-08T18:53:31 IST" name="tearDown" finished-at="2023-06-08T18:53:31 IST" duration-ms="97" status="PASS">
          <reporter-output>
          </reporter-output>
        </test-method> <!-- tearDown -->
      </class> <!-- com.servicepoints.testCases.TC56_VerifyAddDiscountFunctionality -->
    </test> <!-- Test -->
  </suite> <!-- Suite -->
</testng-results>
