<?xml version="1.0" encoding="UTF-8"?>
<testng-results ignored="0" total="1" passed="1" failed="0" skipped="0">
  <reporter-output>
  </reporter-output>
  <suite started-at="2023-05-01T11:40:28 IST" name="Suite" finished-at="2023-05-01T11:42:30 IST" duration-ms="121702">
    <groups>
    </groups>
    <test started-at="2023-05-01T11:40:28 IST" name="Test" finished-at="2023-05-01T11:42:30 IST" duration-ms="121702">
      <class name="com.servicepoints.testCases.TC27_VerifyDeclinedResendDispute">
        <test-method is-config="true" signature="setup(java.lang.String)[pri:0, instance:com.servicepoints.testCases.TC27_VerifyDeclinedResendDispute@3faf2e7d]" started-at="2023-05-01T11:40:28 IST" name="setup" finished-at="2023-05-01T11:40:36 IST" duration-ms="7237" status="PASS">
          <params>
            <param index="0">
              <value>
                <![CDATA[chrome]]>
              </value>
            </param>
          </params>
          <reporter-output>
          </reporter-output>
        </test-method> <!-- setup -->
        <test-method signature="verifyDeclinedResendDispute()[pri:0, instance:com.servicepoints.testCases.TC27_VerifyDeclinedResendDispute@3faf2e7d]" started-at="2023-05-01T11:40:36 IST" name="verifyDeclinedResendDispute" finished-at="2023-05-01T11:42:30 IST" duration-ms="114258" status="PASS">
          <reporter-output>
          </reporter-output>
        </test-method> <!-- verifyDeclinedResendDispute -->
        <test-method is-config="true" signature="tearDown()[pri:0, instance:com.servicepoints.testCases.TC27_VerifyDeclinedResendDispute@3faf2e7d]" started-at="2023-05-01T11:42:30 IST" name="tearDown" finished-at="2023-05-01T11:42:30 IST" duration-ms="89" status="PASS">
          <reporter-output>
          </reporter-output>
        </test-method> <!-- tearDown -->
      </class> <!-- com.servicepoints.testCases.TC27_VerifyDeclinedResendDispute -->
    </test> <!-- Test -->
  </suite> <!-- Suite -->
</testng-results>
