<?xml version="1.0" encoding="UTF-8"?>
<testng-results ignored="0" total="1" passed="1" failed="0" skipped="0">
  <reporter-output>
  </reporter-output>
  <suite started-at="2023-06-30T16:28:48 IST" name="Suite" finished-at="2023-06-30T16:30:56 IST" duration-ms="127748">
    <groups>
    </groups>
    <test started-at="2023-06-30T16:28:48 IST" name="Test" finished-at="2023-06-30T16:30:56 IST" duration-ms="127748">
      <class name="com.servicepoints.testCases.TC64_VerifyCancelQuotationRequestFunctionality">
        <test-method is-config="true" signature="setup(java.lang.String)[pri:0, instance:com.servicepoints.testCases.TC64_VerifyCancelQuotationRequestFunctionality@eb6449b]" started-at="2023-06-30T16:28:48 IST" name="setup" finished-at="2023-06-30T16:28:52 IST" duration-ms="4316" status="PASS">
          <params>
            <param index="0">
              <value>
                <![CDATA[chrome]]>
              </value>
            </param>
          </params>
          <reporter-output>
          </reporter-output>
        </test-method> <!-- setup -->
        <test-method signature="submitAndAcceptQuotation()[pri:1, instance:com.servicepoints.testCases.TC64_VerifyCancelQuotationRequestFunctionality@eb6449b]" started-at="2023-06-30T16:28:52 IST" name="submitAndAcceptQuotation" finished-at="2023-06-30T16:30:55 IST" duration-ms="123197" status="PASS">
          <reporter-output>
          </reporter-output>
        </test-method> <!-- submitAndAcceptQuotation -->
        <test-method is-config="true" signature="tearDown()[pri:0, instance:com.servicepoints.testCases.TC64_VerifyCancelQuotationRequestFunctionality@eb6449b]" started-at="2023-06-30T16:30:55 IST" name="tearDown" finished-at="2023-06-30T16:30:56 IST" duration-ms="99" status="PASS">
          <reporter-output>
          </reporter-output>
        </test-method> <!-- tearDown -->
      </class> <!-- com.servicepoints.testCases.TC64_VerifyCancelQuotationRequestFunctionality -->
    </test> <!-- Test -->
  </suite> <!-- Suite -->
</testng-results>
