<?xml version="1.0" encoding="UTF-8"?>
<testng-results ignored="0" total="1" passed="1" failed="0" skipped="0">
  <reporter-output>
  </reporter-output>
  <suite started-at="2023-06-14T18:48:07 IST" name="Suite" finished-at="2023-06-14T18:49:30 IST" duration-ms="82528">
    <groups>
    </groups>
    <test started-at="2023-06-14T18:48:07 IST" name="Test" finished-at="2023-06-14T18:49:30 IST" duration-ms="82528">
      <class name="com.servicepoints.testCases.TC15_verifyAskForPriceChange">
        <test-method is-config="true" signature="setup(java.lang.String)[pri:0, instance:com.servicepoints.testCases.TC15_verifyAskForPriceChange@3a320ade]" started-at="2023-06-14T18:48:07 IST" name="setup" finished-at="2023-06-14T18:48:12 IST" duration-ms="5018" status="PASS">
          <params>
            <param index="0">
              <value>
                <![CDATA[chrome]]>
              </value>
            </param>
          </params>
          <reporter-output>
          </reporter-output>
        </test-method> <!-- setup -->
        <test-method signature="verifyAskForPriceChange()[pri:0, instance:com.servicepoints.testCases.TC15_verifyAskForPriceChange@3a320ade]" started-at="2023-06-14T18:48:12 IST" name="verifyAskForPriceChange" finished-at="2023-06-14T18:49:30 IST" duration-ms="77394" status="PASS">
          <reporter-output>
          </reporter-output>
        </test-method> <!-- verifyAskForPriceChange -->
        <test-method is-config="true" signature="tearDown()[pri:0, instance:com.servicepoints.testCases.TC15_verifyAskForPriceChange@3a320ade]" started-at="2023-06-14T18:49:30 IST" name="tearDown" finished-at="2023-06-14T18:49:30 IST" duration-ms="87" status="PASS">
          <reporter-output>
          </reporter-output>
        </test-method> <!-- tearDown -->
      </class> <!-- com.servicepoints.testCases.TC15_verifyAskForPriceChange -->
    </test> <!-- Test -->
  </suite> <!-- Suite -->
</testng-results>
