<?xml version="1.0" encoding="UTF-8"?>
<testng-results ignored="0" total="2" passed="2" failed="0" skipped="0">
  <reporter-output>
  </reporter-output>
  <suite started-at="2023-06-27T14:44:15 IST" name="Suite" finished-at="2023-06-27T14:51:29 IST" duration-ms="433997">
    <groups>
    </groups>
    <test started-at="2023-06-27T14:44:15 IST" name="Test" finished-at="2023-06-27T14:51:29 IST" duration-ms="433997">
      <class name="com.servicepoints.testCases.TC46_VerifyDisputeIsInOpenStateForTheOderHasTrackingNum">
        <test-method is-config="true" signature="setup(java.lang.String)[pri:0, instance:com.servicepoints.testCases.TC46_VerifyDisputeIsInOpenStateForTheOderHasTrackingNum@eb6449b]" started-at="2023-06-27T14:44:15 IST" name="setup" finished-at="2023-06-27T14:44:20 IST" duration-ms="5134" status="PASS">
          <params>
            <param index="0">
              <value>
                <![CDATA[chrome]]>
              </value>
            </param>
          </params>
          <reporter-output>
          </reporter-output>
        </test-method> <!-- setup -->
        <test-method signature="verifyAddTrackingNumberAndReopenDeclinedDispute()[pri:1, instance:com.servicepoints.testCases.TC46_VerifyDisputeIsInOpenStateForTheOderHasTrackingNum@eb6449b]" started-at="2023-06-27T14:44:20 IST" name="verifyAddTrackingNumberAndReopenDeclinedDispute" finished-at="2023-06-27T14:45:01 IST" duration-ms="41694" status="PASS">
          <reporter-output>
          </reporter-output>
        </test-method> <!-- verifyAddTrackingNumberAndReopenDeclinedDispute -->
        <test-method signature="verifySubmitAndDeclinedDisputeAndReopenIt()[pri:2, instance:com.servicepoints.testCases.TC46_VerifyDisputeIsInOpenStateForTheOderHasTrackingNum@eb6449b]" started-at="2023-06-27T14:45:01 IST" name="verifySubmitAndDeclinedDisputeAndReopenIt" finished-at="2023-06-27T14:51:28 IST" duration-ms="386901" status="PASS">
          <reporter-output>
          </reporter-output>
        </test-method> <!-- verifySubmitAndDeclinedDisputeAndReopenIt -->
        <test-method is-config="true" signature="tearDown()[pri:0, instance:com.servicepoints.testCases.TC46_VerifyDisputeIsInOpenStateForTheOderHasTrackingNum@eb6449b]" started-at="2023-06-27T14:51:28 IST" name="tearDown" finished-at="2023-06-27T14:51:29 IST" duration-ms="148" status="PASS">
          <reporter-output>
          </reporter-output>
        </test-method> <!-- tearDown -->
      </class> <!-- com.servicepoints.testCases.TC46_VerifyDisputeIsInOpenStateForTheOderHasTrackingNum -->
    </test> <!-- Test -->
  </suite> <!-- Suite -->
</testng-results>
