<?xml version="1.0" encoding="UTF-8"?>
<testng-results ignored="0" total="4" passed="4" failed="0" skipped="0">
  <reporter-output>
  </reporter-output>
  <suite started-at="2023-05-26T11:52:36 IST" name="Suite" finished-at="2023-05-26T11:55:44 IST" duration-ms="187931">
    <groups>
    </groups>
    <test started-at="2023-05-26T11:52:36 IST" name="Test" finished-at="2023-05-26T11:55:44 IST" duration-ms="187931">
      <class name="com.servicepoints.testCases.TC43_VerifyAfterCloseDisputeNoConversationBetweenClientAndSupplier">
        <test-method is-config="true" signature="setup(java.lang.String)[pri:0, instance:com.servicepoints.testCases.TC43_VerifyAfterCloseDisputeNoConversationBetweenClientAndSupplier@29ef6856]" started-at="2023-05-26T11:52:36 IST" name="setup" finished-at="2023-05-26T11:52:42 IST" duration-ms="5434" status="PASS">
          <params>
            <param index="0">
              <value>
                <![CDATA[chrome]]>
              </value>
            </param>
          </params>
          <reporter-output>
          </reporter-output>
        </test-method> <!-- setup -->
        <test-method signature="submitAndAcceptQuotation()[pri:1, instance:com.servicepoints.testCases.TC43_VerifyAfterCloseDisputeNoConversationBetweenClientAndSupplier@29ef6856]" started-at="2023-05-26T11:52:42 IST" name="submitAndAcceptQuotation" finished-at="2023-05-26T11:53:42 IST" duration-ms="60445" status="PASS">
          <reporter-output>
          </reporter-output>
        </test-method> <!-- submitAndAcceptQuotation -->
        <test-method signature="verifyOpenDispute()[pri:2, instance:com.servicepoints.testCases.TC43_VerifyAfterCloseDisputeNoConversationBetweenClientAndSupplier@29ef6856]" started-at="2023-05-26T11:53:42 IST" name="verifyOpenDispute" finished-at="2023-05-26T11:54:13 IST" duration-ms="30354" status="PASS">
          <reporter-output>
          </reporter-output>
        </test-method> <!-- verifyOpenDispute -->
        <test-method signature="verifyAcceptDispute()[pri:3, instance:com.servicepoints.testCases.TC43_VerifyAfterCloseDisputeNoConversationBetweenClientAndSupplier@29ef6856]" started-at="2023-05-26T11:54:13 IST" name="verifyAcceptDispute" finished-at="2023-05-26T11:55:28 IST" duration-ms="75625" status="PASS">
          <reporter-output>
          </reporter-output>
        </test-method> <!-- verifyAcceptDispute -->
        <test-method signature="verifyNotificationFromClient()[pri:4, instance:com.servicepoints.testCases.TC43_VerifyAfterCloseDisputeNoConversationBetweenClientAndSupplier@29ef6856]" started-at="2023-05-26T11:55:28 IST" name="verifyNotificationFromClient" finished-at="2023-05-26T11:55:44 IST" duration-ms="15939" status="PASS">
          <reporter-output>
          </reporter-output>
        </test-method> <!-- verifyNotificationFromClient -->
        <test-method is-config="true" signature="tearDown()[pri:0, instance:com.servicepoints.testCases.TC43_VerifyAfterCloseDisputeNoConversationBetweenClientAndSupplier@29ef6856]" started-at="2023-05-26T11:55:44 IST" name="tearDown" finished-at="2023-05-26T11:55:44 IST" duration-ms="99" status="PASS">
          <reporter-output>
          </reporter-output>
        </test-method> <!-- tearDown -->
      </class> <!-- com.servicepoints.testCases.TC43_VerifyAfterCloseDisputeNoConversationBetweenClientAndSupplier -->
    </test> <!-- Test -->
  </suite> <!-- Suite -->
</testng-results>
