<?xml version="1.0" encoding="UTF-8"?>
<testng-results ignored="0" total="3" passed="3" failed="0" skipped="0">
  <reporter-output>
  </reporter-output>
  <suite started-at="2023-06-14T15:39:51 IST" name="Suite" finished-at="2023-06-14T15:46:45 IST" duration-ms="414220">
    <groups>
    </groups>
    <test started-at="2023-06-14T15:39:51 IST" name="Test" finished-at="2023-06-14T15:46:45 IST" duration-ms="414220">
      <class name="com.servicepoints.testCases.TC34_VerifyPaymentPendingOrderOnTest">
        <test-method is-config="true" signature="setup(java.lang.String)[pri:0, instance:com.servicepoints.testCases.TC34_VerifyPaymentPendingOrderOnTest@4648ce9]" started-at="2023-06-14T15:42:27 IST" name="setup" finished-at="2023-06-14T15:42:31 IST" duration-ms="4263" status="PASS">
          <params>
            <param index="0">
              <value>
                <![CDATA[chrome]]>
              </value>
            </param>
          </params>
          <reporter-output>
          </reporter-output>
        </test-method> <!-- setup -->
        <test-method signature="verifySecondProductStatus()[pri:0, instance:com.servicepoints.testCases.TC34_VerifyPaymentPendingOrderOnTest@4648ce9]" started-at="2023-06-14T15:42:31 IST" name="verifySecondProductStatus" finished-at="2023-06-14T15:44:26 IST" duration-ms="114703" status="PASS">
          <reporter-output>
          </reporter-output>
        </test-method> <!-- verifySecondProductStatus -->
        <test-method is-config="true" signature="tearDown()[pri:0, instance:com.servicepoints.testCases.TC34_VerifyPaymentPendingOrderOnTest@4648ce9]" started-at="2023-06-14T15:44:26 IST" name="tearDown" finished-at="2023-06-14T15:44:26 IST" duration-ms="294" status="PASS">
          <reporter-output>
          </reporter-output>
        </test-method> <!-- tearDown -->
      </class> <!-- com.servicepoints.testCases.TC34_VerifyPaymentPendingOrderOnTest -->
      <class name="com.servicepoints.testCases.TC35_VerifyPaymentPendingOrderForAddressError">
        <test-method is-config="true" signature="setup(java.lang.String)[pri:0, instance:com.servicepoints.testCases.TC35_VerifyPaymentPendingOrderForAddressError@569bf9eb]" started-at="2023-06-14T15:44:26 IST" name="setup" finished-at="2023-06-14T15:44:30 IST" duration-ms="4157" status="PASS">
          <params>
            <param index="0">
              <value>
                <![CDATA[chrome]]>
              </value>
            </param>
          </params>
          <reporter-output>
          </reporter-output>
        </test-method> <!-- setup -->
        <test-method signature="verifyPaymentPendingOrderForAddressError()[pri:0, instance:com.servicepoints.testCases.TC35_VerifyPaymentPendingOrderForAddressError@569bf9eb]" started-at="2023-06-14T15:44:30 IST" name="verifyPaymentPendingOrderForAddressError" finished-at="2023-06-14T15:46:45 IST" duration-ms="134677" status="PASS">
          <reporter-output>
          </reporter-output>
        </test-method> <!-- verifyPaymentPendingOrderForAddressError -->
        <test-method is-config="true" signature="tearDown()[pri:0, instance:com.servicepoints.testCases.TC35_VerifyPaymentPendingOrderForAddressError@569bf9eb]" started-at="2023-06-14T15:46:45 IST" name="tearDown" finished-at="2023-06-14T15:46:45 IST" duration-ms="101" status="PASS">
          <reporter-output>
          </reporter-output>
        </test-method> <!-- tearDown -->
      </class> <!-- com.servicepoints.testCases.TC35_VerifyPaymentPendingOrderForAddressError -->
      <class name="com.servicepoints.testCases.TC33_VerifyPaymentPendingOrderOffTest">
        <test-method is-config="true" signature="setup(java.lang.String)[pri:0, instance:com.servicepoints.testCases.TC33_VerifyPaymentPendingOrderOffTest@21005f6c]" started-at="2023-06-14T15:39:51 IST" name="setup" finished-at="2023-06-14T15:39:56 IST" duration-ms="5398" status="PASS">
          <params>
            <param index="0">
              <value>
                <![CDATA[chrome]]>
              </value>
            </param>
          </params>
          <reporter-output>
          </reporter-output>
        </test-method> <!-- setup -->
        <test-method signature="verifyPaymentPendingOrder()[pri:0, instance:com.servicepoints.testCases.TC33_VerifyPaymentPendingOrderOffTest@21005f6c]" started-at="2023-06-14T15:39:56 IST" name="verifyPaymentPendingOrder" finished-at="2023-06-14T15:42:27 IST" duration-ms="150482" status="PASS">
          <reporter-output>
          </reporter-output>
        </test-method> <!-- verifyPaymentPendingOrder -->
        <test-method is-config="true" signature="tearDown()[pri:0, instance:com.servicepoints.testCases.TC33_VerifyPaymentPendingOrderOffTest@21005f6c]" started-at="2023-06-14T15:42:27 IST" name="tearDown" finished-at="2023-06-14T15:42:27 IST" duration-ms="102" status="PASS">
          <reporter-output>
          </reporter-output>
        </test-method> <!-- tearDown -->
      </class> <!-- com.servicepoints.testCases.TC33_VerifyPaymentPendingOrderOffTest -->
    </test> <!-- Test -->
  </suite> <!-- Suite -->
</testng-results>
