<?xml version="1.0" encoding="UTF-8"?>
<testng-results ignored="0" total="6" passed="6" failed="0" skipped="0">
  <reporter-output>
  </reporter-output>
  <suite started-at="2023-07-03T18:21:01 IST" name="Suite" finished-at="2023-07-03T18:25:52 IST" duration-ms="291006">
    <groups>
    </groups>
    <test started-at="2023-07-03T18:21:01 IST" name="Test" finished-at="2023-07-03T18:25:52 IST" duration-ms="291006">
      <class name="com.servicepoints.testCases.TC66_VerifyProductPageOffSupportAndTeamleaderSideAnotherScenario">
        <test-method is-config="true" signature="setup(java.lang.String)[pri:0, instance:com.servicepoints.testCases.TC66_VerifyProductPageOffSupportAndTeamleaderSideAnotherScenario@7e985ce9]" started-at="2023-07-03T18:21:01 IST" name="setup" finished-at="2023-07-03T18:21:06 IST" duration-ms="5012" status="PASS">
          <params>
            <param index="0">
              <value>
                <![CDATA[chrome]]>
              </value>
            </param>
          </params>
          <reporter-output>
          </reporter-output>
        </test-method> <!-- setup -->
        <test-method signature="submitAndAcceptQuotation()[pri:1, instance:com.servicepoints.testCases.TC66_VerifyProductPageOffSupportAndTeamleaderSideAnotherScenario@7e985ce9]" started-at="2023-07-03T18:21:06 IST" name="submitAndAcceptQuotation" finished-at="2023-07-03T18:22:25 IST" duration-ms="79388" status="PASS">
          <reporter-output>
          </reporter-output>
        </test-method> <!-- submitAndAcceptQuotation -->
        <test-method signature="stopFulfillmentByClient()[pri:2, instance:com.servicepoints.testCases.TC66_VerifyProductPageOffSupportAndTeamleaderSideAnotherScenario@7e985ce9]" started-at="2023-07-03T18:22:25 IST" name="stopFulfillmentByClient" finished-at="2023-07-03T18:23:05 IST" duration-ms="39437" status="PASS">
          <reporter-output>
          </reporter-output>
        </test-method> <!-- stopFulfillmentByClient -->
        <test-method signature="startFulfillmentBySupport()[pri:3, instance:com.servicepoints.testCases.TC66_VerifyProductPageOffSupportAndTeamleaderSideAnotherScenario@7e985ce9]" started-at="2023-07-03T18:23:05 IST" name="startFulfillmentBySupport" finished-at="2023-07-03T18:23:44 IST" duration-ms="38970" status="PASS">
          <reporter-output>
          </reporter-output>
        </test-method> <!-- startFulfillmentBySupport -->
        <test-method signature="requoteQuoteByClient()[pri:4, instance:com.servicepoints.testCases.TC66_VerifyProductPageOffSupportAndTeamleaderSideAnotherScenario@7e985ce9]" started-at="2023-07-03T18:23:44 IST" name="requoteQuoteByClient" finished-at="2023-07-03T18:24:32 IST" duration-ms="48176" status="PASS">
          <reporter-output>
          </reporter-output>
        </test-method> <!-- requoteQuoteByClient -->
        <test-method signature="supplierSubmitQuotationAgain()[pri:5, instance:com.servicepoints.testCases.TC66_VerifyProductPageOffSupportAndTeamleaderSideAnotherScenario@7e985ce9]" started-at="2023-07-03T18:24:32 IST" name="supplierSubmitQuotationAgain" finished-at="2023-07-03T18:25:14 IST" duration-ms="41874" status="PASS">
          <reporter-output>
          </reporter-output>
        </test-method> <!-- supplierSubmitQuotationAgain -->
        <test-method signature="acceptQuotationFromSupport()[pri:6, instance:com.servicepoints.testCases.TC66_VerifyProductPageOffSupportAndTeamleaderSideAnotherScenario@7e985ce9]" started-at="2023-07-03T18:25:14 IST" name="acceptQuotationFromSupport" finished-at="2023-07-03T18:25:52 IST" duration-ms="37842" status="PASS">
          <reporter-output>
          </reporter-output>
        </test-method> <!-- acceptQuotationFromSupport -->
        <test-method is-config="true" signature="tearDown()[pri:0, instance:com.servicepoints.testCases.TC66_VerifyProductPageOffSupportAndTeamleaderSideAnotherScenario@7e985ce9]" started-at="2023-07-03T18:25:52 IST" name="tearDown" finished-at="2023-07-03T18:25:52 IST" duration-ms="149" status="PASS">
          <reporter-output>
          </reporter-output>
        </test-method> <!-- tearDown -->
      </class> <!-- com.servicepoints.testCases.TC66_VerifyProductPageOffSupportAndTeamleaderSideAnotherScenario -->
    </test> <!-- Test -->
  </suite> <!-- Suite -->
</testng-results>
