<?xml version="1.0" encoding="UTF-8"?>
<testng-results ignored="0" total="1" passed="1" failed="0" skipped="0">
  <reporter-output>
  </reporter-output>
  <suite started-at="2023-05-04T18:44:30 IST" name="Suite" finished-at="2023-05-04T18:46:43 IST" duration-ms="132466">
    <groups>
    </groups>
    <test started-at="2023-05-04T18:44:30 IST" name="Test" finished-at="2023-05-04T18:46:43 IST" duration-ms="132466">
      <class name="com.servicepoints.testCases.TC31_VerifySpecialRequestCloseByAdminSP">
        <test-method is-config="true" signature="setup(java.lang.String)[pri:0, instance:com.servicepoints.testCases.TC31_VerifySpecialRequestCloseByAdminSP@3faf2e7d]" started-at="2023-05-04T18:44:30 IST" name="setup" finished-at="2023-05-04T18:44:38 IST" duration-ms="7472" status="PASS">
          <params>
            <param index="0">
              <value>
                <![CDATA[chrome]]>
              </value>
            </param>
          </params>
          <reporter-output>
          </reporter-output>
        </test-method> <!-- setup -->
        <test-method signature="verifySpecialRequestCloseByAdminSp()[pri:0, instance:com.servicepoints.testCases.TC31_VerifySpecialRequestCloseByAdminSP@3faf2e7d]" started-at="2023-05-04T18:44:38 IST" name="verifySpecialRequestCloseByAdminSp" finished-at="2023-05-04T18:46:42 IST" duration-ms="124733" status="PASS">
          <reporter-output>
          </reporter-output>
        </test-method> <!-- verifySpecialRequestCloseByAdminSp -->
        <test-method is-config="true" signature="tearDown()[pri:0, instance:com.servicepoints.testCases.TC31_VerifySpecialRequestCloseByAdminSP@3faf2e7d]" started-at="2023-05-04T18:46:42 IST" name="tearDown" finished-at="2023-05-04T18:46:43 IST" duration-ms="90" status="PASS">
          <reporter-output>
          </reporter-output>
        </test-method> <!-- tearDown -->
      </class> <!-- com.servicepoints.testCases.TC31_VerifySpecialRequestCloseByAdminSP -->
    </test> <!-- Test -->
  </suite> <!-- Suite -->
</testng-results>
