<?xml version="1.0" encoding="UTF-8"?>
<testng-results ignored="0" total="2" passed="2" failed="0" skipped="0">
  <reporter-output>
  </reporter-output>
  <suite started-at="2023-04-18T17:29:59 IST" name="Suite" finished-at="2023-04-18T17:30:56 IST" duration-ms="56738">
    <groups>
    </groups>
    <test started-at="2023-04-18T17:29:59 IST" name="Testng" finished-at="2023-04-18T17:30:56 IST" duration-ms="56738">
      <class name="com.servicepoints.testCases.TC19_VerifyAcceptDispute">
        <test-method is-config="true" signature="setup(java.lang.String)[pri:0, instance:com.servicepoints.testCases.TC19_VerifyAcceptDispute@180e6ac4]" started-at="2023-04-18T17:30:27 IST" name="setup" finished-at="2023-04-18T17:30:33 IST" duration-ms="5540" status="PASS">
          <params>
            <param index="0">
              <value>
                <![CDATA[chrome]]>
              </value>
            </param>
          </params>
          <reporter-output>
          </reporter-output>
        </test-method> <!-- setup -->
        <test-method signature="verifyAcceptDispute()[pri:0, instance:com.servicepoints.testCases.TC19_VerifyAcceptDispute@180e6ac4]" started-at="2023-04-18T17:30:33 IST" name="verifyAcceptDispute" finished-at="2023-04-18T17:30:56 IST" duration-ms="22813" status="PASS">
          <reporter-output>
          </reporter-output>
        </test-method> <!-- verifyAcceptDispute -->
        <test-method is-config="true" signature="tearDown()[pri:0, instance:com.servicepoints.testCases.TC19_VerifyAcceptDispute@180e6ac4]" started-at="2023-04-18T17:30:56 IST" name="tearDown" finished-at="2023-04-18T17:30:56 IST" duration-ms="75" status="PASS">
          <reporter-output>
          </reporter-output>
        </test-method> <!-- tearDown -->
      </class> <!-- com.servicepoints.testCases.TC19_VerifyAcceptDispute -->
      <class name="com.servicepoints.testCases.TC18_VerifyOpenDisputFunction">
        <test-method is-config="true" signature="setup(java.lang.String)[pri:0, instance:com.servicepoints.testCases.TC18_VerifyOpenDisputFunction@569bf9eb]" started-at="2023-04-18T17:29:59 IST" name="setup" finished-at="2023-04-18T17:30:06 IST" duration-ms="7080" status="PASS">
          <params>
            <param index="0">
              <value>
                <![CDATA[chrome]]>
              </value>
            </param>
          </params>
          <reporter-output>
          </reporter-output>
        </test-method> <!-- setup -->
        <test-method signature="verifyOpenDispute()[pri:0, instance:com.servicepoints.testCases.TC18_VerifyOpenDisputFunction@569bf9eb]" started-at="2023-04-18T17:30:06 IST" name="verifyOpenDispute" finished-at="2023-04-18T17:30:27 IST" duration-ms="21015" status="PASS">
          <reporter-output>
          </reporter-output>
        </test-method> <!-- verifyOpenDispute -->
        <test-method is-config="true" signature="tearDown()[pri:0, instance:com.servicepoints.testCases.TC18_VerifyOpenDisputFunction@569bf9eb]" started-at="2023-04-18T17:30:27 IST" name="tearDown" finished-at="2023-04-18T17:30:27 IST" duration-ms="73" status="PASS">
          <reporter-output>
          </reporter-output>
        </test-method> <!-- tearDown -->
      </class> <!-- com.servicepoints.testCases.TC18_VerifyOpenDisputFunction -->
    </test> <!-- Testng -->
  </suite> <!-- Suite -->
</testng-results>
