<?xml version="1.0" encoding="UTF-8"?>
<testng-results ignored="0" total="1" passed="1" failed="0" skipped="0">
  <reporter-output>
  </reporter-output>
  <suite started-at="2023-04-11T16:56:56 IST" name="Suite" finished-at="2023-04-11T16:57:40 IST" duration-ms="43938">
    <groups>
    </groups>
    <test started-at="2023-04-11T16:56:56 IST" name="Testng" finished-at="2023-04-11T16:57:40 IST" duration-ms="43938">
      <class name="com.servicepoints.testCases.TC13_VerifyAddAgentSupportTest">
        <test-method is-config="true" signature="setup(java.lang.String)[pri:0, instance:com.servicepoints.testCases.TC13_VerifyAddAgentSupportTest@3faf2e7d]" started-at="2023-04-11T16:56:56 IST" name="setup" finished-at="2023-04-11T16:57:03 IST" duration-ms="6864" status="PASS">
          <params>
            <param index="0">
              <value>
                <![CDATA[chrome]]>
              </value>
            </param>
          </params>
          <reporter-output>
          </reporter-output>
        </test-method> <!-- setup -->
        <test-method signature="verifyAddAgentSupport()[pri:0, instance:com.servicepoints.testCases.TC13_VerifyAddAgentSupportTest@3faf2e7d]" started-at="2023-04-11T16:57:03 IST" name="verifyAddAgentSupport" finished-at="2023-04-11T16:57:40 IST" duration-ms="36867" status="PASS">
          <reporter-output>
          </reporter-output>
        </test-method> <!-- verifyAddAgentSupport -->
        <test-method is-config="true" signature="tearDown()[pri:0, instance:com.servicepoints.testCases.TC13_VerifyAddAgentSupportTest@3faf2e7d]" started-at="2023-04-11T16:57:40 IST" name="tearDown" finished-at="2023-04-11T16:57:40 IST" duration-ms="80" status="PASS">
          <reporter-output>
          </reporter-output>
        </test-method> <!-- tearDown -->
      </class> <!-- com.servicepoints.testCases.TC13_VerifyAddAgentSupportTest -->
    </test> <!-- Testng -->
  </suite> <!-- Suite -->
</testng-results>
