<?xml version="1.0" encoding="UTF-8"?>
<testng-results ignored="0" total="7" passed="7" failed="0" skipped="0">
  <reporter-output>
  </reporter-output>
  <suite started-at="2023-06-02T16:59:26 IST" name="Suite" finished-at="2023-06-02T17:04:23 IST" duration-ms="297615">
    <groups>
    </groups>
    <test started-at="2023-06-02T16:59:26 IST" name="Test" finished-at="2023-06-02T17:04:23 IST" duration-ms="297615">
      <class name="com.servicepoints.testCases.TC53_VerifyRaiseDisputeAfterClientStopsFulfillment">
        <test-method is-config="true" signature="setup(java.lang.String)[pri:0, instance:com.servicepoints.testCases.TC53_VerifyRaiseDisputeAfterClientStopsFulfillment@4648ce9]" started-at="2023-06-02T16:59:26 IST" name="setup" finished-at="2023-06-02T16:59:32 IST" duration-ms="6240" status="PASS">
          <params>
            <param index="0">
              <value>
                <![CDATA[chrome]]>
              </value>
            </param>
          </params>
          <reporter-output>
          </reporter-output>
        </test-method> <!-- setup -->
        <test-method signature="submitAndAcceptQuotation()[pri:1, instance:com.servicepoints.testCases.TC53_VerifyRaiseDisputeAfterClientStopsFulfillment@4648ce9]" started-at="2023-06-02T16:59:32 IST" name="submitAndAcceptQuotation" finished-at="2023-06-02T17:00:39 IST" duration-ms="66853" status="PASS">
          <reporter-output>
          </reporter-output>
        </test-method> <!-- submitAndAcceptQuotation -->
        <test-method signature="verifyOpenDispute()[pri:2, instance:com.servicepoints.testCases.TC53_VerifyRaiseDisputeAfterClientStopsFulfillment@4648ce9]" started-at="2023-06-02T17:00:39 IST" name="verifyOpenDispute" finished-at="2023-06-02T17:01:15 IST" duration-ms="36160" status="PASS">
          <reporter-output>
          </reporter-output>
        </test-method> <!-- verifyOpenDispute -->
        <test-method signature="verifyStopFulfillment()[pri:3, instance:com.servicepoints.testCases.TC53_VerifyRaiseDisputeAfterClientStopsFulfillment@4648ce9]" started-at="2023-06-02T17:01:15 IST" name="verifyStopFulfillment" finished-at="2023-06-02T17:02:01 IST" duration-ms="46116" status="PASS">
          <reporter-output>
          </reporter-output>
        </test-method> <!-- verifyStopFulfillment -->
        <test-method signature="verifyDisputeOnSupplierSide()[pri:4, instance:com.servicepoints.testCases.TC53_VerifyRaiseDisputeAfterClientStopsFulfillment@4648ce9]" started-at="2023-06-02T17:02:01 IST" name="verifyDisputeOnSupplierSide" finished-at="2023-06-02T17:02:22 IST" duration-ms="20589" status="PASS">
          <reporter-output>
          </reporter-output>
        </test-method> <!-- verifyDisputeOnSupplierSide -->
        <test-method signature="verifyDisputeOnSupportSide()[pri:5, instance:com.servicepoints.testCases.TC53_VerifyRaiseDisputeAfterClientStopsFulfillment@4648ce9]" started-at="2023-06-02T17:02:22 IST" name="verifyDisputeOnSupportSide" finished-at="2023-06-02T17:02:56 IST" duration-ms="33897" status="PASS">
          <reporter-output>
          </reporter-output>
        </test-method> <!-- verifyDisputeOnSupportSide -->
        <test-method signature="verifyShowDisputeFromTeamleaderSide()[pri:6, instance:com.servicepoints.testCases.TC53_VerifyRaiseDisputeAfterClientStopsFulfillment@4648ce9]" started-at="2023-06-02T17:02:56 IST" name="verifyShowDisputeFromTeamleaderSide" finished-at="2023-06-02T17:03:28 IST" duration-ms="32207" status="PASS">
          <reporter-output>
          </reporter-output>
        </test-method> <!-- verifyShowDisputeFromTeamleaderSide -->
        <test-method signature="verifyStartFulfillment()[pri:7, instance:com.servicepoints.testCases.TC53_VerifyRaiseDisputeAfterClientStopsFulfillment@4648ce9]" started-at="2023-06-02T17:03:28 IST" name="verifyStartFulfillment" finished-at="2023-06-02T17:04:23 IST" duration-ms="55315" status="PASS">
          <reporter-output>
          </reporter-output>
        </test-method> <!-- verifyStartFulfillment -->
        <test-method is-config="true" signature="tearDown()[pri:0, instance:com.servicepoints.testCases.TC53_VerifyRaiseDisputeAfterClientStopsFulfillment@4648ce9]" started-at="2023-06-02T17:04:23 IST" name="tearDown" finished-at="2023-06-02T17:04:23 IST" duration-ms="156" status="PASS">
          <reporter-output>
          </reporter-output>
        </test-method> <!-- tearDown -->
      </class> <!-- com.servicepoints.testCases.TC53_VerifyRaiseDisputeAfterClientStopsFulfillment -->
    </test> <!-- Test -->
  </suite> <!-- Suite -->
</testng-results>
